ERP019800 start at 2017-12-01 21:08:26
ERP019800 calling VRs at 2017-12-01 22:01:31
ERP019800 end at 2017-12-01 22:01:33
SRA050230 start at 2017-12-01 22:01:33
SRA050230 calling VRs at 2017-12-02 00:21:01
SRA050230 end at 2017-12-02 00:22:17
HMP_stool_assembly start at 2017-12-02 00:22:17
HMP_stool_assembly calling VRs at 2017-12-02 00:22:24
HMP_stool_assembly end at 2017-12-02 00:22:24
SRP115494_gut start at 2017-12-02 00:22:24
SRP115494_gut calling VRs at 2017-12-02 08:26:40
SRP115494_gut end at 2017-12-02 08:29:10
HMP_stool_assembly start at 2017-12-02 08:53:16
HMP_stool_assembly calling VRs at 2017-12-02 12:12:38
HMP_stool_assembly end at 2017-12-02 12:19:24
gi126 start at 2017-12-03 13:10:38
gi126 calling VRs at 2017-12-03 13:10:55
gi126 end at 2017-12-03 13:10:57
hv29 start at 2017-12-03 13:10:57
hv29 calling VRs at 2017-12-03 13:11:14
hv29 end at 2017-12-03 13:11:22
nmicrobiol201745 start at 2017-12-03 13:13:06
nmicrobiol201745 calling VRs at 2017-12-03 13:20:45
nmicrobiol201745 end at 2017-12-03 13:30:44
HMASM_DGRscan start at 2017-12-03 13:33:43
HMASM_DGRscan calling VRs at 2017-12-03 13:34:42
HMASM_DGRscan end at 2017-12-03 13:35:31
