#gene_fusion	normal_sample	tumor_sample	fusion_pos_number
TULP4|RP11-732M18.4	2	59	2
ZRANB1|RP11-298J20.4	0	32	1
HNRNPR|MLLT10	1	26	1
AC024704.2|LOC101060091	0	14	1
RMST_9|RMST	2	13	2
CTD-2583A14.10|ZNF552	0	11	1
LOC100507557|SHPRH	1	9	3
RP4-564M11.2|ST6GALNAC5	1	8	5
CAP1|ROBO2	0	6	1
SAR1A|CALM2	0	5	2
CCDC32|CBX3	0	5	2
ZNF818P|CTD-2245F17.3	1	4	1
COMMD10|CTC-339F2.2	0	4	2
CHST5|TMEM231	0	4	1
PKD2L2|FAM13B	0	3	1
NACA|NACAP1	0	3	1
KLRB1|LOC374443	0	3	1
H3F3B|H3F3C	0	3	1
CTD-2192J16.17|ZNF564	1	3	2
ANKAR|OSGEPL1	0	3	1
RPL19|CATIP-AS2	0	2	2
LOC101929140|CALM2	0	2	1
FAM90A1|FAM86FP	0	2	2
AKR1E2|AKR1C6P	0	2	1
ZYG11B|RPS13	0	1	1
ZNF577|ZNF649-AS1	0	1	1
WASL|XKR4	0	1	1
TUT1|RAB11FIP3	0	1	1
TMEM189-UBE2V1|CSNK2A1	0	1	1
THOC2|STAG2	0	1	2
TAX1BP1|JAZF1	0	1	1
SUZ12P1|CRLF3	0	1	1
STAG3L4|LRP2	0	1	1
ST7|TFEC	0	1	2
ST7|CAPZA2	1	1	3
ST14|APLP2	0	1	1
SSH2|RP5-1028K7.2	0	1	2
SNORD14C|RPPH1	0	1	1
SMARCC1|MAP4	0	1	1
SLK|NEURL1	0	1	1
SLC35B3|TNR	0	1	1
SLC12A2|FBN2	0	1	1
SH3YL1|ALKAL2	0	1	1
SEMA4B|SPINT1	0	1	1
SCAMP4|DNMT1	0	1	1
SAMD8|MICU1	0	1	1
SAMD12|SAMD12-AS1	0	1	1
SAFB|LOC101928844	0	1	1
RWDD4|SRPK2	0	1	1
RUNX1|BACE2	0	1	1
RRN3P2|ANK2	0	1	1
RPS24|GPC3	0	1	1
RPS21|TAPT1-AS1	0	1	1
RPS14|MINOS1-NBL1	1	1	1
RPLP0P2|RPLP0	0	1	1
RP11-588H23.3|PTPRB	0	1	1
RP11-47A8.5|TRIM8	0	1	1
RP11-159L20.2|RPL27	0	1	1
RP11-1096G20.5|ZNF18	0	1	1
ROR1|CFL1	0	1	1
REV3L|FYN	0	1	1
RAB30|CSMD3	0	1	1
PVT1|WASHC5	0	1	3
PVT1|PDSS2	0	1	1
PVT1|PCAT1	0	1	3
PVT1|LINC00974	0	1	4
PVT1|CD24	0	1	1
PVT1|CASC21	0	1	8
PTPRJ|EXT2	0	1	1
PTPRF|PTPRN2	0	1	2
PTPN12|CCDC146	0	1	1
PRRC2C|CHRM3	0	1	1
PKP4|NT5DC4	0	1	2
PGAP3|ERBB2	0	1	1
PDS5A|FAH	0	1	1
PCBP1-AS1|MRPL36	0	1	1
PCBD2|MT-ND4	0	1	1
PABPC1|YWHAZ	0	1	1
PABPC1|RLIM	0	1	1
OS9|PIP4K2C	0	1	1
NSD1|ZNF346	0	1	1
NR6A1|SCAI	0	1	1
NPLOC4|NOTUM	0	1	1
NOL9|KCNJ15	0	1	1
NIT2|CMSS1	0	1	1
NAXD|COL4A2	0	1	2
NACA2|NACA	0	1	1
MYO7B|NSRP1	0	1	1
MYO6|BMP6	0	1	1
MT-TF|RNR1	0	1	1
MLXIP|TMEM120B	0	1	1
MFHAS1|PPP1R3B	0	1	1
MARK4|ZC3H4	0	1	3
MARK2|TMEM245	0	1	1
MAP4K5|TRIM9	0	1	1
MACC1|LOC101927811	0	1	2
LRRC28|HSP90B1	0	1	1
LRP5|CES4A	0	1	1
LPAR1|PTBP3	0	1	1
LOC107984974|CPD	0	1	1
LOC107133515|SEMA4C	0	1	2
LOC107133515|JUP	0	1	2
LOC107133515|CPD	0	1	1
LOC105371730|ORMDL3	0	1	2
LINC02532|CASC21	0	1	1
LINC00529|HOOK3	0	1	2
LDHA|DNAH6	0	1	1
KLRG1|LINC00612	0	1	1
KCNE1B|SON	0	1	1
JUP|SEMA4C	0	1	1
JUP|LYZ	0	1	1
IWS1|SSH2	0	1	1
ITCH|RALY	0	1	2
IPO7|SPATA13	0	1	1
HNRNPLL|CD79A	0	1	1
HNRNPC|RPGRIP1	0	1	1
HNF4A|JUP	0	1	1
HIST2H2AC|HIST2H2AB	0	1	2
HID1|SLC16A5	0	1	1
HEATR5B|CEBPZOS	0	1	1
GTF3C6|NUP62CL	0	1	1
GRB7|SEMA4C	0	1	5
GOLGA3|RPS11	0	1	1
GMDS|LUC7L	0	1	1
GMDS|CLSPN	0	1	1
GLO1|DNAH8	0	1	1
GADD45GIP1|CYSTM1	0	1	1
FZD6|ATP6V1C1	0	1	1
FUCA1|LOC100506985	0	1	1
FMNL3|CLEC16A	0	1	1
FLNB|SLMAP	0	1	3
FDPS|NUP210L	0	1	1
FBXO28|CAPN2	0	1	1
FBXL20|GSDMB	0	1	1
FBN2|SLC12A2	0	1	1
EZR|STAC2	0	1	1
EZR|RSPH3	0	1	1
ERBB2|ANKRD39	0	1	3
ELL|UPF1	0	1	1
EIF4B|LHFPL3	0	1	1
EFNA3|S100A10	0	1	1
DPY19L3|PEPD	0	1	1
DNMT1|QRICH2	0	1	1
DNAH12|SLMAP	0	1	1
DCAKD|FMNL1	0	1	1
DAG1|FZR1	0	1	1
CSNK2A1|GALNT18	0	1	1
CREBBP|HDAC9	0	1	1
CREBBP|GRIK5	0	1	1
CPD|MYO7B	0	1	2
CPD|LOC107133515	0	1	5
CPD|JUP	0	1	2
COG8|TERF2	0	1	1
CKAP2L|CCDC148	0	1	1
CDR2L|TAF6	0	1	2
CDK5RAP3|RP11-6N17.9	0	1	1
CDC6|HNF1B	0	1	1
CCNJL|UQCRB	0	1	1
CBLC|IGSF23	0	1	1
CASC8|PVT1	0	1	1
CASC21|LINC02532	0	1	1
CASC1|MSRA	0	1	1
C1orf21|HMCN1	0	1	1
C10orf76|EIF3A	0	1	2
BUB1B|RP11-325N19.3	0	1	3
BMP2K|PAQR3	0	1	1
BBS1|PACS1	0	1	1
ASPH|RP11-705O24.1	0	1	1
ARHGAP26|CTC-458G6.4	0	1	1
APP|ZBTB21	0	1	1
ANP32C|ANP32A	0	1	1
ANKRD39|SEMA4C	0	1	1
ANKRD39|PGAP3	0	1	1
ANKRD12|AGR2	0	1	5
ANKMY1|RNPEPL1	0	1	3
AKR1E2|AKR1C2	0	1	1
AKAP3|RAB5A	0	1	1
ADNP-AS1|DPM1	0	1	1
ABHD6|FLNB	0	1	1
CHMP5|SLC9A7	1	0	1
