AC024704.2	ENSG00000244063.1	chr2	113829390	113831119	-
AKR1C6P	ENSG00000151631.8	chr10	4871901	4891975	-
AKR1E2	ENSG00000165568.17	chr10	4786629	4848062	+
ANKAR	ENSG00000151687.14	chr2	189674290	189761193	+
CALM2	ENSG00000143933.16	chr2	47160082	47176601	-
CAP1	ENSG00000131236.16	chr1	40040233	40072649	+
CATIP-AS2	ENSG00000237281.1	chr2	218326889	218357966	-
CBX3	ENSG00000122565.18	chr7	26201162	26213356	+
CHST5	ENSG00000135702.14	chr16	75528535	75535247	-
COMMD10	ENSG00000145781.8	chr5	116084991	116412762	+
CTC-339F2.2	ENSG00000250015.1	chr5	116302354	116304134	-
CTD-2583A14.10	ENSG00000268750.6	chr19	57819719	57858941	+
FAM13B	ENSG00000031003.10	chr5	137937960	138051961	-
FAM86FP	ENSG00000164845.16	chr12	8232512	8242948	-
FAM90A1	ENSG00000171847.10	chr12	8221260	8227618	-
H3F3B	ENSG00000132475.10	chr17	75776434	75785893	-
H3F3C	ENSG00000188375.4	chr12	31791185	31792241	-
KLRB1	ENSG00000111796.3	chr12	9594551	9607886	-
NACA	ENSG00000196531.10	chr12	56712428	56731628	-
NACAP1	ENSG00000228224.3	chr8	101361794	101372707	+
OSGEPL1	ENSG00000128694.11	chr2	189746660	189763227	-
PKD2L2	ENSG00000078795.16	chr5	137887968	137942747	+
ROBO2	ENSG00000185008.17	chr3	75906695	77649964	+
RP11-298J20.4	ENSG00000249456.1	chr10	124917143	124942881	+
RPL19	ENSG00000108298.9	chr17	39200283	39204727	+
SAR1A	ENSG00000079332.14	chr10	70147289	70170523	-
TMEM231	ENSG00000205084.10	chr16	75536744	75556286	-
ZNF552	ENSG00000178935.5	chr19	57803841	57814913	-
ZRANB1	ENSG00000019995.6	chr10	124942123	124988189	+
CCDC32	ENSG00000128891		chr15	40528683	40565057	-
LOC101060091		*	chr2	113831183	113890992	-
LOC101929140		*	chr13	41132928	41236686	+
LOC374443		*	chr12	9617284		9658415		+
