#sample	gene1	chromosome	position	gene2	chromosome	position	spanning_reads	spanning_mate_reads	spanning_mate_reads_where_one_end_spans	fusion_type
WGC013040R	ERBB2	chr17	39688799	ANKRD39	chr2	96854332	11	103	14	ff
WGC013040R	ERBB2	chr17	39690808	ANKRD39	chr2	96852720	405	103	222	ff
WGC013040R	ERBB2	chr17	39690809	ANKRD39	chr2	96852722	5	103	2	ff
WGC013040R	GRB7	chr17	39746165	SEMA4C	chr2	96860215	1	31	1	ff
WGC013040R	GRB7	chr17	39746168	SEMA4C	chr2	96860341	12	31	3	ff
WGC013040R	GRB7	chr17	39746168	SEMA4C	chr2	96861578	3	31	1	ff
WGC013040R	GRB7	chr17	39746201	SEMA4C	chr2	96860204	67	31	41	ff
WGC013040R	GRB7	chr17	39746201	SEMA4C	chr2	96861048	19	31	10	ff
WGC013040R	GRB7	chr17	39746201	SEMA4C	chr2	96864856	9	31	5	ff
WGC013040R	GRB7	chr17	39746201	SEMA4C	chr2	96864970	2	31	2	ff
WGC013040R	GRB7	chr17	39746299	SEMA4C	chr2	96864856	1	31	1	ff
WGC013078R	TULP4	chr6	158313960	RP11-732M18.4	chr6	158312428	2	92	0	ff
WGC013052R	TULP4	chr6	158314265	RP11-732M18.4	chr6	158312048	24	162	4	ff
WGC013062R	TULP4	chr6	158314265	RP11-732M18.4	chr6	158312048	35	163	15	ff
WGC013084R	TULP4	chr6	158314265	RP11-732M18.4	chr6	158312048	14	47	6	ff
WGC013114R	TULP4	chr6	158314265	RP11-732M18.4	chr6	158312048	31	125	5	ff
WGC013116R	TULP4	chr6	158314265	RP11-732M18.4	chr6	158312048	17	51	2	ff
WGC013164R	TULP4	chr6	158314265	RP11-732M18.4	chr6	158312048	19	111	6	ff
WGC013200R	TULP4	chr6	158314265	RP11-732M18.4	chr6	158312048	14	98	5	ff
WGC017519R	TULP4	chr6	158314265	RP11-732M18.4	chr6	158312048	25	118	3	ff
WGC013032R	TULP4	chr6	158314267	RP11-732M18.4	chr6	158312050	1	33	0	ff
WGC013040R	TULP4	chr6	158314267	RP11-732M18.4	chr6	158312050	21	218	3	ff
WGC013042R	TULP4	chr6	158314267	RP11-732M18.4	chr6	158312050	23	193	7	ff
WGC013048R	TULP4	chr6	158314267	RP11-732M18.4	chr6	158312050	8	180	1	ff
WGC013054R	TULP4	chr6	158314267	RP11-732M18.4	chr6	158312050	24	219	2	ff
WGC013055R	TULP4	chr6	158314267	RP11-732M18.4	chr6	158312050	17	180	4	ff
WGC013068R	TULP4	chr6	158314267	RP11-732M18.4	chr6	158312050	38	167	7	ff
WGC013070R	TULP4	chr6	158314267	RP11-732M18.4	chr6	158312050	5	139	4	ff
WGC013072R	TULP4	chr6	158314267	RP11-732M18.4	chr6	158312050	35	231	5	ff
WGC013074R	TULP4	chr6	158314267	RP11-732M18.4	chr6	158312050	28	163	4	ff
WGC013076R	TULP4	chr6	158314267	RP11-732M18.4	chr6	158312050	20	168	3	ff
WGC013080R	TULP4	chr6	158314267	RP11-732M18.4	chr6	158312050	6	108	1	ff
WGC013082R	TULP4	chr6	158314267	RP11-732M18.4	chr6	158312050	12	197	4	ff
WGC013096R	TULP4	chr6	158314267	RP11-732M18.4	chr6	158312050	49	259	14	ff
WGC013098R	TULP4	chr6	158314267	RP11-732M18.4	chr6	158312050	11	131	2	ff
WGC013100R	TULP4	chr6	158314267	RP11-732M18.4	chr6	158312050	17	87	1	ff
WGC013102R	TULP4	chr6	158314267	RP11-732M18.4	chr6	158312050	17	223	1	ff
WGC013110R	TULP4	chr6	158314267	RP11-732M18.4	chr6	158312050	10	121	2	ff
WGC013122R	TULP4	chr6	158314267	RP11-732M18.4	chr6	158312050	10	127	2	ff
WGC013124R	TULP4	chr6	158314267	RP11-732M18.4	chr6	158312050	60	310	16	ff
WGC013126R	TULP4	chr6	158314267	RP11-732M18.4	chr6	158312050	19	189	3	ff
WGC013130R	TULP4	chr6	158314267	RP11-732M18.4	chr6	158312050	20	46	2	ff
WGC013132R	TULP4	chr6	158314267	RP11-732M18.4	chr6	158312050	22	74	4	ff
WGC013134R	TULP4	chr6	158314267	RP11-732M18.4	chr6	158312050	37	235	3	ff
WGC013136R	TULP4	chr6	158314267	RP11-732M18.4	chr6	158312050	61	211	12	ff
WGC013140R	TULP4	chr6	158314267	RP11-732M18.4	chr6	158312050	24	181	4	ff
WGC013146R	TULP4	chr6	158314267	RP11-732M18.4	chr6	158312050	28	133	8	ff
WGC013148R	TULP4	chr6	158314267	RP11-732M18.4	chr6	158312050	82	532	18	ff
WGC013152R	TULP4	chr6	158314267	RP11-732M18.4	chr6	158312050	14	172	0	ff
WGC013162R	TULP4	chr6	158314267	RP11-732M18.4	chr6	158312050	25	126	8	ff
WGC013178R	TULP4	chr6	158314267	RP11-732M18.4	chr6	158312050	11	58	2	ff
WGC013180R	TULP4	chr6	158314267	RP11-732M18.4	chr6	158312050	14	153	7	ff
WGC013184R	TULP4	chr6	158314267	RP11-732M18.4	chr6	158312050	27	187	4	ff
WGC013186R	TULP4	chr6	158314267	RP11-732M18.4	chr6	158312050	50	229	3	ff
WGC013190R	TULP4	chr6	158314267	RP11-732M18.4	chr6	158312050	39	328	10	ff
WGC013192R	TULP4	chr6	158314267	RP11-732M18.4	chr6	158312050	41	56	6	ff
WGC013204R	TULP4	chr6	158314267	RP11-732M18.4	chr6	158312050	20	124	6	ff
WGC017518R	TULP4	chr6	158314267	RP11-732M18.4	chr6	158312050	59	104	14	ff
WGC013197R	PABPC1	chr8	100717772	YWHAZ	chr8	100920751	114	9	25	rr
WGC013186R	DAG1	chr3	49510818	FZR1	chr19	3534420	73	3	67	ff
WGC013086R	EZR	chr6	158769924	RSPH3	chr6	158990385	61	7	13	rr
WGC013100R	RSPH3	chr6	159000070	RP1-111C20.4	chr6	159000762	1	12	0	rr
WGC013040R	MYO7B	chr2	127612602	NSRP1	chr17	30172541	407	37	211	ff
WGC013040R	CPD	chr17	30379725	MYO7B	chr2	127596461	255	59	156	ff
WGC013040R	CPD	chr17	30379725	MYO7B	chr2	127605843	692	78	305	ff
WGC013102R	TMEM189-UBE2V1	chr20	50096671	CSNK2A1	chr20	508659	28	2	11	rr
WGC013055R	IGFBP7	chr4	57032465	IGFBP7-AS1	chr4	57110002	1	40	1	rr
WGC013114R	IGFBP7	chr4	57033213	IGFBP7-AS1	chr4	57109931	2	19	0	rr
WGC013100R	IGFBP7	chr4	57040856	IGFBP7-AS1	chr4	57110110	1	35	0	rr
WGC013136R	IGFBP7	chr4	57040861	IGFBP7-AS1	chr4	57109911	2	51	0	rr
WGC013040R	LOC107133515	chr17	30600185	SEMA4C	chr2	96861736	34	27	35	ff
WGC013040R	LOC107133515	chr17	30600188	SEMA4C	chr2	96861736	2	27	0	ff
WGC013040R	LOC107133515	chr17	30601070	SEMA4C	chr2	96861643	157	27	86	ff
WGC013040R	CPD	chr17	30385221	LOC107133515	chr17	30589284	53	214	22	fr
WGC013040R	CPD	chr17	30385235	LOC107133515	chr17	30589284	1591	214	1651	fr
WGC013040R	CPD	chr17	30385235	LOC107133515	chr17	30592045	7	215	35	fr
WGC013040R	CPD	chr17	30385235	LOC107133515	chr17	30602238	3	65	1	fr
WGC013040R	CPD	chr17	30386851	LOC107133515	chr17	30602499	2	65	0	fr
WGC013040R	CPD	chr17	30386851	LOC107984974	chr17	31010423	2	29	0	fr
WGC013040R	CPD	chr17	30388026	LOC107984974	chr17	31010646	1	29	0	fr
WGC013070R	FBN2	chr5	128300816	SLC12A2	chr5	128131066	49	14	24	rf
WGC013114R	KRT4	chr12	52807107	KRT13	chr17	41501173	1	6	1	fr
WGC013114R	KRT4	chr12	52811880	KRT13	chr17	41505171	1	6	0	fr
WGC013114R	KRT4	chr12	52811902	KRT13	chr17	41505314	1	6	2	fr
WGC013114R	KRT4	chr12	52811908	KRT13	chr17	41505494	1	6	1	fr
WGC013114R	KRT4	chr12	52811931	KRT13	chr17	41505117	1	6	1	fr
WGC013114R	KRT4	chr12	52811960	KRT13	chr17	41505410	1	6	1	fr
WGC013040R	LOC107133515	chr17	30604669	JUP	chr17	41755336	80	477	175	ff
WGC013040R	LOC107133515	chr17	30605424	JUP	chr17	41755017	1737	477	2686	ff
WGC013040R	ANKRD39	chr2	96853400	PGAP3	chr17	39686018	381	103	267	rr
WGC013062R	RMST_9	chr12	97561044	RMST	chr12	97492458	8	2	2	ff
WGC013068R	RMST_9	chr12	97561044	RMST	chr12	97492458	22	3	7	ff
WGC013096R	RMST_9	chr12	97561044	RMST	chr12	97492458	88	2	30	ff
WGC013110R	RMST_9	chr12	97561044	RMST	chr12	97492458	27	5	10	ff
WGC013114R	RMST_9	chr12	97561044	RMST	chr12	97492458	19	3	7	ff
WGC013116R	RMST_9	chr12	97561044	RMST	chr12	97492458	27	2	8	ff
WGC013132R	RMST_9	chr12	97561044	RMST	chr12	97492458	14	2	3	ff
WGC013134R	RMST_9	chr12	97561044	RMST	chr12	97492458	48	3	15	ff
WGC013146R	RMST_9	chr12	97561044	RMST	chr12	97492458	28	2	9	ff
WGC013182R	RMST_9	chr12	97561044	RMST	chr12	97492458	12	2	5	ff
WGC013192R	RMST_9	chr12	97561044	RMST	chr12	97492458	18	2	8	ff
WGC013200R	RMST_9	chr12	97561044	RMST	chr12	97492458	38	7	6	ff
WGC017518R	RMST_9	chr12	97561044	RMST	chr12	97492458	35	3	13	ff
WGC017519R	RMST_9	chr12	97561044	RMST	chr12	97492458	50	2	12	ff
WGC013042R	RMST_9	chr12	97561046	RMST	chr12	97492460	35	4	11	ff
WGC013106R	SAMD8	chr10	75168657	MICU1	chr10	72477255	41	4	30	fr
WGC013106R	SAMD8	chr10	75168657	MICU1	chr10	72477638	1	4	1	fr
WGC013106R	SAMD8	chr10	75168692	MICU1	chr10	72477255	2	4	0	fr
WGC013076R	RDH10	chr8	73297333	RDH10-AS1	chr8	73321070	2	13	0	rr
WGC013124R	RDH10	chr8	73297359	RDH10-AS1	chr8	73322748	2	8	0	rr
WGC013040R	PVT1	chr8	127794733	PCAT1	chr8	126865427	37	9	20	ff
WGC013040R	PVT1	chr8	127794733	PCAT1	chr8	126877671	180	17	27	ff
WGC013040R	PVT1	chr8	127794733	PCAT1	chr8	127006554	7	5	2	ff
WGC013076R	PVT1	chr8	127794733	CASC21	chr8	127270293	9	4	1	ff
WGC013076R	PVT1	chr8	127794733	CASC21	chr8	127292808	1	4	0	ff
WGC013076R	PVT1	chr8	127794733	CASC21	chr8	127292811	32	4	7	ff
WGC013076R	PVT1	chr8	127794733	CASC21	chr8	127301358	13	4	0	ff
WGC013076R	PVT1	chr8	127794733	CASC21	chr8	127339279	558	35	56	ff
WGC013076R	PVT1	chr8	127796005	CASC21	chr8	127270291	2	4	1	ff
WGC013040R	PVT1	chr8	127796007	PCAT1	chr8	126865427	2	9	0	ff
WGC013076R	PVT1	chr8	127796007	CASC21	chr8	127292811	5	4	0	ff
WGC013076R	PVT1	chr8	127796007	CASC21	chr8	127301358	1	4	0	ff
WGC013076R	PVT1	chr8	127796008	CASC21	chr8	127339280	24	35	2	ff
WGC013076R	PVT1	chr8	127796069	CASC21	chr8	127270292	3	4	0	ff
WGC013040R	PVT1	chr8	127796070	PCAT1	chr8	126865427	2	9	0	ff
WGC013040R	PVT1	chr8	127796070	PCAT1	chr8	126877671	2	17	2	ff
WGC013076R	PVT1	chr8	127796070	CASC21	chr8	127292811	2	4	1	ff
WGC013076R	PVT1	chr8	127796070	CASC21	chr8	127301358	2	4	0	ff
WGC013076R	PVT1	chr8	127796071	CASC21	chr8	127339280	27	35	5	ff
WGC013040R	PVT1	chr8	127855318	PCAT1	chr8	126865427	2	4	1	ff
WGC013040R	CPD	chr17	30385235	JUP	chr17	41771858	28	150	21	fr
WGC013040R	CPD	chr17	30385235	JUP	chr17	41771861	868	150	758	fr
WGC013152R	ITCH	chr20	34369469	RALY	chr20	34031521	202	9	2	ff
WGC013152R	ITCH	chr20	34369469	RALY	chr20	34072065	9	2	3	ff
WGC013186R	PDS5A	chr4	39976439	FAH	chr15	80158059	94	7	50	rf
WGC017518R	PGC	chr6	41736752	PGA3	chr11	61204217	2	35	0	rf
WGC017519R	PGC	chr6	41736767	PGA3	chr11	61212801	1	10	0	rf
WGC017519R	PGC	chr6	41736767	PGA4	chr11	61231630	1	8	0	rf
WGC017518R	PGC	chr6	41742289	PGA3	chr11	61209841	1	38	0	rf
WGC017518R	PGC	chr6	41742289	PGA4	chr11	61228670	1	37	0	rf
WGC013040R	JUP	chr17	41763460	SEMA4C	chr2	96867569	2	2	5	rf
WGC013040R	JUP	chr17	41764712	SEMA4C	chr2	96867769	8	2	7	rf
WGC017518R	PGC	chr6	41736719	LIPF	chr10	88678508	2	12	0	rf
WGC017518R	PGC	chr6	41736723	LIPF	chr10	88678704	1	11	0	rf
WGC017518R	PGC	chr6	41736767	LIPF	chr10	88678745	1	10	1	rf
WGC017518R	PGC	chr6	41742441	LIPF	chr10	88678468	1	12	0	rf
WGC017518R	LIPF	chr10	88667648	PGC	chr6	41742398	2	10	0	fr
WGC013084R	RNU4-2	chr12	120291774	DES	chr2	219426104	2	2	2	rf
WGC013072R	ANKMY1	chr2	240487835	RNPEPL1	chr2	240574801	24	4	7	rr
WGC013072R	ANKMY1	chr2	240497042	RNPEPL1	chr2	240574627	26	5	4	rr
WGC013072R	ANKMY1	chr2	240499957	RNPEPL1	chr2	240574578	6	3	1	rr
WGC013040R	JUP	chr17	41755344	LYZ	chr12	69353772	3	2	3	rf
WGC013054R	C10orf76	chr10	102003927	EIF3A	chr10	119056739	2	8	0	rf
WGC013054R	C10orf76	chr10	102003947	EIF3A	chr10	119056739	92	8	30	rf
WGC013054R	C10orf76	chr10	102005789	EIF3A	chr10	119056739	1	8	1	rf
WGC013054R	C10orf76	chr10	102013089	EIF3A	chr10	119056739	26	8	9	rf
WGC013128R	MT-TF	chrM	581	RNR1	chrM	760	1	12	0	rf
WGC013032R	MT-TF	chrM	617	RNR1	chrM	732	3	25	0	rf
WGC013200R	MT-TF	chrM	625	RNR1	chrM	666	1	33	0	rf
WGC017519R	RNR1	chrM	769	RNR2	chrM	2647	1	11	0	rf
WGC013200R	MT-TV	chrM	1608	RNR2	chrM	1680	1	35	1	rf
WGC013096R	RNR2	chrM	3134	MT-TL1	chrM	3297	2	5	0	rf
WGC013197R	RNR2	chrM	3156	MT-ND1	chrM	3357	1	32	1	rf
WGC013096R	RNR2	chrM	3183	MT-TL1	chrM	3238	2	5	0	rf
WGC013197R	RNR2	chrM	3183	MT-TL1	chrM	3238	1	32	1	rf
WGC013200R	RNR2	chrM	3183	MT-TL1	chrM	3238	2	43	0	rf
WGC013197R	RNR2	chrM	3223	MT-ND1	chrM	3312	1	32	0	rf
WGC013152R	ABHD6	chr3	58285452	FLNB	chr3	58081628	71	8	9	ff
WGC013070R	SLC12A2	chr5	128114680	FBN2	chr5	128319000	40	4	17	fr
WGC013062R	KLRB1	chr12	9606352	LOC374443	chr12	9617350	2	19	2	rr
WGC013082R	KLRB1	chr12	9606352	LOC374443	chr12	9617350	3	17	0	rr
WGC013136R	KLRB1	chr12	9606352	LOC374443	chr12	9617350	1	10	1	rr
WGC013146R	KLRB1	chr12	9606352	LOC374443	chr12	9617350	3	22	3	rr
WGC013162R	KLRB1	chr12	9606352	LOC374443	chr12	9617350	2	16	0	rr
WGC013184R	KLRB1	chr12	9606352	LOC374443	chr12	9617350	2	34	2	rr
WGC013200R	KLRB1	chr12	9606352	LOC374443	chr12	9617350	1	10	1	rr
WGC013204R	KLRB1	chr12	9606352	LOC374443	chr12	9617350	3	14	2	rr
WGC013136R	KLRB1	chr12	9607735	LOC374443	chr12	9617324	1	11	0	rr
WGC013040R	RUNX1	chr21	34991605	BACE2	chr21	41168574	8	2	7	rr
WGC013186R	GADD45GIP1	chr19	12954139	CYSTM1	chr5	140243304	6	2	7	rf
WGC013084R	GRB14	chr2	164573786	EIF3E	chr8	108229123	2	4	0	rf
WGC013070R	STARD7	chr2	96195388	STARD7-AS1	chr2	96208432	1	23	0	rr
WGC013086R	MFHAS1	chr8	8890060	PPP1R3B	chr8	9141675	14	3	3	rr
WGC013186R	MARK2	chr11	63867848	TMEM245	chr9	109050282	31	4	21	ff
WGC013096R	KPNA4	chr3	160515132	MT-ND4	chrM	10965	1	4	0	ff
WGC013192R	KPNA4	chr3	160515134	MT-ND5	chrM	14006	1	4	1	ff
WGC013084R	KPNA4	chr3	160515165	MT-ND4	chrM	11054	1	4	0	ff
WGC013136R	SUZ12P1	chr17	30792439	CRLF3	chr17	30804107	2	32	3	rr
WGC013182R	SUZ12P1	chr17	30792439	CRLF3	chr17	30804107	1	28	0	rr
WGC013116R	CDR2L	chr17	75002227	TAF6	chr7	100110190	12	3	10	ff
WGC013116R	CDR2L	chr17	75002231	TAF6	chr7	100110190	4	3	3	ff
WGC013122R	ACTG1	chr17	81510258	ACTB	chr7	5529249	2	8	0	rr
WGC013050R	ACTG1	chr17	81512231	ACTB	chr7	5529399	2	13	0	rr
WGC013192R	C1orf21	chr1	184554406	HMCN1	chr1	186103650	17	5	11	fr
WGC013148R	LPAR1	chr9	110972072	PTBP3	chr9	112297915	5	2	1	rr
WGC013068R	ANKAR	chr2	189728659	OSGEPL1	chr2	189755319	3	3	1	rr
WGC013128R	ANKAR	chr2	189728659	OSGEPL1	chr2	189755319	4	3	3	rr
WGC013200R	ANKAR	chr2	189728659	OSGEPL1	chr2	189755319	5	2	0	rr
WGC013080R	COL3A1	chr2	188999568	COL1A1	chr17	50196526	1	4	1	fr
WGC013052R	AKR1E2	chr10	4830674	AKR1C6P	chr10	4908419	4	2	3	rr
WGC013122R	AKR1E2	chr10	4830674	AKR1C6P	chr10	4908419	5	2	3	rr
WGC013048R	ZRANB1	chr10	124943306	RP11-298J20.4	chr10	124940373	5	213	0	ff
WGC013050R	ZRANB1	chr10	124943306	RP11-298J20.4	chr10	124940373	7	226	5	ff
WGC013055R	ZRANB1	chr10	124943306	RP11-298J20.4	chr10	124940373	4	108	2	ff
WGC013072R	ZRANB1	chr10	124943306	RP11-298J20.4	chr10	124940373	9	104	2	ff
WGC013096R	ZRANB1	chr10	124943306	RP11-298J20.4	chr10	124940373	4	136	7	ff
WGC013110R	ZRANB1	chr10	124943306	RP11-298J20.4	chr10	124940373	5	108	3	ff
WGC013114R	ZRANB1	chr10	124943306	RP11-298J20.4	chr10	124940373	5	95	3	ff
WGC013116R	ZRANB1	chr10	124943306	RP11-298J20.4	chr10	124940373	6	57	3	ff
WGC013122R	ZRANB1	chr10	124943306	RP11-298J20.4	chr10	124940373	7	96	2	ff
WGC013124R	ZRANB1	chr10	124943306	RP11-298J20.4	chr10	124940373	6	144	0	ff
WGC013128R	ZRANB1	chr10	124943306	RP11-298J20.4	chr10	124940373	4	93	3	ff
WGC013134R	ZRANB1	chr10	124943306	RP11-298J20.4	chr10	124940373	4	136	7	ff
WGC013136R	ZRANB1	chr10	124943306	RP11-298J20.4	chr10	124940373	15	133	7	ff
WGC013140R	ZRANB1	chr10	124943306	RP11-298J20.4	chr10	124940373	13	86	6	ff
WGC013146R	ZRANB1	chr10	124943306	RP11-298J20.4	chr10	124940373	7	115	5	ff
WGC013148R	ZRANB1	chr10	124943306	RP11-298J20.4	chr10	124940373	3	104	3	ff
WGC013180R	ZRANB1	chr10	124943306	RP11-298J20.4	chr10	124940373	3	93	1	ff
WGC013182R	ZRANB1	chr10	124943306	RP11-298J20.4	chr10	124940373	3	124	3	ff
WGC013186R	ZRANB1	chr10	124943306	RP11-298J20.4	chr10	124940373	3	124	1	ff
WGC013190R	ZRANB1	chr10	124943306	RP11-298J20.4	chr10	124940373	16	222	9	ff
WGC013192R	ZRANB1	chr10	124943306	RP11-298J20.4	chr10	124940373	4	33	3	ff
WGC013197R	ZRANB1	chr10	124943306	RP11-298J20.4	chr10	124940373	3	121	0	ff
WGC013200R	ZRANB1	chr10	124943306	RP11-298J20.4	chr10	124940373	6	43	3	ff
WGC013204R	ZRANB1	chr10	124943306	RP11-298J20.4	chr10	124940373	6	73	0	ff
WGC017519R	ZRANB1	chr10	124943306	RP11-298J20.4	chr10	124940355	1	31	1	ff
WGC017519R	ZRANB1	chr10	124943306	RP11-298J20.4	chr10	124940373	1	31	3	ff
WGC013076R	CASC8	chr8	127398892	PVT1	chr8	127794733	3	4	0	rr
WGC013040R	CCDC32	chr15	40561980	CBX3	chr7	26201744	9	3	10	rf
WGC013054R	CCDC32	chr15	40561980	CBX3	chr7	26201744	4	2	3	rf
WGC013178R	CCDC32	chr15	40561980	CBX3	chr7	26201744	5	3	4	rf
WGC013184R	CCDC32	chr15	40561980	CBX3	chr7	26201744	12	2	7	rf
WGC013192R	CCDC32	chr15	40562770	CBX3	chr7	26201769	1	3	2	rf
WGC013040R	CCDC32	chr15	40562771	CBX3	chr7	26201768	6	3	3	rf
WGC013184R	CCDC32	chr15	40562771	CBX3	chr7	26201768	3	2	2	rf
WGC013200R	CCDC32	chr15	40562771	CBX3	chr7	26201768	2	2	2	rf
WGC013182R	HNRNPC	chr14	21263981	RPGRIP1	chr14	21350044	8	3	1	rr
WGC013116R	LOC100507557	chr6	145864386	SHPRH	chr6	145894975	4	2	0	rr
WGC013132R	LOC100507557	chr6	145864386	SHPRH	chr6	145894975	2	4	0	rr
WGC017518R	LOC100507557	chr6	145864386	SHPRH	chr6	145894975	14	3	0	rr
WGC013042R	LOC100507557	chr6	145864387	SHPRH	chr6	145894976	8	2	0	rr
WGC013052R	LOC100507557	chr6	145864387	SHPRH	chr6	145894976	9	3	0	rr
WGC013068R	LOC100507557	chr6	145864387	SHPRH	chr6	145894976	22	4	0	rr
WGC013100R	LOC100507557	chr6	145864387	SHPRH	chr6	145894976	4	3	0	rr
WGC013146R	LOC100507557	chr6	145864387	SHPRH	chr6	145894971	3	6	0	rr
WGC013146R	LOC100507557	chr6	145864387	SHPRH	chr6	145894976	1	6	0	rr
WGC013180R	LOC100507557	chr6	145864387	SHPRH	chr6	145894976	3	2	0	rr
WGC013200R	LOC100507557	chr6	145864387	SHPRH	chr6	145894976	15	4	0	rr
WGC013200R	LOC100507557	chr6	145886405	SHPRH	chr6	145894976	2	39	0	rr
WGC013106R	TUT1	chr11	62589028	RAB11FIP3	chr16	461405	5	3	6	rf
WGC013178R	MYO6	chr6	75822850	BMP6	chr6	7845139	7	2	8	ff
WGC013184R	AC009313.1	chr2	161136933	TANK	chr2	161179687	1	12	0	rr
WGC013146R	AC009313.1	chr2	161136942	TANK	chr2	161179679	1	10	0	rr
WGC013076R	CASC21	chr8	127310672	LINC02532	chr6	106721197	13	2	4	fr
WGC013076R	PVT1	chr8	127794733	CD24	chr6	106971833	13	3	8	fr
WGC013076R	PVT1	chr8	127794733	PDSS2	chr6	107212281	13	3	8	fr
WGC013076R	PVT1	chr8	127796007	CD24	chr6	106971833	2	3	3	fr
WGC013076R	PVT1	chr8	127796007	PDSS2	chr6	107212281	2	3	0	fr
WGC013076R	PVT1	chr8	127796070	CD24	chr6	106971833	2	3	1	fr
WGC013040R	SSH2	chr17	29777553	RP5-1028K7.2	chr17	40523360	70	12	38	rf
WGC013040R	SSH2	chr17	29777816	RP5-1028K7.2	chr17	40523464	4	12	2	rf
WGC013140R	KLRG1	chr12	9008974	LINC00612	chr12	9058165	5	2	3	rr
WGC013148R	KLRG1	chr12	9008974	LINC00612	chr12	9058165	2	3	2	rr
WGC013192R	EIF3J	chr15	44550873	SPG11	chr15	44563222	1	19	0	rr
WGC013106R	SEMA4B	chr15	90223987	SPINT1	chr15	40857971	37	2	25	ff
WGC013096R	RP4-564M11.2	chr1	77068246	ST6GALNAC5	chr1	77044203	3	3	0	ff
WGC013124R	RP4-564M11.2	chr1	77068839	ST6GALNAC5	chr1	77044200	3	4	3	ff
WGC013132R	RP4-564M11.2	chr1	77068839	ST6GALNAC5	chr1	77062971	4	44	2	ff
WGC013148R	RP4-564M11.2	chr1	77068839	ST6GALNAC5	chr1	77062971	4	59	2	ff
WGC013182R	RP4-564M11.2	chr1	77068839	ST6GALNAC5	chr1	77062971	3	69	1	ff
WGC013200R	RP4-564M11.2	chr1	77068839	ST6GALNAC5	chr1	77062971	3	36	4	ff
WGC013096R	RP4-564M11.2	chr1	77068842	ST6GALNAC5	chr1	77044203	16	3	0	ff
WGC013096R	RP4-564M11.2	chr1	77068842	ST6GALNAC5	chr1	77062974	8	155	8	ff
WGC013164R	RP4-564M11.2	chr1	77068842	ST6GALNAC5	chr1	77044203	2	5	2	ff
WGC013190R	RP4-564M11.2	chr1	77068842	ST6GALNAC5	chr1	77062974	3	57	3	ff
WGC017518R	RP4-564M11.2	chr1	77068842	ST6GALNAC5	chr1	77044203	11	4	3	ff
WGC017518R	RP4-564M11.2	chr1	77068842	ST6GALNAC5	chr1	77062974	2	43	3	ff
WGC013024R	ZNF818P	chr19	53213668	CTD-2245F17.3	chr19	53210980	2	8	0	ff
WGC013068R	ZNF818P	chr19	53213668	CTD-2245F17.3	chr19	53210980	3	41	0	ff
WGC013096R	ZNF818P	chr19	53213668	CTD-2245F17.3	chr19	53210980	5	89	2	ff
WGC013100R	ZNF818P	chr19	53213668	CTD-2245F17.3	chr19	53210980	1	34	0	ff
WGC013130R	ZNF818P	chr19	53213668	CTD-2245F17.3	chr19	53210980	3	66	1	ff
WGC013200R	ZNF818P	chr19	53213668	CTD-2245F17.3	chr19	53210980	7	34	2	ff
WGC017518R	ZNF818P	chr19	53213668	CTD-2245F17.3	chr19	53210980	3	38	2	ff
WGC013204R	ST7	chr7	116953690	CAPZA2	chr7	116916059	232	29	74	ff
WGC017519R	ST7	chr7	116953690	CAPZA2	chr7	116916059	7	2	8	ff
WGC013204R	ST7	chr7	116954678	CAPZA2	chr7	116916059	4	29	1	ff
WGC013204R	ST7	chr7	116955152	CAPZA2	chr7	116916059	22	29	3	ff
WGC017519R	ST7	chr7	116955152	CAPZA2	chr7	116916059	3	2	1	ff
WGC013156R	LINC00529	chr8	11266390	HOOK3	chr8	42959313	18	3	3	rr
WGC013156R	LINC00529	chr8	11267707	HOOK3	chr8	42959313	8	3	2	rr
WGC013086R	SAFB	chr19	5649974	LOC101928844	chr19	5857737	49	2	25	fr
WGC013054R	SLCO1B1	chr12	21141657	RP11-125O5.2	chr12	21126107	1	12	0	ff
WGC013152R	CASC1	chr12	25145086	MSRA	chr8	10319985	2	3	1	rr
WGC013152R	CASC1	chr12	25145088	MSRA	chr8	10319988	7	3	3	rr
WGC013055R	CHST5	chr16	75531575	TMEM231	chr16	75545953	33	50	27	rr
WGC013122R	CHST5	chr16	75531575	TMEM231	chr16	75545953	27	58	31	rr
WGC013040R	SAMD12	chr8	118580714	SAMD12-AS1	chr8	118724518	4	3	2	rf
WGC013106R	BBS1	chr11	66523881	PACS1	chr11	66211133	22	2	11	ff
WGC013072R	ACTB	chr7	5529534	ACTG1	chr17	81512141	2	10	2	rr
WGC013076R	LINC02532	chr6	106723134	CASC21	chr8	127310668	11	2	4	rr
WGC013076R	CREBBP	chr16	3791252	GRIK5	chr19	42043043	1	7	2	rr
WGC013076R	CREBBP	chr16	3791980	GRIK5	chr19	42042754	23	7	10	rr
WGC013050R	CTD-2583A14.10	chr19	57819944	ZNF552	chr19	57813419	20	4	11	fr
WGC013054R	CTD-2583A14.10	chr19	57819944	ZNF552	chr19	57813419	15	9	7	fr
WGC013072R	CTD-2583A14.10	chr19	57819944	ZNF552	chr19	57813419	9	2	5	fr
WGC013076R	CTD-2583A14.10	chr19	57819944	ZNF552	chr19	57813419	26	12	16	fr
WGC013102R	CTD-2583A14.10	chr19	57819944	ZNF552	chr19	57813419	13	7	7	fr
WGC013130R	CTD-2583A14.10	chr19	57819944	ZNF552	chr19	57813419	6	5	4	fr
WGC013140R	CTD-2583A14.10	chr19	57819944	ZNF552	chr19	57813419	15	3	7	fr
WGC013152R	CTD-2583A14.10	chr19	57819944	ZNF552	chr19	57813419	7	2	2	fr
WGC013186R	CTD-2583A14.10	chr19	57819944	ZNF552	chr19	57813419	9	2	3	fr
WGC013162R	MAP4K5	chr14	50531941	TRIM9	chr14	51010493	18	2	5	rr
WGC013096R	LAMA4	chr6	112216395	LOC101927640	chr6	112254098	2	8	0	rr
WGC013098R	LAMA4	chr6	112216420	LOC101927640	chr6	112254205	1	12	0	rr
WGC013114R	DDHD2	chr8	38247710	PLPP5	chr8	38263683	2	5	2	rr
WGC013130R	NSD3	chr8	38381816	RP11-350N15.5	chr8	38382451	1	15	0	rr
WGC013128R	GMDS	chr6	2245320	LUC7L	chr16	199237	1	4	1	rr
WGC013128R	GMDS	chr6	2245320	LUC7L	chr16	206146	12	4	10	rr
WGC013114R	KRT4	chr12	52806601	KRT13	chr17	41501295	2	13	0	rr
WGC013114R	KRT4	chr12	52806893	KRT13	chr17	41502519	1	13	1	rr
WGC013114R	KRT4	chr12	52807133	KRT13	chr17	41505269	1	13	1	rr
WGC013114R	KRT4	chr12	52808293	KRT13	chr17	41502470	2	13	0	rr
WGC013114R	KRT4	chr12	52813756	KRT13	chr17	41505200	1	13	0	rr
WGC013114R	KRT4	chr12	52813828	KRT13	chr17	41503377	2	13	2	rr
WGC013114R	KRT4	chr12	52813833	KRT13	chr17	41502588	1	13	1	rr
WGC013114R	KRT4	chr12	52813835	KRT13	chr17	41502589	2	13	2	rr
WGC013114R	KRT4	chr12	52813971	KRT13	chr17	41503347	1	13	1	rr
WGC013114R	KRT4	chr12	52814025	KRT13	chr17	41505237	1	13	0	rr
WGC013148R	RRN3P2	chr16	29082040	ANK2	chr4	113174415	11	2	1	rf
WGC013182R	CASC19	chr8	127203162	CASC21	chr8	127290059	2	3	0	rr
WGC013096R	CTD-2192J16.17	chr19	12517744	ZNF564	chr19	12528695	4	112	1	rr
WGC013180R	CTD-2192J16.17	chr19	12517744	ZNF564	chr19	12528695	3	122	1	rr
WGC013192R	CTD-2192J16.17	chr19	12517744	ZNF564	chr19	12528695	1	23	0	rr
WGC017519R	CTD-2192J16.17	chr19	12517744	ZNF564	chr19	12528695	5	40	1	rr
WGC013136R	CTD-2192J16.17	chr19	12524795	ZNF564	chr19	12528695	4	179	2	rr
WGC013192R	CTD-2192J16.17	chr19	12524795	ZNF564	chr19	12528695	1	32	0	rr
WGC013200R	CTD-2192J16.17	chr19	12524795	ZNF564	chr19	12528695	2	72	0	rr
WGC017518R	CTD-2192J16.17	chr19	12524795	ZNF564	chr19	12528695	1	41	0	rr
WGC013178R	FAM120AOS	chr9	93452099	FAM120A	chr9	93471219	2	5	0	rr
WGC013190R	FAM120AOS	chr9	93452134	FAM120A	chr9	93471258	1	20	0	rr
WGC013072R	FAM120AOS	chr9	93452318	FAM120A	chr9	93471254	2	27	0	rr
WGC013122R	FAM120AOS	chr9	93452341	FAM120A	chr9	93471320	1	17	0	rr
WGC013130R	FAM120AOS	chr9	93453196	FAM120A	chr9	93453737	2	88	0	rr
WGC013074R	COMMD10	chr5	116291516	CTC-339F2.2	chr5	116303682	3	53	2	rr
WGC013136R	COMMD10	chr5	116291516	CTC-339F2.2	chr5	116303682	3	44	1	rr
WGC013140R	COMMD10	chr5	116291516	CTC-339F2.2	chr5	116303682	4	33	1	rr
WGC013148R	SEMA6A	chr5	116574479	SEMA6A-AS2	chr5	116574974	2	20	0	rr
WGC013114R	CRNN	chr1	152410179	KRT4	chr12	52813893	1	4	0	fr
WGC013114R	CRNN	chr1	152410197	KRT4	chr12	52813937	2	4	2	fr
WGC013068R	ABHD2	chr15	89201449	VAPA	chr18	9950436	2	11	0	rf
WGC013076R	ABHD2	chr15	89201566	VAPA	chr18	9950451	1	5	0	rf
WGC013106R	NAXD	chr13	110625277	COL4A2	chr13	110357471	3	2	0	ff
WGC013106R	NAXD	chr13	110627546	COL4A2	chr13	110357471	46	2	2	ff
WGC013192R	SYNE1	chr6	152376500	SYNE1-AS1	chr6	152381143	1	18	0	rr
WGC013070R	SYNE1	chr6	152376515	SYNE1-AS1	chr6	152381100	1	29	1	rr
WGC013178R	SYNE1	chr6	152376819	SYNE1-AS1	chr6	152381128	1	22	0	rr
WGC013116R	SYNE1	chr6	152376854	SYNE1-AS1	chr6	152381069	1	31	1	rr
WGC017518R	SYNE1	chr6	152376854	SYNE1-AS1	chr6	152381069	1	34	1	rr
WGC013096R	LOC100507053	chr4	99157490	ADH6	chr4	99204430	2	2	2	rr
WGC013106R	DNMT1	chr19	10168329	QRICH2	chr17	76304524	11	3	1	rr
WGC013082R	SAR1A	chr10	70163850	CALM2	chr2	47162291	7	273	4	rf
WGC013197R	SAR1A	chr10	70163850	CALM2	chr2	47162291	2	72	1	rf
WGC013076R	PVT1	chr8	127794733	CASC21	chr8	127392503	2	4	0	ff
WGC013082R	RAB30	chr11	83043050	CSMD3	chr8	112616378	12	2	11	rf
WGC013076R	RPPH1	chr14	20343164	CD24	chr6	106971087	2	3	0	rr
WGC013148R	SMPD4	chr2	130182415	MZT2B	chr2	130190652	2	76	0	rr
WGC013178R	SMPD4	chr2	130182692	MZT2B	chr2	130190619	1	36	1	rr
WGC013096R	SMPD4	chr2	130182745	MZT2B	chr2	130190634	2	53	0	rr
WGC013162R	GMDS	chr6	2245320	CLSPN	chr1	35738581	12	3	10	rr
WGC013114R	RP11-739L10.1	chr18	22929382	RBBP8	chr18	22936959	1	26	0	rr
WGC013072R	RPPH1	chr14	20343331	PGC	chr6	41737784	1	5	1	fr
WGC013072R	RPPH1	chr14	20343398	PGC	chr6	41737758	1	5	1	fr
WGC013152R	GCNT3	chr15	59616738	GTF2A2	chr15	59640220	1	12	0	rr
WGC013152R	GCNT3	chr15	59616784	GTF2A2	chr15	59640286	1	12	0	rr
WGC013186R	PTPRF	chr1	43609497	PTPRN2	chr7	157963309	10	2	5	fr
WGC013186R	PTPRF	chr1	43609497	PTPRN2	chr7	157965102	6	2	2	fr
WGC013130R	SCAMP4	chr19	1907864	DNMT1	chr19	10151846	1	3	2	fr
WGC013130R	SCAMP4	chr19	1908634	DNMT1	chr19	10151846	3	3	5	fr
WGC013124R	SRP19	chr5	112878507	REEP5	chr5	112902452	1	15	0	rr
WGC013192R	FDPS	chr1	155312394	NUP210L	chr1	154143576	4	3	1	fr
WGC013152R	LPIN2	chr18	2945680	CHORDC1	chr11	90202534	1	44	0	rr
WGC013106R	UBE2H	chr7	129952502	ZC3HC1	chr7	130041088	2	3	0	rr
WGC013186R	SSH2	chr17	29925466	EFCAB5	chr17	29930048	2	63	0	rr
WGC013124R	LRRC28	chr15	99258033	HSP90B1	chr12	103932872	1	23	0	ff
WGC013126R	LRRC28	chr15	99258033	HSP90B1	chr12	103932872	1	15	0	ff
WGC013040R	LRRC28	chr15	99258039	HSP90B1	chr12	103932878	1	21	0	ff
WGC013186R	LRRC28	chr15	99258370	HSP90B1	chr12	103934218	1	17	0	ff
WGC013072R	LRRC28	chr15	99258383	HSP90B1	chr12	103934133	1	18	1	ff
WGC013062R	LRRC28	chr15	99258599	HSP90B1	chr12	103938343	1	12	0	ff
WGC013086R	LRRC28	chr15	99258599	HSP90B1	chr12	103938343	1	21	0	ff
WGC013124R	LRRC28	chr15	99258599	HSP90B1	chr12	103938343	1	33	0	ff
WGC013152R	LRRC28	chr15	99258599	HSP90B1	chr12	103938343	1	42	0	ff
WGC013182R	LRRC28	chr15	99258599	HSP90B1	chr12	103938343	1	16	0	ff
WGC013186R	LRRC28	chr15	99258599	HSP90B1	chr12	103938343	1	26	0	ff
WGC013055R	LRRC28	chr15	99258606	HSP90B1	chr12	103938340	2	24	0	ff
WGC013062R	LRRC28	chr15	99258606	HSP90B1	chr12	103938340	2	12	0	ff
WGC013070R	LRRC28	chr15	99258606	HSP90B1	chr12	103938340	2	20	0	ff
WGC013082R	LRRC28	chr15	99258606	HSP90B1	chr12	103938340	2	13	0	ff
WGC013106R	LRRC28	chr15	99258606	HSP90B1	chr12	103938340	1	15	0	ff
WGC013126R	LRRC28	chr15	99258606	HSP90B1	chr12	103938340	1	27	0	ff
WGC013140R	LRRC28	chr15	99258606	HSP90B1	chr12	103938340	1	24	0	ff
WGC013146R	LRRC28	chr15	99258606	HSP90B1	chr12	103938340	1	41	0	ff
WGC013184R	LRRC28	chr15	99258606	HSP90B1	chr12	103938340	1	17	0	ff
WGC013054R	LRRC28	chr15	99258611	HSP90B1	chr12	103938339	2	45	0	ff
WGC013055R	LRRC28	chr15	99259275	HSP90B1	chr12	103938347	1	24	0	ff
WGC013084R	LRRC28	chr15	99259275	HSP90B1	chr12	103942722	2	47	0	ff
WGC013204R	LRRC28	chr15	99259513	HSP90B1	chr12	103943140	1	22	0	ff
WGC013076R	LRRC28	chr15	99259734	HSP90B1	chr12	103946838	1	28	0	ff
WGC013054R	LRRC28	chr15	99260001	HSP90B1	chr12	103947325	1	30	1	ff
WGC013076R	LRRC28	chr15	99260001	HSP90B1	chr12	103947325	1	28	0	ff
WGC013134R	LRRC28	chr15	99260001	HSP90B1	chr12	103947325	2	22	0	ff
WGC013156R	LRRC28	chr15	99260001	HSP90B1	chr12	103947325	1	12	0	ff
WGC013197R	LRRC28	chr15	99260001	HSP90B1	chr12	103947325	4	5	0	ff
WGC013084R	LRRC28	chr15	99260005	HSP90B1	chr12	103947374	1	39	0	ff
WGC013180R	RP11-588H23.3	chr12	70507894	PTPRB	chr12	70522629	6	27	1	rr
WGC013024R	CLVS1	chr8	61501307	ASPH	chr8	61502950	1	22	0	rr
WGC013084R	CLVS1	chr8	61501608	ASPH	chr8	61503099	2	37	0	rr
WGC013076R	ASPH	chr8	61618977	RP11-705O24.1	chr8	61875594	79	2	0	rr
WGC013040R	CPD	chr17	30385145	LOC107133515	chr17	30589148	3	2	0	rf
WGC013040R	CPD	chr17	30386898	LOC107133515	chr17	30601813	2	3	0	rf
WGC013140R	WBP2NL	chr22	42001627	SLC25A5	chrX	119469969	1	4	0	rf
WGC013054R	EMG1	chr12	6983456	LPCAT3	chr12	7018301	1	14	0	rr
WGC013126R	WASL	chr7	123694712	XKR4	chr8	55398631	3	2	3	rr
WGC013052R	ZNF410	chr14	73898261	PTGR2	chr14	73880054	1	10	1	ff
WGC013068R	ZNF410	chr14	73898261	PTGR2	chr14	73880054	1	16	0	ff
WGC013162R	SH3YL1	chr2	247537	ALKAL2	chr2	280151	4	2	1	rr
WGC013042R	HNRNPR	chr1	23311280	MLLT10	chr10	21625168	9	9	0	ff
WGC013048R	HNRNPR	chr1	23311280	MLLT10	chr10	21625168	13	6	0	ff
WGC013050R	HNRNPR	chr1	23311280	MLLT10	chr10	21625168	9	8	0	ff
WGC013054R	HNRNPR	chr1	23311280	MLLT10	chr10	21625168	13	8	0	ff
WGC013055R	HNRNPR	chr1	23311280	MLLT10	chr10	21625168	13	12	0	ff
WGC013062R	HNRNPR	chr1	23311280	MLLT10	chr10	21625168	5	7	0	ff
WGC013070R	HNRNPR	chr1	23311280	MLLT10	chr10	21625168	8	3	0	ff
WGC013072R	HNRNPR	chr1	23311280	MLLT10	chr10	21625168	2	4	0	ff
WGC013076R	HNRNPR	chr1	23311280	MLLT10	chr10	21625168	8	7	0	ff
WGC013080R	HNRNPR	chr1	23311280	MLLT10	chr10	21625168	9	2	0	ff
WGC013082R	HNRNPR	chr1	23311280	MLLT10	chr10	21625168	9	5	1	ff
WGC013084R	HNRNPR	chr1	23311280	MLLT10	chr10	21625168	3	48	0	ff
WGC013086R	HNRNPR	chr1	23311280	MLLT10	chr10	21625168	7	4	0	ff
WGC013122R	HNRNPR	chr1	23311280	MLLT10	chr10	21625168	5	6	1	ff
WGC013126R	HNRNPR	chr1	23311280	MLLT10	chr10	21625168	9	6	0	ff
WGC013128R	HNRNPR	chr1	23311280	MLLT10	chr10	21625168	3	2	0	ff
WGC013134R	HNRNPR	chr1	23311280	MLLT10	chr10	21625168	5	3	0	ff
WGC013140R	HNRNPR	chr1	23311280	MLLT10	chr10	21625168	7	4	0	ff
WGC013146R	HNRNPR	chr1	23311280	MLLT10	chr10	21625168	15	4	0	ff
WGC013152R	HNRNPR	chr1	23311280	MLLT10	chr10	21625168	7	4	0	ff
WGC013156R	HNRNPR	chr1	23311280	MLLT10	chr10	21625168	8	3	0	ff
WGC013180R	HNRNPR	chr1	23311280	MLLT10	chr10	21625168	11	4	0	ff
WGC013184R	HNRNPR	chr1	23311280	MLLT10	chr10	21625168	4	6	0	ff
WGC017519R	HNRNPR	chr1	23311280	MLLT10	chr10	21625168	6	27	0	ff
WGC013084R	RPS14	chr5	150444297	MINOS1-NBL1	chr1	19608098	1	20	1	rf
WGC013084R	RPS14	chr5	150446878	MINOS1-NBL1	chr1	19608409	2	20	6	rf
WGC013048R	RPS14	chr5	150446879	MINOS1-NBL1	chr1	19608408	2	3	0	rf
WGC013050R	RPS14	chr5	150446879	MINOS1-NBL1	chr1	19608408	1	3	4	rf
WGC013055R	RPS14	chr5	150446879	MINOS1-NBL1	chr1	19608408	3	7	1	rf
WGC013070R	RPS14	chr5	150446879	MINOS1-NBL1	chr1	19608408	2	5	4	rf
WGC013140R	RPS14	chr5	150446879	MINOS1-NBL1	chr1	19608408	1	9	2	rf
WGC013178R	RPS14	chr5	150446879	MINOS1-NBL1	chr1	19608408	1	6	0	rf
WGC013180R	RPS14	chr5	150446879	MINOS1-NBL1	chr1	19608408	2	12	3	rf
WGC013204R	RPS14	chr5	150446879	MINOS1-NBL1	chr1	19608408	2	14	1	rf
WGC017519R	RPS14	chr5	150446879	MINOS1-NBL1	chr1	19608408	3	8	4	rf
WGC013114R	KRT4	chr12	52806699	RPPH1	chr14	20343129	1	4	2	rf
WGC013122R	KDM5B	chr1	202767339	COX7C	chr5	86619414	2	5	0	rf
WGC013190R	VPS53	chr17	657462	RPS4X	chrX	72275649	1	5	0	rr
WGC013110R	EDARADD	chr1	236483839	ENO1	chr1	8866387	1	6	0	fr
WGC013054R	EDARADD	chr1	236483847	ENO1	chr1	8866403	2	50	0	fr
WGC013055R	EDARADD	chr1	236483847	ENO1	chr1	8866403	1	38	0	fr
WGC013070R	EDARADD	chr1	236483847	ENO1	chr1	8866403	1	21	0	fr
WGC013180R	EDARADD	chr1	236483847	ENO1	chr1	8866403	1	13	0	fr
WGC013204R	EDARADD	chr1	236483847	ENO1	chr1	8866403	1	38	0	fr
WGC013040R	EDARADD	chr1	236484401	ENO1	chr1	8863991	1	34	1	fr
WGC013086R	EDARADD	chr1	236484402	ENO1	chr1	8861380	2	4	0	fr
WGC013140R	EDARADD	chr1	236484402	ENO1	chr1	8865378	1	33	0	fr
WGC013126R	EDARADD	chr1	236484403	ENO1	chr1	8861324	1	23	0	fr
WGC013054R	EDARADD	chr1	236484789	ENO1	chr1	8861131	1	44	0	fr
WGC013180R	EDARADD	chr1	236484802	ENO1	chr1	8861128	1	13	0	fr
WGC013048R	KMT2A	chr11	118509952	LOC101929089	chr11	118519728	2	83	0	rr
WGC013042R	AC024704.2	chr2	113830851	LOC101060091	chr2	113831584	5	13	1	rr
WGC013048R	AC024704.2	chr2	113830851	LOC101060091	chr2	113831584	1	18	1	rr
WGC013052R	AC024704.2	chr2	113830851	LOC101060091	chr2	113831584	6	10	1	rr
WGC013074R	AC024704.2	chr2	113830851	LOC101060091	chr2	113831584	2	6	0	rr
WGC013096R	AC024704.2	chr2	113830851	LOC101060091	chr2	113831584	1	8	0	rr
WGC013098R	AC024704.2	chr2	113830851	LOC101060091	chr2	113831584	3	14	0	rr
WGC013110R	AC024704.2	chr2	113830851	LOC101060091	chr2	113831584	3	15	1	rr
WGC013114R	AC024704.2	chr2	113830851	LOC101060091	chr2	113831584	5	9	1	rr
WGC013122R	AC024704.2	chr2	113830851	LOC101060091	chr2	113831584	4	13	0	rr
WGC013136R	AC024704.2	chr2	113830851	LOC101060091	chr2	113831584	2	6	1	rr
WGC013146R	AC024704.2	chr2	113830851	LOC101060091	chr2	113831584	8	7	1	rr
WGC013162R	AC024704.2	chr2	113830851	LOC101060091	chr2	113831584	3	11	0	rr
WGC013164R	AC024704.2	chr2	113830851	LOC101060091	chr2	113831584	2	16	1	rr
WGC013178R	AC024704.2	chr2	113830851	LOC101060091	chr2	113831584	1	11	1	rr
WGC013180R	AC024704.2	chr2	113830851	LOC101060091	chr2	113831584	5	7	0	rr
WGC013182R	AC024704.2	chr2	113830851	LOC101060091	chr2	113831584	6	9	0	rr
WGC013184R	AC024704.2	chr2	113830851	LOC101060091	chr2	113831584	5	15	0	rr
WGC013190R	AC024704.2	chr2	113830851	LOC101060091	chr2	113831584	3	3	0	rr
WGC013040R	OS9	chr12	57696372	PIP4K2C	chr12	57594024	7	3	3	ff
WGC013084R	LOC100506497	chr7	28995712	CPVL	chr7	29030647	1	5	0	rr
WGC013084R	LOC100506497	chr7	28995792	CPVL	chr7	29030679	1	5	0	rr
WGC013084R	LOC100506497	chr7	28995820	CPVL	chr7	29030748	1	5	0	rr
WGC013116R	CDC6	chr17	40294041	HNF1B	chr17	37743224	5	5	12	fr
WGC013126R	CSDE1	chr1	114717767	ZNF354C	chr5	179082728	1	7	0	rr
WGC013124R	CSDE1	chr1	114717927	ZNF354C	chr5	179082728	1	9	1	rr
WGC013042R	CSDE1	chr1	114718041	ZNF354C	chr5	179082733	2	18	2	rr
WGC013110R	CSDE1	chr1	114718041	ZNF354C	chr5	179082733	1	11	1	rr
WGC013128R	CSDE1	chr1	114718041	ZNF354C	chr5	179082733	1	9	1	rr
WGC013134R	CSDE1	chr1	114718041	ZNF354C	chr5	179082733	2	15	2	rr
WGC013156R	CSDE1	chr1	114718041	ZNF354C	chr5	179082733	1	8	1	rr
WGC013182R	CSDE1	chr1	114718041	ZNF354C	chr5	179082733	1	12	1	rr
WGC013136R	CSDE1	chr1	114718048	ZNF354C	chr5	179082866	1	10	0	rr
WGC013062R	CSDE1	chr1	114718100	ZNF354C	chr5	179082730	1	21	0	rr
WGC013062R	CSDE1	chr1	114719658	ZNF354C	chr5	179082730	1	21	0	rr
WGC013124R	CSDE1	chr1	114720624	ZNF354C	chr5	179083057	1	9	0	rr
WGC013040R	CSDE1	chr1	114720634	ZNF354C	chr5	179083028	1	7	0	rr
WGC013102R	CSDE1	chr1	114725276	ZNF354C	chr5	179082863	2	7	0	rr
WGC013050R	IQCH	chr15	67501107	IQCH-AS1	chr15	67502913	2	44	0	rr
WGC013204R	IQCH-AS1	chr15	67521426	C15orf61	chr15	67526481	1	37	0	rr
WGC013042R	IQCH-AS1	chr15	67521514	C15orf61	chr15	67526585	1	29	0	rr
WGC013126R	FBXL20	chr17	39401360	GSDMB	chr17	39912496	23	2	12	rr
WGC013116R	DSTN	chr20	17601038	DSTNP2	chr12	6885218	1	13	0	ff
WGC013074R	DSTN	chr20	17607618	DSTNP2	chr12	6885261	1	17	1	ff
WGC017518R	DSTN	chr20	17607858	DSTNP2	chr12	6885260	1	18	1	ff
WGC013184R	ATMIN	chr16	81043614	FANCC	chr9	95293446	1	16	0	rr
WGC013074R	SEPT11	chr4	76958999	TXN	chr9	110244059	1	5	0	ff
WGC013140R	SEPT11	chr4	76959049	TXN	chr9	110251414	1	7	0	ff
WGC013072R	RPPH1	chr14	20343160	RMRP	chr9	35657974	2	4	2	fr
WGC013140R	RPPH1	chr14	20343200	RMRP	chr9	35657967	1	4	1	fr
WGC013072R	RPPH1	chr14	20343252	RMRP	chr9	35657981	1	4	1	fr
WGC013054R	RAP1B	chr12	68642661	KCTD2	chr17	75038942	1	10	1	ff
WGC013096R	RAP1B	chr12	68642712	KCTD2	chr17	75039002	2	7	0	ff
WGC013070R	NACA	chr12	56714601	NACAP1	chr8	101368969	4	11	1	rf
WGC013096R	NACA	chr12	56714601	NACAP1	chr8	101368969	2	34	1	rf
WGC013110R	NACA	chr12	56714601	NACAP1	chr8	101368969	3	21	1	rf
WGC013114R	NACA	chr12	56714601	NACAP1	chr8	101368969	1	48	1	rf
WGC013134R	NACA	chr12	56714601	NACAP1	chr8	101368969	2	9	1	rf
WGC013136R	NACA	chr12	56714601	NACAP1	chr8	101368969	3	42	3	rf
WGC013140R	NACA	chr12	56714601	NACAP1	chr8	101368969	1	34	0	rf
WGC013152R	NACA	chr12	56714601	NACAP1	chr8	101368969	1	15	1	rf
WGC013162R	NACA	chr12	56714601	NACAP1	chr8	101368969	1	17	0	rf
WGC013164R	NACA	chr12	56714601	NACAP1	chr8	101368969	1	7	0	rf
WGC013178R	NACA	chr12	56714601	NACAP1	chr8	101368969	1	22	0	rf
WGC013204R	NACA	chr12	56714601	NACAP1	chr8	101368969	1	26	1	rf
WGC013048R	NACA	chr12	56714607	NACAP1	chr8	101368963	1	15	1	rf
WGC013098R	NACA	chr12	56714607	NACAP1	chr8	101368963	2	14	0	rf
WGC013100R	YWHAQ	chr2	9585289	RASA2	chr3	141600341	2	7	0	rr
WGC013178R	NCOA4	chr10	46010839	MMAA	chr4	145625879	1	5	0	ff
WGC013042R	NCOA4	chr10	46014490	MMAA	chr4	145625877	2	5	0	ff
WGC013136R	NCOA4	chr10	46014525	MMAA	chr4	145625652	1	20	0	ff
WGC013180R	SERPINE3	chr13	51354176	INTS6	chr13	51365844	2	34	0	rr
WGC013126R	FBXO28	chr1	224114395	CAPN2	chr1	223744099	14	3	6	ff
WGC013124R	HM13	chr20	31547675	MCTS1	chrX	120606104	1	15	0	ff
WGC013156R	LINC01138	chr1	148436589	FAM91A1	chr8	123806124	2	33	0	ff
WGC013076R	HSP90AB1	chr6	44250468	ADAM10	chr15	58692552	1	5	0	fr
WGC013032R	GOLGA3	chr12	132825933	RPS11	chr19	49497933	1	24	0	ff
WGC013086R	GOLGA3	chr12	132825937	RPS11	chr19	49499570	2	51	0	ff
WGC013055R	MCFD2	chr2	46941702	TTC7A	chr2	46950474	1	49	0	rr
WGC013055R	TMEM120B	chr12	121780880	RHOF	chr12	121793217	2	30	0	rr
WGC013192R	ACO2	chr22	41525219	POLR3H	chr22	41526364	1	22	0	rr
WGC013132R	CHD1L	chr1	147203479	CCT8	chr21	29060575	1	17	0	ff
WGC013140R	CHD1L	chr1	147203667	CCT8	chr21	29065026	1	10	0	ff
WGC013136R	CHD1L	chr1	147204180	CCT8	chr21	29065022	1	23	0	ff
WGC013096R	CHD1L	chr1	147204186	CCT8	chr21	29061256	1	7	0	ff
WGC013124R	LAMA2	chr6	128929164	MEST	chr7	130505030	1	5	1	rf
WGC013086R	CTC-429P9.1	chr19	16630779	SMIM7	chr19	16647217	2	28	0	rr
WGC013136R	CTC-429P9.1	chr19	16631517	SMIM7	chr19	16647260	1	18	1	rr
WGC013192R	PTPRJ	chr11	47981005	EXT2	chr11	44171608	7	2	1	ff
WGC013132R	MALAT1	chr11	65499442	MT-CYB	chrM	15680	1	4	1	rf
WGC013156R	MALAT1	chr11	65500020	MT-ND2	chrM	5250	1	6	0	rf
WGC013078R	MALAT1	chr11	65500496	MT-ND2	chrM	4936	1	4	1	rf
WGC013132R	MALAT1	chr11	65500569	MT-ND5	chrM	14121	1	4	0	rf
WGC013106R	MALAT1	chr11	65500601	RNR2	chrM	1682	2	6	2	rf
WGC013132R	MALAT1	chr11	65500601	MT-ATP6	chrM	9158	2	4	0	rf
WGC013078R	MALAT1	chr11	65500602	MT-ND2	chrM	5353	1	4	1	rf
WGC013082R	MALAT1	chr11	65500613	MT-CYB	chrM	15640	2	3	0	rf
WGC013106R	MALAT1	chr11	65500634	MT-CO3	chrM	9615	1	8	1	rf
WGC013106R	MALAT1	chr11	65500650	MT-ND5	chrM	13791	1	6	0	rf
WGC013106R	MALAT1	chr11	65500750	MT-ND5	chrM	13646	1	6	0	rf
WGC013082R	MALAT1	chr11	65500903	MT-ND5	chrM	13754	2	3	0	rf
WGC013070R	MALAT1	chr11	65501553	MT-ATP6	chrM	8625	2	4	1	rf
WGC013132R	MALAT1	chr11	65502233	MT-CYB	chrM	14834	1	4	0	rf
WGC013102R	MALAT1	chr11	65503048	MT-ND4	chrM	12107	1	4	1	rf
WGC013156R	MALAT1	chr11	65505636	MT-ND4	chrM	10981	1	6	1	rf
WGC013050R	ACADM	chr1	75742720	DLST	chr14	74902992	2	9	0	fr
WGC013130R	ACADM	chr1	75742720	DLST	chr14	74902992	2	21	1	fr
WGC013190R	ACADM	chr1	75742720	DLST	chr14	74902992	1	7	1	fr
WGC013152R	TOP1	chr20	41122149	FMO4	chr1	171339696	2	13	0	ff
WGC013156R	TOP1	chr20	41123671	FMO4	chr1	171339697	2	5	0	ff
WGC013140R	CHMP5	chr9	33271211	SLC9A7	chrX	46725514	2	8	0	fr
WGC017519R	CHMP5	chr9	33271211	SLC9A7	chrX	46725514	4	15	0	fr
WGC017518R	FLNC	chr7	128835390	FLNA	chrX	154367982	2	5	0	fr
WGC013042R	H3F3B	chr17	75779080	H3F3C	chr12	31792191	2	39	2	rr
WGC013055R	H3F3B	chr17	75779080	H3F3C	chr12	31792191	3	84	3	rr
WGC013072R	H3F3B	chr17	75779080	H3F3C	chr12	31792191	2	70	3	rr
WGC013102R	H3F3B	chr17	75779080	H3F3C	chr12	31792191	1	42	2	rr
WGC013122R	H3F3B	chr17	75779080	H3F3C	chr12	31792191	1	41	1	rr
WGC013126R	H3F3B	chr17	75779080	H3F3C	chr12	31792191	3	44	1	rr
WGC013140R	H3F3B	chr17	75779080	H3F3C	chr12	31792191	2	85	2	rr
WGC013146R	H3F3B	chr17	75779080	H3F3C	chr12	31792191	2	57	1	rr
WGC013186R	H3F3B	chr17	75779080	H3F3C	chr12	31792191	2	79	1	rr
WGC013082R	RPL22	chr1	6197690	MECOM	chr3	169663402	1	5	0	rr
WGC013192R	UBXN11	chr1	26317950	CD52	chr1	26320202	1	15	0	rr
WGC013114R	RPL31	chr2	101005987	TBC1D5	chr3	17465350	1	8	1	ff
WGC013136R	GAPDH	chr12	6537917	ME1	chr6	83393357	1	12	0	rr
WGC013080R	CTD-2235C13.2	chr5	75336538	HMGCR	chr5	75342723	1	31	0	rr
WGC013124R	BAIAP3	chr16	1349296	TSR3	chr16	1349530	2	94	1	rr
WGC013040R	HNF4A	chr20	44355852	JUP	chr17	41771861	154	26	82	fr
WGC013040R	HNF4A	chr20	44355852	JUP	chr17	41772925	1	26	1	fr
WGC013180R	AHRR	chr5	306753	PDCD6	chr5	272710	1	24	0	ff
WGC013136R	PDS5A	chr4	39973322	PABPC1	chr8	100705035	1	17	0	rr
WGC013050R	GTF3C6	chr6	110962439	NUP62CL	chrX	107131826	2	4	2	ff
WGC013124R	GTF3C6	chr6	110962439	NUP62CL	chrX	107131826	2	4	2	ff
WGC013178R	GTF3C6	chr6	110962439	NUP62CL	chrX	107131826	1	4	0	ff
WGC013148R	RP11-867G23.8	chr11	66347985	SLC29A2	chr11	66363472	1	17	1	rr
WGC013074R	UQCRB	chr8	96231855	NBDY	chrX	56737468	2	20	0	ff
WGC013140R	UQCRB	chr8	96231903	NBDY	chrX	56737469	1	9	0	ff
WGC013182R	MACC1	chr7	20161747	LOC101927811	chr7	20328855	4	3	0	rr
WGC013182R	MACC1	chr7	20161747	LOC101927811	chr7	20329512	5	3	0	rr
WGC013114R	GCDH	chr19	12894795	RPS6	chr9	19376561	2	21	0	fr
WGC013128R	GCDH	chr19	12894795	RPS6	chr9	19376561	2	8	0	fr
WGC013140R	GCDH	chr19	12894795	RPS6	chr9	19376561	1	29	0	fr
WGC013186R	GCDH	chr19	12894795	RPS6	chr9	19376561	2	9	0	fr
WGC013114R	GCDH	chr19	12894798	RPS6	chr9	19376561	2	21	0	fr
WGC013102R	POLR3D	chr8	22253964	LOC100507071	chr8	22255132	2	89	0	rr
WGC013154R	PKD2L2	chr5	137939762	FAM13B	chr5	137942963	2	86	0	rr
WGC017519R	PKD2L2	chr5	137941942	FAM13B	chr5	137943214	2	49	1	rr
WGC013134R	PKD2L2	chr5	137941943	FAM13B	chr5	137943215	2	66	0	rr
WGC013156R	PKD2L2	chr5	137941943	FAM13B	chr5	137943215	3	115	0	rr
WGC013192R	PKD2L2	chr5	137941943	FAM13B	chr5	137949183	1	29	1	rr
WGC013200R	PKD2L2	chr5	137941943	FAM13B	chr5	137943215	3	60	3	rr
WGC013024R	IPO7	chr11	9429739	SPATA13	chr13	24123214	1	18	0	fr
WGC013140R	IPO7	chr11	9445500	SPATA13	chr13	24122181	1	6	0	fr
WGC013204R	IPO7	chr11	9446851	SPATA13	chr13	24122293	3	5	0	fr
WGC017519R	MPRIP	chr17	17137958	ZKSCAN7	chr3	44580285	1	31	0	rf
WGC013040R	SLMO2-ATP5E	chr20	59030352	ATP5EP2	chr13	27945274	2	19	0	rf
WGC013084R	LIPM	chr10	88820042	ANKRD22	chr10	88821646	1	32	1	rr
WGC013084R	LIPM	chr10	88820448	ANKRD22	chr10	88822449	1	33	1	rr
WGC013124R	ACTA2	chr10	88948871	FAS	chr10	88991062	1	4	0	rr
WGC013106R	CEACAM6	chr19	41762222	CEACAM5	chr19	41716062	1	45	1	ff
WGC013190R	LIPF	chr10	88678650	PGA3	chr11	61212691	1	4	1	ff
WGC013190R	LIPF	chr10	88678650	PGA4	chr11	61231520	1	4	1	ff
WGC013146R	HIST2H2AC	chr1	149887294	HIST2H2AB	chr1	149887552	16	526	0	rr
WGC013146R	HIST2H2AC	chr1	149887314	HIST2H2AB	chr1	149887551	11	526	0	rr
WGC013124R	RAB6A	chr11	73707446	WTH3DI	chr2	131363435	2	8	0	rr
WGC013192R	RPS21	chr20	62388306	TAPT1-AS1	chr4	16256427	3	5	0	rf
WGC013200R	KHDC1	chr6	73292268	EIF3E	chr8	108239980	2	5	0	rf
WGC013126R	SH3BP5-AS1	chr3	15262231	SH3BP5	chr3	15269756	1	48	1	rr
WGC013132R	SH3BP5-AS1	chr3	15262231	SH3BP5	chr3	15269756	2	33	0	rr
WGC013086R	HID1	chr17	74972590	SLC16A5	chr17	75098037	7	2	3	rf
WGC013048R	TMX2-CTNND1	chr11	57739215	SLC25A51	chr9	37885928	2	16	0	ff
WGC013148R	UBXN10-AS1	chr1	20184465	UBXN10	chr1	20186413	2	29	0	rr
WGC013192R	ENO1	chr1	8861145	EDARADD	chr1	236483826	1	11	0	rf
WGC013074R	ENO1	chr1	8863242	EDARADD	chr1	236484228	1	5	0	rf
WGC013140R	ENO1	chr1	8863261	EDARADD	chr1	236484388	1	37	0	rf
WGC013054R	ENO1	chr1	8863908	EDARADD	chr1	236484221	1	45	0	rf
WGC013182R	ENO1	chr1	8865313	EDARADD	chr1	236483398	1	15	0	rf
WGC013076R	ENO1	chr1	8865411	EDARADD	chr1	236483825	2	28	0	rf
WGC013070R	ENO1	chr1	8866379	EDARADD	chr1	236483399	1	23	0	rf
WGC013040R	ENO1	chr1	8871915	EDARADD	chr1	236483715	1	43	0	rf
WGC013180R	RPS6	chr9	19379501	TMEM150C	chr4	82495765	1	21	1	rr
WGC013072R	RPS6	chr9	19379531	TMEM150C	chr4	82495096	1	13	0	rr
WGC013050R	ROR1	chr1	63843488	CFL1	chr11	65855995	4	2	0	ff
WGC013072R	RMRP	chr9	35657819	RPPH1	chr14	20343163	1	4	1	rr
WGC013072R	LOC407835	chr7	129127230	MAP2K2	chr19	4099373	1	36	0	fr
WGC013136R	GRAMD1C	chr3	113885668	CTDNEP1	chr17	7246322	1	5	0	fr
WGC013122R	GRAMD1C	chr3	113885982	CTDNEP1	chr17	7244182	1	5	1	fr
WGC013048R	RP11-876N24.2	chr16	10877169	CIITA	chr16	10895316	1	43	1	rr
WGC013152R	NOL9	chr1	6544824	KCNJ15	chr21	38263400	3	2	2	rr
WGC013140R	PCBD2	chr5	134925541	MT-ND5	chrM	13025	1	25	1	fr
WGC013054R	PCBD2	chr5	134926357	MT-ND5	chrM	12486	2	64	0	fr
WGC013076R	PCBD2	chr5	134927096	MT-ND4	chrM	11787	4	147	1	fr
WGC013084R	COX7C	chr5	86620733	KDM5B	chr1	202767214	1	5	0	fr
WGC013192R	UQCRB	chr8	96231810	NBDY	chrX	56737578	1	11	0	rr
WGC013126R	PABPC1	chr8	100703268	RLIM	chrX	74583098	1	12	1	rr
WGC013152R	PABPC1	chr8	100703268	RLIM	chrX	74583098	3	12	0	rr
WGC013055R	ANXA2	chr15	60347526	TRIM2	chr4	153307817	1	11	1	rr
WGC013114R	ANXA2	chr15	60347533	TRIM2	chr4	153307654	1	23	0	rr
WGC013040R	PTP4A2	chr1	31911753	JAM3	chr11	134123993	1	4	0	ff
WGC013054R	CAV3	chr3	8742458	OXTR	chr3	8753223	2	47	0	rr
WGC013070R	CAV3	chr3	8742458	OXTR	chr3	8753223	2	9	0	rr
WGC013076R	ZYG11B	chr1	52772591	RPS13	chr11	17077458	3	148	0	ff
WGC013084R	DRAM2	chr1	111139537	CEPT1	chr1	111147692	1	33	1	rr
WGC013084R	TTC3P1	chrX	75742149	TTC3	chr21	37182847	2	46	0	rf
WGC013192R	STAT1	chr2	190993138	RAB1A	chr2	65088593	1	5	0	rr
WGC013042R	CDC40	chr6	110245773	METTL24	chr6	110299077	2	5	0	rr
WGC013126R	RPL8	chr8	144789880	PCOLCE2	chr3	142827258	1	4	0	rr
WGC013040R	RPL8	chr8	144789898	PCOLCE2	chr3	142827383	2	15	0	rr
WGC013128R	RPL8	chr8	144791837	PCOLCE2	chr3	142827384	2	5	0	rr
WGC013054R	RPL8	chr8	144792060	PCOLCE2	chr3	142827604	2	14	0	rr
WGC013070R	DCAF4	chr14	72929832	RPL36	chr19	5691374	1	4	0	rf
WGC013074R	PDS5A	chr4	39974224	PABPC1	chr8	100706973	2	6	0	fr
WGC013186R	PPP1R14B	chr11	64244692	LIMK2	chr22	31277060	1	4	0	rf
WGC013072R	SF3A3	chr1	37969704	GRAMD1B	chr11	123598971	1	4	1	ff
WGC013114R	KRT13	chr17	41502413	KRT4	chr12	52807814	1	5	1	rr
WGC013106R	MAP2K2	chr19	4117482	LOC407835	chr7	129126603	1	4	0	rf
WGC013162R	DPYD	chr1	97546524	SEC63	chr6	107901483	1	6	0	fr
WGC013040R	DPYD	chr1	97546828	SEC63	chr6	107871512	2	39	0	fr
WGC013204R	HSP90B1	chr12	103934065	LRRC28	chr15	99257957	1	32	0	ff
WGC017518R	HSP90B1	chr12	103937775	LRRC28	chr15	99258458	2	39	0	ff
WGC013134R	HSP90B1	chr12	103939597	LRRC28	chr15	99258587	1	14	0	ff
WGC013136R	HSP90B1	chr12	103941526	LRRC28	chr15	99258851	1	46	1	ff
WGC013098R	HSP90B1	chr12	103943314	LRRC28	chr15	99259248	1	12	1	ff
WGC013082R	HSP90B1	chr12	103947376	LRRC28	chr15	99259892	1	15	0	ff
WGC013152R	HSP90B1	chr12	103947401	LRRC28	chr15	99259891	1	26	1	ff
WGC013148R	HSP90B1	chr12	103947429	LRRC28	chr15	99259979	1	14	0	ff
WGC013096R	CACNA1C	chr12	2674577	CACNA1C-AS1	chr12	2677857	1	49	0	rr
WGC013054R	ITFG2-AS1	chr12	2812718	ITFG2	chr12	2818256	2	39	0	rr
WGC013164R	ITFG2	chr12	2825261	NRIP2	chr12	2826517	2	60	0	rr
WGC013182R	DAZAP2	chr12	51240442	KIAA2012	chr2	202201890	2	3	0	fr
WGC013116R	DAZAP2	chr12	51240911	KIAA2012	chr2	202201891	1	7	1	fr
WGC013136R	RCC1	chr1	28508672	RN7SK	chr6	52995747	1	4	0	ff
WGC013055R	LINC00618	chr14	96945381	AL133168.3	chr14	96943516	2	14	0	ff
WGC013068R	LINC00618	chr14	96945381	AL133168.3	chr14	96943516	2	4	0	ff
WGC013080R	LINC00618	chr14	96945381	AL133168.3	chr14	96943516	1	4	0	ff
WGC013148R	LINC00618	chr14	96945381	AL133168.3	chr14	96943516	1	38	0	ff
WGC013162R	LINC00618	chr14	96945381	AL133168.3	chr14	96943516	1	11	0	ff
WGC013096R	PYURF	chr4	88521838	ICA1L	chr2	202774175	2	14	0	rr
WGC013096R	ZSCAN31	chr6	28329687	ZKSCAN3	chr6	28354151	1	8	1	rr
WGC013178R	RPS3	chr11	75400761	FAM19A2	chr12	62022153	1	4	0	fr
WGC013148R	RPS3	chr11	75400794	FAM19A2	chr12	62022148	1	5	1	fr
WGC013086R	LOC101929140	chr13	41170981	CALM2	chr2	47162292	3	4	0	ff
WGC013128R	LOC101929140	chr13	41170981	CALM2	chr2	47162292	2	3	0	ff
WGC013134R	LOC101929140	chr13	41170981	CALM2	chr2	47162292	3	8	0	ff
WGC013148R	LOC101929140	chr13	41170981	CALM2	chr2	47162292	1	7	0	ff
WGC013072R	REG1A	chr2	79123242	RN7SK	chr6	52995840	1	5	0	ff
WGC013162R	EFNA3	chr1	155079068	S100A10	chr1	151986250	29	2	13	fr
WGC013128R	LDHA	chr11	18399443	DNAH6	chr2	84777994	3	6	0	rf
WGC013146R	LDHA	chr11	18399443	DNAH6	chr2	84777987	1	12	0	rf
WGC013140R	LDHA	chr11	18400868	DNAH6	chr2	84777994	2	17	0	rf
WGC013124R	LDHA	chr11	18405464	DNAH6	chr2	84777526	2	3	0	rf
WGC013126R	LDHA	chr11	18405464	DNAH6	chr2	84777526	1	7	0	rf
WGC013136R	LDHA	chr11	18405477	DNAH6	chr2	84777522	1	6	0	rf
WGC013136R	ANKRD17	chr4	73099018	HMGA1	chr6	34244953	2	4	0	rr
WGC013116R	EEF1D	chr8	143580677	ANKRD19P	chr9	92837293	1	22	1	rr
WGC013076R	MRPS36	chr5	69228285	GRM7-AS3	chr3	6773244	2	7	0	fr
WGC013162R	MRPS36	chr5	69228285	GRM7-AS3	chr3	6773244	1	15	1	fr
WGC013076R	RPS16	chr19	39433246	ZNF90	chr19	20125328	1	13	0	rf
WGC013055R	RPS16	chr19	39435614	ZNF90	chr19	20125287	1	7	0	rf
WGC013055R	RACK1	chr5	181238154	FER	chr5	108785227	1	8	1	rf
WGC013124R	RACK1	chr5	181238163	FER	chr5	108785218	1	5	0	rf
WGC013140R	RACK1	chr5	181238178	FER	chr5	108785111	1	7	0	rf
WGC013136R	RACK1	chr5	181239076	FER	chr5	108785117	1	5	0	rf
WGC013055R	RACK1	chr5	181239094	FER	chr5	108785221	2	8	0	rf
WGC013050R	RACK1	chr5	181242178	FER	chr5	108785114	2	5	0	rf
WGC013152R	C5orf42	chr5	37210001	OFD1	chrX	13746860	1	4	0	rr
WGC017518R	ANKRD23	chr2	96842058	ANKRD39	chr2	96848442	1	8	0	rr
WGC013078R	ANKRD23	chr2	96842437	ANKRD39	chr2	96848393	2	40	0	rr
WGC013162R	PTRHD1	chr2	24790436	CENPO	chr2	24793222	2	41	0	rr
WGC013098R	FMN2	chr1	240143448	PSMD2	chr3	184306838	1	25	0	fr
WGC013122R	FMN2	chr1	240144377	PSMD2	chr3	184303726	1	31	0	fr
WGC013148R	TAGLN	chr11	117204524	PCSK7	chr11	117205036	1	6	1	fr
WGC017518R	CTD-2152M20.2	chr5	32121494	GOLPH3	chr5	32143879	1	8	0	rr
WGC017518R	IQCK	chr16	19858448	GPRC5B	chr16	19859056	2	43	0	rr
WGC013140R	ADIPOR2	chr12	1757780	RPS4X	chrX	72275679	1	4	0	rr
WGC013096R	PIPSL	chr10	93959757	PSMD4	chr1	151264854	1	45	0	rf
WGC013072R	ATP1B1	chr1	169124961	SLC30A9	chr4	42029469	2	3	2	ff
WGC013130R	ATP1B1	chr1	169132093	SLC30A9	chr4	42030090	1	5	1	ff
WGC013040R	LOC107133515	chr17	30602732	CPD	chr17	30387997	421	7	4	ff
WGC013040R	LOC107984974	chr17	31010656	CPD	chr17	30387997	421	3	4	ff
WGC013082R	BCCIP	chr10	125833917	DHX32	chr10	125853405	1	7	0	rr
WGC013140R	RPL27	chr17	43000004	MKLN1	chr7	131242939	1	5	1	ff
WGC013124R	RPL32	chr3	12836123	MTHFD1L	chr6	151099617	1	26	0	rf
WGC017518R	PGA3	chr11	61212807	LIPF	chr10	88678660	1	16	1	ff
WGC017518R	PGA4	chr11	61231636	LIPF	chr10	88678660	1	13	1	ff
WGC013122R	KIF4A	chrX	70297083	KIF4B	chr5	155014086	2	24	0	ff
WGC013074R	RP11-47A8.5	chr10	102643866	TRIM8	chr10	102654717	2	26	0	rr
WGC013062R	RP11-47A8.5	chr10	102644125	TRIM8	chr10	102644508	3	52	1	rr
WGC013102R	RP11-47A8.5	chr10	102644125	TRIM8	chr10	102644508	2	40	1	rr
WGC013204R	ACTR1A	chr10	102489146	NPHP1	chr2	110184168	2	2	2	fr
WGC013200R	IRAK3	chr12	66235217	RBMS1	chr2	160492171	1	5	1	ff
WGC013200R	IRAK3	chr12	66235217	RBMS1	chr2	160492886	2	5	1	ff
WGC013055R	RP11-847H18.2	chr12	34032137	ALG10B	chr12	38326469	1	31	0	rr
WGC013114R	RP11-847H18.2	chr12	34032137	ALG10B	chr12	38326469	2	43	0	rr
WGC013126R	RP11-847H18.2	chr12	34032137	ALG10B	chr12	38326469	2	63	0	rr
WGC013134R	RP11-847H18.2	chr12	34032137	ALG10B	chr12	38326469	1	40	0	rr
WGC013126R	RAB6A	chr11	73707456	RAB6C-AS1	chr2	129980394	1	21	1	rf
WGC013074R	RAB6A	chr11	73718657	RAB6C-AS1	chr2	129980394	1	4	0	rf
WGC013098R	PPP3CB-AS1	chr10	73504892	USP54	chr10	73517232	1	13	1	rr
WGC013182R	PPP3CB-AS1	chr10	73506701	USP54	chr10	73508095	2	55	0	rr
WGC013146R	RP11-574K11.24	chr10	73744163	SEC24C	chr10	73747003	1	48	1	rr
WGC013204R	PCOLCE2	chr3	142827359	RPL8	chr8	144790419	1	15	0	rr
WGC013204R	PCOLCE2	chr3	142827393	RPL8	chr8	144789912	1	15	0	rr
WGC013082R	PCOLCE2	chr3	142827573	RPL8	chr8	144792083	1	7	0	rr
WGC013122R	PCOLCE2	chr3	142827576	RPL8	chr8	144792058	1	17	0	rr
WGC013184R	NACA2	chr17	61590537	NACA	chr12	56713158	1	7	0	rr
WGC013136R	NACA2	chr17	61590538	NACA	chr12	56713189	2	27	0	rr
WGC013050R	NACA2	chr17	61590540	NACA	chr12	56713594	2	8	0	rr
WGC013100R	NACA2	chr17	61590540	NACA	chr12	56713594	2	15	0	rr
WGC013074R	NACA2	chr17	61590542	NACA	chr12	56713161	4	6	0	rr
WGC013074R	NACA2	chr17	61590542	NACA	chr12	56713591	2	6	0	rr
WGC013100R	NACA2	chr17	61590657	NACA	chr12	56713588	1	15	1	rr
WGC013184R	NACA2	chr17	61590662	NACA	chr12	56712878	1	7	0	rr
WGC013184R	NACA2	chr17	61590663	NACA	chr12	56712891	1	7	0	rr
WGC013040R	NACA2	chr17	61591106	NACA	chr12	56714677	1	15	1	rr
WGC017519R	DNAJC9	chr10	73245982	ZFYVE26	chr14	67799414	1	4	0	fr
WGC013084R	RPL32P3	chr3	129397535	RPL32	chr3	12840241	1	49	1	rr
WGC013204R	IST1	chr16	71923480	ZNF573	chr19	37792664	1	38	1	ff
WGC013072R	RASAL2	chr1	178411881	RPS14	chr5	150447714	1	14	0	fr
WGC013184R	PA2G4	chr12	56110612	LINC00886	chr3	156810187	2	15	0	fr
WGC013126R	BTF3	chr5	73503070	SENP7	chr3	101457557	1	4	1	fr
WGC013040R	BTF3	chr5	73503073	SENP7	chr3	101457554	1	6	0	fr
WGC013070R	BTF3	chr5	73505473	SENP7	chr3	101457557	1	5	1	fr
WGC013076R	PABPC1	chr8	100704297	PDS5A	chr4	39973341	1	50	1	rr
WGC013184R	PABPC1	chr8	100704973	PDS5A	chr4	39973340	2	20	0	rr
WGC013136R	PABPC1	chr8	100704974	PDS5A	chr4	39973348	1	22	0	rr
WGC013124R	PABPC1	chr8	100709558	PDS5A	chr4	39973342	1	24	0	rr
WGC013122R	RP11-155G14.6	chr7	128458894	HILPDA	chr7	128458273	1	43	0	ff
WGC013124R	LOC105373805	chr2	191031006	STAT4	chr2	191033048	1	28	1	rr
WGC013082R	TAGLN2	chr1	159919323	OXR1	chr8	106697566	2	59	0	rr
WGC013122R	CAP1	chr1	40070472	ROBO2	chr3	76434978	5	14	3	ff
WGC013124R	CAP1	chr1	40070472	ROBO2	chr3	76434978	2	17	1	ff
WGC013126R	CAP1	chr1	40070472	ROBO2	chr3	76434978	4	12	4	ff
WGC013156R	CAP1	chr1	40070472	ROBO2	chr3	76434978	5	8	5	ff
WGC013162R	CAP1	chr1	40070472	ROBO2	chr3	76434978	4	35	4	ff
WGC013184R	CAP1	chr1	40070472	ROBO2	chr3	76434978	1	8	1	ff
WGC017518R	CAP1	chr1	40070472	ROBO2	chr3	76434978	2	90	1	ff
WGC017518R	PCOLCE-AS1	chr7	100603974	PCOLCE	chr7	100606620	1	11	0	rr
WGC013116R	PCOLCE-AS1	chr7	100604028	PCOLCE	chr7	100605193	1	34	1	rr
WGC013124R	ANP32A	chr15	68787830	ANP32AP1	chr15	35237521	1	9	0	rf
WGC013054R	DNM1L	chr12	32726598	NAP1L1	chr12	76059871	1	14	0	rr
WGC013140R	DNM1L	chr12	32726599	NAP1L1	chr12	76053290	2	20	0	rr
WGC013055R	TET3	chr2	73986576	AC073046.25	chr2	73986042	2	54	0	ff
WGC013084R	RPPH1	chr14	20343373	MT-CO3	chrM	9837	1	3	3	ff
WGC013072R	RPPH1	chr14	20343374	MT-ND2	chrM	5453	1	5	1	ff
WGC013100R	CSPP1	chr8	67175799	ARFGEF1	chr8	67200352	2	4	0	rr
WGC013054R	ERP29	chr12	112022363	ZFP64	chr20	52110863	1	15	0	fr
WGC013114R	ERP29	chr12	112022501	ZFP64	chr20	52110858	2	9	0	fr
WGC013186R	RPL14	chr3	40462060	SCOC	chr4	140366550	1	6	0	rf
WGC013062R	SUGP2	chr19	19033876	ARMC6	chr19	19042759	1	23	0	rr
WGC013076R	BORCS8-MEF2B	chr19	19175670	BORCS8	chr19	19177360	1	44	0	rr
WGC013086R	EPN1	chr19	55708130	NLRP9	chr19	55708564	2	74	0	rr
WGC013082R	FAM90A1	chr12	8226441	FAM86FP	chr12	8235995	4	29	0	rr
WGC013124R	TBCA	chr5	77784997	ACTB	chr7	5528024	1	25	0	rf
WGC013128R	TBCA	chr5	77785000	ACTB	chr7	5528446	1	9	0	rf
WGC013134R	TBCA	chr5	77785666	ACTB	chr7	5528341	2	4	0	rf
WGC013122R	TBCA	chr5	77785674	ACTB	chr7	5528295	2	31	0	rf
WGC013098R	TBCA	chr5	77785678	ACTB	chr7	5528302	1	17	0	rf
WGC013154R	USP8	chr15	50499997	USP50	chr15	50500675	2	66	0	rr
WGC013136R	CTC-471J1.8	chr19	52143063	RPL37	chr5	40834557	1	27	1	fr
WGC013162R	CTC-471J1.8	chr19	52143064	RPL37	chr5	40834556	2	12	2	fr
WGC013122R	CTC-471J1.8	chr19	52143269	RPL37	chr5	40834562	1	10	0	fr
WGC013054R	ROBO2	chr3	76434526	CAP1	chr1	40064473	1	17	0	ff
WGC013074R	RP11-385D13.1	chr17	15627805	TRIM16	chr17	15636268	2	34	0	rr
WGC013044R	ZSWIM7	chr17	15999497	TTC19	chr17	16000212	2	92	0	rr
WGC013055R	ADPGK	chr15	72775034	ADPGK-AS1	chr15	72782948	2	96	0	rr
WGC013124R	PRPF3	chr1	150338223	PPP1R42	chr8	66985196	2	5	0	fr
WGC013162R	PRPF3	chr1	150338223	PPP1R42	chr8	66985196	2	6	0	fr
WGC017518R	PRPF3	chr1	150338223	PPP1R42	chr8	66985196	1	15	1	fr
WGC013114R	KRT13	chr17	41505338	MT-CO3	chrM	9319	1	6	1	ff
WGC013114R	KRT13	chr17	41505362	MT-CO3	chrM	9319	1	6	1	ff
WGC013084R	FAM92A	chr8	93728740	RBM12B	chr8	93729478	2	82	0	rr
WGC013122R	ATP2A1	chr16	28904447	RABEP2	chr16	28905488	2	36	0	rr
WGC013042R	SH2D7	chr15	78104325	CIB2	chr15	78104636	1	12	1	rr
WGC013164R	LPIN3	chr20	41359606	EMILIN3	chr20	41359967	1	48	0	rr
WGC013100R	TRPM3	chr9	70917171	PIGU	chr20	34645328	1	7	0	rr
WGC013040R	IWS1	chr2	127510333	SSH2	chr17	29778963	59	2	24	rr
WGC013164R	SNORD114-13	chr14	100969912	SNHG24	chr14	100969348	1	44	1	ff
WGC013130R	LOC102723824	chr2	42169865	EML4	chr2	42170458	1	30	1	rr
WGC013055R	LOC102723824	chr2	42169902	EML4	chr2	42171098	2	89	0	rr
WGC013074R	YME1L1	chr10	27154767	MASTL	chr10	27155021	2	65	0	rr
WGC013076R	RPL19	chr17	39204645	CATIP-AS2	chr2	218354436	1	4	0	rr
WGC013122R	TPT1	chr13	45338699	FLJ44635	chrX	72160331	2	17	0	rf
WGC013136R	TPT1	chr13	45340032	FLJ44635	chrX	72160123	2	30	0	rf
WGC013082R	TPT1	chr13	45340034	FLJ44635	chrX	72160331	1	13	0	rf
WGC013096R	RAB6C	chr2	129980677	RAB6A	chr11	73677870	1	48	0	fr
WGC013136R	SEPT10	chr2	109574647	LOC101929415	chr8	56477173	1	6	0	rr
WGC013084R	PPP2R3C	chr14	35122440	KIAA0391	chr14	35123131	2	24	0	rr
WGC013048R	LINC01378	chr4	117575387	NT5C3A	chr7	33015847	1	24	0	rr
WGC013084R	PSMC3	chr11	47424119	SAXO1	chr9	19027437	1	5	0	fr
WGC013192R	PSMC3	chr11	47424119	SAXO1	chr9	19027437	1	4	0	fr
WGC013098R	PSMC3	chr11	47425249	SAXO1	chr9	19027004	1	4	0	fr
WGC013106R	RP11-410L14.2	chr8	99012882	VPS13B	chr8	99013934	2	69	0	rr
WGC013042R	FHOD3	chr18	36769264	TPGS2	chr18	36780205	1	24	1	rr
WGC013096R	FHOD3	chr18	36769264	TPGS2	chr18	36780205	1	16	0	rr
WGC013084R	FHOD3	chr18	36779857	TPGS2	chr18	36780523	1	24	0	rr
WGC013048R	CCNJL	chr5	160258521	UQCRB	chr8	96231827	3	2	0	fr
WGC013074R	CCNJL	chr5	160258521	UQCRB	chr8	96231827	1	14	0	fr
WGC013180R	CCNJL	chr5	160258521	UQCRB	chr8	96231827	1	13	0	fr
WGC013116R	ZNF217	chr20	53587567	LOC400927	chr22	38391885	2	80	1	rr
WGC013136R	PAQR4	chr16	2972698	PKMYT1	chr16	2972978	1	37	0	rr
WGC013096R	THOC6	chr16	3027411	BICDL2	chr16	3027960	2	62	0	rr
WGC013048R	ZNF205	chr16	3119837	ZNF213-AS1	chr16	3120525	2	54	0	rr
WGC013146R	RP11-159L20.2	chr14	30821496	RPL27	chr17	43000002	4	2	3	rr
WGC013040R	RP11-159L20.2	chr14	30821497	RPL27	chr17	43000003	2	2	2	rr
WGC013050R	RIMS2	chr8	103768940	RPS6	chr9	19376565	1	29	0	fr
WGC013114R	AIDA	chr1	222669674	ROCK2	chr2	11308587	1	23	0	rf
WGC013162R	KATNBL1	chr15	34152962	ADGB	chr6	146803568	1	13	0	rr
WGC013055R	TCP1	chr6	159787741	RP11-405A12.2	chr12	19941849	2	9	0	rf
WGC013096R	RPL23	chr17	38850129	RPL23P8	chr7	20827413	1	43	0	rf
WGC013190R	RPL23	chr17	38850137	RPL23P8	chr7	20827406	1	39	0	rf
WGC013140R	RPL23	chr17	38850367	RPL23P8	chr7	20827414	1	40	0	rf
WGC013146R	RPL23	chr17	38850378	RPL23P8	chr7	20827417	1	21	1	rf
WGC013055R	RPL23	chr17	38850433	RPL23P8	chr7	20827416	2	22	0	rf
WGC013184R	RPL23	chr17	38850433	RPL23P8	chr7	20827416	1	25	0	rf
WGC013074R	RPL23	chr17	38852633	RPL23P8	chr7	20827542	1	13	0	rf
WGC013040R	TMEM189-UBE2V1	chr20	50081892	NAALADL2	chr3	175718628	1	36	0	ff
WGC013178R	CAPZA1	chr1	112670548	BAZ2B	chr2	159462688	1	25	0	fr
WGC013116R	MTHFD1L	chr6	150934895	ARL4A	chr7	12687646	1	47	0	ff
WGC013116R	TMEM86A	chr11	18704409	IGSF22	chr11	18705966	1	22	1	rr
WGC013152R	TMEM86A	chr11	18704669	IGSF22	chr11	18704951	1	30	0	rr
WGC013126R	CAGE1	chr6	7339311	RPS3	chr11	75404777	1	19	0	rf
WGC013068R	CAGE1	chr6	7339312	RPS3	chr11	75400693	1	28	0	rf
WGC013072R	MALAT1	chr11	65499354	RPPH1	chr14	20343151	1	5	1	ff
WGC013040R	RPLP0	chr12	120198638	RP11-133K1.6	chr15	40312811	1	9	0	ff
WGC013084R	TEX14	chr17	58660826	IGBP1	chrX	70146655	1	5	0	rf
WGC013050R	NNT-AS1	chr5	43587192	AMD1	chr6	110894120	1	7	0	rf
WGC013040R	RPL23P8	chr7	20827436	RPL23	chr17	38852654	1	31	0	fr
WGC013062R	WRN	chr8	31173130	RP11-363L24.3	chr8	31173776	1	19	1	rr
WGC013178R	RP11-274B18.4	chr9	68610244	DSE	chr6	116431050	1	4	0	ff
WGC013132R	RN7SK	chr6	52995901	MALAT1	chr11	65503758	1	4	0	ff
WGC013054R	LAP3	chr4	17588959	PANDAR	chr6	36674565	2	19	0	ff
WGC013192R	OXA1L	chr14	22773002	SLC7A7	chr14	22773603	1	47	0	rr
WGC013072R	RPPH1	chr14	20343081	MT-ND4	chrM	11302	2	4	0	rf
WGC013162R	ZNF518A	chr10	96191516	BLNK	chr10	96192048	2	28	0	rr
WGC013068R	KAT14	chr20	18145350	PET117	chr20	18142207	2	33	0	ff
WGC013186R	RPL31	chr2	101010928	TBC1D8	chr2	101022520	2	70	0	rr
WGC013132R	POLR2C	chr16	57471995	DOK4	chr16	57472337	2	35	0	rr
WGC013106R	PTPN12	chr7	77637047	CCDC146	chr7	77282556	24	2	10	ff
WGC013136R	DDX19B	chr16	70333520	LOC100506083	chr16	70334657	2	33	0	rr
WGC013136R	DDX19B	chr16	70333597	LOC100506083	chr16	70334587	1	34	0	rr
WGC017519R	DDX19B	chr16	70333744	LOC100506083	chr16	70334550	1	31	0	rr
WGC013164R	RPS4X	chrX	72273246	VPS53	chr17	656900	1	19	0	rr
WGC013072R	SNN	chr16	11679142	TXNDC11	chr16	11688427	2	88	0	rr
WGC013048R	RPS6	chr9	19376339	GCDH	chr19	12894129	1	16	0	rf
WGC013124R	RPS6	chr9	19376551	GCDH	chr19	12894128	1	12	1	rf
WGC013040R	RPS6	chr9	19378374	GCDH	chr19	12894129	1	30	0	rf
WGC013084R	RPS6	chr9	19378438	GCDH	chr19	12894128	1	10	1	rf
WGC013136R	RPS6	chr9	19378438	GCDH	chr19	12894128	1	25	0	rf
WGC013054R	RPS6	chr9	19378447	GCDH	chr19	12894128	1	21	0	rf
WGC013162R	RPS6	chr9	19378738	GCDH	chr19	12894130	2	15	0	rf
WGC013040R	RPS6	chr9	19378886	GCDH	chr19	12894128	1	30	0	rf
WGC013122R	MTRNR2L12	chr3	96617461	RNR2	chrM	2335	1	25	0	rf
WGC013132R	MT-ND6	chrM	14492	MALAT1	chr11	65502228	1	4	0	rf
WGC013200R	RP11-693J15.5	chr12	92484026	LINC02397	chr12	92483357	2	26	2	ff
WGC013204R	DNAH1	chr3	52373961	PPP2R5C	chr14	101901716	1	16	0	ff
WGC013124R	FMN2	chr1	240144150	PSMD2	chr3	184302430	2	35	0	rf
WGC013110R	FMN2	chr1	240144360	PSMD2	chr3	184302467	1	14	0	rf
WGC013132R	ATG16L2	chr11	72836605	FCHSD2	chr11	72837425	1	40	0	rr
WGC013072R	MT-ND6	chrM	14384	RPPH1	chr14	20343239	1	5	0	rr
WGC013042R	DSTNP2	chr12	6885285	DSTN	chr20	17607855	1	7	0	ff
WGC013124R	RPL22	chr1	6197665	RADIL	chr7	4865797	1	10	0	rr
WGC013054R	ZC3H11A	chr1	203847273	EYS	chr6	65303125	2	53	0	ff
WGC013040R	ANKRD39	chr2	96854332	SEMA4C	chr2	96863925	3	2	4	rf
WGC013055R	SEPT11	chr4	76958903	TXN	chr9	110251451	1	8	0	rr
WGC013072R	RPPH1	chr14	20343077	PGC	chr6	41744478	1	5	2	rr
WGC013040R	DAPK1	chr9	87525471	RPS29	chr14	49583652	1	48	0	fr
WGC013152R	RNF14	chr5	141978533	AGBL3	chr7	135128715	1	4	1	ff
WGC017518R	LIPF	chr10	88668675	PGC	chr6	41737788	1	8	1	rr
WGC013132R	HAS3	chr16	69118679	CHTF8	chr16	69119560	1	38	0	rr
WGC013192R	C12orf29	chr12	88048631	CEP290	chr12	88049135	1	27	1	rr
WGC013084R	C12orf29	chr12	88048634	CEP290	chr12	88049130	1	19	0	rr
WGC013140R	PTPRA	chr20	2864461	VPS16	chr20	2864178	2	89	0	ff
WGC013106R	APP	chr21	25954589	ZBTB21	chr21	41994107	42	3	8	rr
WGC013162R	RAET1E-AS1	chr6	149919325	RAET1G	chr6	149919552	2	15	0	rr
WGC013062R	BUD31	chr7	99419454	ATP5J2-PTCD1	chr7	99419902	2	95	0	rr
WGC013102R	APBB3	chr5	140564538	SLC35A4	chr5	140564850	2	92	0	rr
WGC013162R	SMCO4	chr11	93535705	SRP14	chr15	40036006	1	15	0	rf
WGC013178R	ACOT8	chr20	45857334	ZSWIM3	chr20	45857903	1	14	0	rr
WGC017519R	GLUL	chr1	182386362	GLRA1	chr5	151850161	1	5	0	fr
WGC013084R	TAS1R3	chr1	1335306	DVL1	chr1	1336338	1	21	1	rr
WGC013044R	LINC01770	chr1	1434330	VWA1	chr1	1435547	2	45	0	rr
WGC013124R	CLUAP1	chr16	3538908	NLRC3	chr16	3539802	2	91	0	rr
WGC013110R	NUP153	chr6	17706530	LOC105374952	chr6	17706882	2	21	0	rr
WGC013152R	CLIC2	chrX	155334369	RP13-228J13.1	chrX	155335247	2	24	0	rr
WGC013082R	CLIC2	chrX	155334370	RP13-228J13.1	chrX	155335248	2	25	0	rr
WGC013110R	CLIC2	chrX	155334370	RP13-228J13.1	chrX	155335248	2	17	0	rr
WGC013162R	CLIC2	chrX	155334370	RP13-228J13.1	chrX	155335248	1	18	1	rr
WGC017518R	CLIC2	chrX	155334370	RP13-228J13.1	chrX	155335248	1	5	1	rr
WGC013128R	THUMPD3-AS1	chr3	9397088	SETD5	chr3	9397981	2	96	0	rr
WGC013186R	OGG1	chr3	9766172	CAMK1	chr3	9766778	2	95	0	rr
WGC013128R	AK9	chr6	109690810	FIG4	chr6	109691294	1	8	0	rr
WGC013140R	GAS5	chr1	173865215	MDN1	chr6	89721454	1	4	0	rf
WGC013084R	GAS5	chr1	173865509	MDN1	chr6	89721351	1	4	0	rf
WGC013084R	TMEM179B	chr11	62790331	TMEM223	chr11	62790728	1	43	0	rr
WGC013074R	GPR89A	chr1	145670505	PDZK1	chr1	145671238	2	50	0	rr
WGC013178R	TMSB10	chr2	84906465	AGAP1	chr2	235882390	1	7	0	rf
WGC013128R	MICALL1	chr22	37942786	C22orf23	chr22	37944511	2	36	0	rr
WGC013084R	USP14	chr18	212653	THOC1	chr18	214600	2	80	0	rr
WGC017519R	RPS4X	chrX	72272646	INTS6-AS1	chr13	51461050	1	15	1	rf
WGC013148R	PCSK7	chr11	117204818	TAGLN	chr11	117204776	1	15	1	rf
WGC013140R	RPS5	chr19	58394704	DSE	chr6	116258554	2	36	0	rf
WGC013096R	RMDN2	chr2	37929261	RMDN2-AS1	chr2	37975313	1	17	0	rr
WGC013044R	LRP4-AS1	chr11	46873487	LRP4	chr11	46876565	2	23	0	rr
WGC013072R	RPLP0P2	chr11	61637334	RPLP0	chr12	120199406	1	4	0	fr
WGC013122R	RPLP0P2	chr11	61637341	RPLP0	chr12	120199406	3	2	1	fr
WGC013130R	RPLP0P2	chr11	61637343	RPLP0	chr12	120199409	1	4	1	fr
WGC013084R	MKRN2	chr3	12583654	RAF1	chr3	12585792	2	61	0	rr
WGC013054R	RWDD4	chr4	183645594	SRPK2	chr7	105302052	2	23	1	fr
WGC013086R	RWDD4	chr4	183645594	SRPK2	chr7	105302052	2	21	0	fr
WGC013054R	APOL1	chr22	36253924	APOL2	chr22	36238436	2	38	0	fr
WGC013084R	PPP6R2	chr22	50444561	SBF1	chr22	50445555	2	30	0	rr
WGC013050R	ANP32C	chr4	164197382	ANP32A	chr15	68787481	5	4	0	rr
WGC013140R	GAPDH	chr12	6537672	PPP5D1	chr19	46559069	1	8	0	ff
WGC013074R	NFATC3	chr16	68227081	ESRP2	chr16	68228740	2	66	0	rr
WGC013040R	SLC25A3	chr12	98600049	TMEM116	chr12	111993246	2	3	0	ff
WGC013140R	UBAC2	chr13	99215672	H2AFZ	chr4	99950226	2	9	0	rr
WGC013204R	KB-1562D12.1	chr8	101492138	GRHL2	chr8	101492464	2	40	0	rr
WGC013128R	HOXB-AS1	chr17	48545494	HOXB3	chr17	48549945	2	37	1	rr
WGC013122R	SEC61A1	chr3	128065135	RUVBL1	chr3	128082568	1	8	0	rr
WGC013140R	GCC2-AS1	chr2	108533807	LIMS3-LOC440895	chr2	110468253	2	3	1	fr
WGC013042R	USP9Y	chrY	12709542	TTTY15	chrY	12690325	1	7	0	ff
WGC013100R	FARP2	chr2	241493112	STK25	chr2	241495081	1	27	1	rr
WGC013078R	PAXBP1-AS1	chr21	32741920	PAXBP1	chr21	32743298	2	100	0	rr
WGC013128R	CCNJL	chr5	160258503	UQCRB	chr8	96230926	2	55	0	rf
WGC013156R	C17orf80	chr17	73232151	COG1	chr17	73208343	2	4	0	ff
WGC013186R	TOMM40	chr19	44903430	C2orf27A	chr2	131724018	2	59	0	fr
WGC013040R	KRBOX4	chrX	46472142	ZNF674	chrX	46501334	1	47	0	fr
WGC013114R	KRBOX4	chrX	46472142	ZNF674	chrX	46501331	1	32	0	fr
WGC013190R	KRBOX4	chrX	46472142	ZNF674	chrX	46501334	1	45	0	fr
WGC013204R	PI4KB	chr1	151316336	RP11-126K1.9	chr1	151328072	1	21	1	rr
WGC013154R	GPN1	chr2	27650194	SUPT7L	chr2	27651229	2	68	0	rr
WGC013146R	MALSU1	chr7	23307867	IGF2BP3	chr7	23310304	1	33	0	rr
WGC013132R	DHRS3	chr1	12617207	RP11-474O21.5	chr1	12619017	1	19	1	rr
WGC013124R	RP11-26J3.4	chr8	80033669	TPD52	chr8	80053375	1	16	0	rr
WGC017518R	ZCCHC17	chr1	31364170	FABP3	chr1	31365682	1	38	1	rr
WGC013074R	RP11-1096G20.5	chr17	11977246	ZNF18	chr17	11978742	2	40	0	rr
WGC013132R	RP11-1096G20.5	chr17	11977246	ZNF18	chr17	11978742	2	13	1	rr
WGC013162R	RP11-1096G20.5	chr17	11977246	ZNF18	chr17	11978742	1	26	1	rr
WGC013062R	RP11-1096G20.5	chr17	11977247	ZNF18	chr17	11978743	2	35	0	rr
WGC013084R	RP11-1096G20.5	chr17	11977247	ZNF18	chr17	11978743	1	8	0	rr
WGC013096R	RP11-1096G20.5	chr17	11977247	ZNF18	chr17	11978743	2	24	0	rr
WGC013100R	RP11-1096G20.5	chr17	11977247	ZNF18	chr17	11978743	4	17	0	rr
WGC013182R	RP11-1096G20.5	chr17	11977247	ZNF18	chr17	11978743	1	35	0	rr
WGC013148R	RP11-1096G20.5	chr17	11977364	ZNF18	chr17	11978426	1	34	0	rr
WGC013070R	UBAC2	chr13	99215449	H2AFZ	chr4	99948107	1	5	0	ff
WGC013068R	SCNN1D	chr1	1280665	RP5-902P8.10	chr1	1279067	1	12	0	ff
WGC013098R	SCNN1D	chr1	1280665	RP5-902P8.10	chr1	1279067	1	47	0	ff
WGC013154R	TUBGCP4	chr15	43406074	TP53BP1	chr15	43407299	2	69	0	rr
WGC013084R	TDRD6	chr6	46702634	PLA2G7	chr6	46704553	1	49	1	rr
WGC013204R	TDRD6	chr6	46703559	PLA2G7	chr6	46705294	2	65	0	rr
WGC013124R	NOC2LP2	chr2	131442966	NOC2L	chr1	946281	1	10	0	rr
WGC013190R	UTP14C	chr13	52030752	UTP14A	chrX	129924950	2	31	0	ff
WGC013068R	SEPT7	chr7	35883906	KMT2C	chr7	152368183	1	6	0	rr
WGC017518R	KIF2A	chr5	62386138	DIMT1	chr5	62387357	1	48	0	rr
WGC013164R	GAPDH	chr12	6537880	ADRA1B	chr5	159950546	2	6	0	rf
WGC013190R	ZNF8-ERVK3-1	chr19	58314789	LOC105372480	chr19	58325301	2	15	0	rr
WGC013124R	AEBP2	chr12	19456870	EEF1A1	chr6	73518730	1	4	0	ff
WGC013136R	SNX6	chr14	34569054	RPS19	chr19	41861108	1	14	0	rf
WGC013190R	ZBTB25	chr14	64504898	ZBTB1	chr14	64522546	1	18	0	rr
WGC013132R	TMEM184C	chr4	147637344	PRMT9	chr4	147638438	1	48	1	rr
WGC013200R	TEX9	chr15	56443429	MNS1	chr15	56446942	1	32	0	rr
WGC013116R	LAMP5-AS1	chr20	9514540	LAMP5	chr20	9515611	2	10	0	rr
WGC013164R	ZSCAN21	chr7	100063786	ZNF3	chr7	100065893	2	86	0	rr
WGC013100R	DOPEY1	chr6	83161867	PGM3	chr6	83168482	2	100	0	rr
WGC013124R	ALKBH3-AS1	chr11	43920344	RP11-613D13.4	chr11	43921282	1	32	1	rr
WGC013146R	IL24	chr1	206902915	FCMR	chr1	206904593	2	67	0	rr
WGC013042R	RINT1	chr7	105563730	EFCAB10	chr7	105567324	2	29	0	rr
WGC013204R	RPL5	chr1	92833571	SNHG14	chr15	24909846	1	10	1	fr
WGC013116R	FAM229A	chr1	32362140	TSSK3	chr1	32362662	2	40	0	rr
WGC013146R	ZBTB8OS	chr1	32650269	RBBP4	chr1	32657571	1	50	1	rr
WGC013080R	PARPBP	chr12	102195311	PMCH	chr12	102197728	2	44	0	rr
WGC013116R	HOXA3	chr7	27124491	HOXA-AS2	chr7	27128259	1	26	1	rr
WGC013186R	POLR3B	chr12	106510137	LOC100287944	chr12	106510353	1	42	0	rr
WGC013082R	RNF212B	chr14	23272923	HOMEZ	chr14	23274980	1	29	1	rr
WGC013102R	ZNF577	chr19	51887828	ZNF649-AS1	chr19	51888597	4	158	0	rr
WGC013186R	LYST	chr1	235738712	LDHA	chr11	18403699	1	4	0	ff
WGC013132R	TP73	chr1	3735581	TP73-AS1	chr1	3736216	1	33	1	rr
WGC013068R	C19orf71	chr19	3543899	MFSD12	chr19	3546122	2	55	0	rr
WGC013078R	TJP3	chr19	3750770	APBA3	chr19	3752989	2	97	0	rr
WGC013100R	RELL2	chr5	141639905	FCHSD1	chr5	141641399	1	30	0	rr
WGC013156R	CMTM2	chr16	66579816	CKLF-CMTM1	chr16	66578107	1	27	0	ff
WGC013204R	CATSPER3	chr5	134970091	PCBD2	chr5	134959039	1	48	1	ff
WGC013140R	ARHGAP27P1-BPTFP1-KPNA2P3	chr17	64750835	SNRNP200	chr2	96279555	2	5	0	fr
WGC013152R	FAM98B	chr15	38487008	RASGRP1	chr15	38488209	2	84	0	rr
WGC013126R	RPL24	chr3	101681123	CNPY3-GNMT	chr6	42956729	2	19	0	rr
WGC013072R	RPL24	chr3	101681136	CNPY3-GNMT	chr6	42956733	2	49	0	rr
WGC013122R	RPL24	chr3	101681148	CNPY3-GNMT	chr6	42956735	1	40	0	rr
WGC013140R	LOC105371703	chr17	27082967	TUFM	chr16	28844304	1	5	0	rr
WGC013140R	LOC105371703	chr17	27083615	TUFM	chr16	28846005	1	5	1	rr
WGC013042R	SWSAP1	chr19	11376548	EPOR	chr19	11378165	1	8	0	rr
WGC013192R	HEXDC	chr17	82442311	C17orf62	chr17	82442616	2	26	0	rr
WGC017518R	CALML4	chr15	68205153	RP11-315D16.2	chr15	68206484	1	15	0	rr
WGC013204R	RP3-333B15.4	chr20	23518954	CST13P	chr20	23519166	1	8	1	rr
WGC013074R	CH17-140K24.4	chr5	141180690	PCDHB8	chr5	141180461	2	59	0	ff
WGC013098R	PCDHB10	chr5	141192115	PCDHB9	chr5	141188406	2	52	0	ff
WGC013126R	LOC105371998	chr18	12447334	SPIRE1	chr18	12449037	1	45	1	rr
WGC013032R	LOC101928120	chr1	154962367	SHC1	chr1	154963780	1	48	1	rr
WGC013148R	RP11-363E7.4	chr9	19453988	ACER2	chr9	19451971	1	37	0	ff
WGC013184R	RP5-994D16.9	chr1	42776593	LOC105378683	chr1	42778298	1	43	0	rr
WGC013148R	RYR3	chr15	33865207	AVEN	chr15	33867557	2	44	0	rr
WGC013102R	NGRN	chr15	90275367	PERP	chr6	138092152	1	6	0	fr
WGC013182R	LOC101927780	chr14	61568993	FLJ22447	chr14	61570809	1	18	0	rr
WGC013192R	NPR2	chr9	35807030	SPAG8	chr9	35809540	1	18	1	rr
WGC013032R	ZRANB2-AS1	chr1	71064966	ZRANB2	chr1	71069359	1	33	1	rr
WGC013156R	RP11-690I21.2	chr2	231810591	COPS7B	chr2	231809206	2	48	0	ff
WGC013070R	EXO5	chr1	40515749	RP11-656D10.6	chr1	40516670	1	28	0	rr
WGC013070R	LINC00886	chr3	156809783	PA2G4	chr12	56112943	2	6	0	rf
WGC013102R	NASP	chr1	45606481	AC022182.1	chr8	60938550	1	18	0	rf
WGC013162R	NASP	chr1	45606481	AC022182.1	chr8	60938550	1	17	0	rf
WGC013040R	TVP23B	chr17	18804216	MKL2	chr16	14200934	2	6	0	ff
WGC013050R	MALAT1	chr11	65504694	RN7SK	chr6	52995848	1	4	0	ff
WGC013096R	MT-ND6	chrM	14619	KPNA4	chr3	160515091	1	4	0	rr
WGC013192R	BRI3	chr7	98292609	BAIAP2L1	chr7	98293101	1	22	0	rr
WGC013124R	FTX	chrX	74159945	MKRN1	chr7	140453247	1	6	0	rr
WGC013190R	TMEM189-UBE2V1	chr20	50081419	NAALADL2	chr3	175718653	1	11	0	rr
WGC013100R	C3orf62	chr3	49276705	USP4	chr3	49278401	1	33	0	rr
WGC013130R	COPS8	chr2	237098032	FAM19A1	chr3	68145194	2	3	0	ff
WGC013040R	AL158801.1	chr14	55229260	UBE2L3	chr22	21622075	2	36	0	ff
WGC013032R	PRSS23	chr11	86952176	FZD4	chr11	86953350	2	35	0	rr
WGC013040R	HSPA8	chr11	123058353	HTR2C	chrX	114776352	1	7	0	ff
WGC013042R	KB-1507C5.4	chr8	102978952	AZIN1-AS1	chr8	102977584	1	32	1	ff
WGC013082R	KB-1507C5.4	chr8	102978954	AZIN1-AS1	chr8	102977586	1	19	1	ff
WGC013084R	KB-1507C5.4	chr8	102978954	AZIN1-AS1	chr8	102977586	1	5	0	ff
WGC013124R	KB-1507C5.4	chr8	102978954	AZIN1-AS1	chr8	102977586	2	28	0	ff
WGC013074R	WLS	chr1	68160352	ZRANB1	chr10	124987640	2	14	0	rr
WGC013164R	AP1S2	chrX	15833469	LOC653653	chr17	60102385	2	3	0	rr
WGC013054R	CSNK1A1	chr5	149513094	CSNK1A1L	chr13	37104679	1	5	0	rr
WGC013124R	SEPT10	chr2	109545090	LOC101929415	chr8	56476842	1	8	0	ff
WGC013148R	SNX5	chr20	17956957	CCDC158	chr4	76345204	2	6	0	rf
WGC013192R	HIC1	chr17	2058191	SMG6	chr17	2059925	1	10	0	rr
WGC013084R	ABCA3	chr16	2332588	RPS16	chr19	39433713	1	4	0	rr
WGC013146R	UBE2N	chr12	93409971	UBE2NL	chrX	143884367	1	4	0	rf
WGC013190R	LIPE-AS1	chr19	42485462	ZFAND5	chr9	72355219	1	50	0	ff
WGC013182R	XPOT	chr12	64421296	ASIP	chr20	34215223	2	16	0	fr
WGC013048R	ETF1	chr5	138512784	RHEB	chr7	151502883	1	12	1	rf
WGC013132R	RALGPS1	chr9	127216037	RP13-225O21.2	chr9	127217886	1	38	0	rr
WGC013156R	RPS15A	chr16	18788111	KIZ	chr20	21166453	2	17	0	ff
WGC013136R	SNX25	chr4	185363906	LRP2BP	chr4	185369922	1	36	0	rr
WGC013062R	RPL19	chr17	39203029	CATIP-AS2	chr2	218354293	8	5	6	ff
WGC013164R	RBMS2	chr12	56563460	CEP83	chr12	94424907	2	43	0	fr
WGC013132R	RMRP	chr9	35657891	MT-ND5	chrM	14109	1	6	1	rf
WGC013074R	RB1	chr13	48328328	PCNP	chr3	101594111	2	6	0	rf
WGC013084R	PPHLN1	chr12	42433245	FXR1	chr3	180947921	2	2	2	fr
WGC013114R	HSPA8	chr11	123057810	MGC4859	chr7	10452620	1	17	1	rf
WGC013130R	TLX2	chr2	74517131	DQX1	chr2	74518868	1	32	1	rr
WGC013068R	NACA	chr12	56713559	NACA2	chr17	61591201	1	30	1	rr
WGC013034R	CENPO	chr2	24821533	ADCY3	chr2	24822618	2	68	0	rr
WGC013034R	FMNL3	chr12	49676361	CLEC16A	chr16	11024918	3	2	4	rr
WGC013034R	LINC01138	chr1	148436588	FAM91A1	chr8	123806120	1	17	0	ff
WGC013034R	BACH1-AS1	chr21	29370918	BACH1-IT2	chr21	29372560	2	32	0	rr
WGC013034R	RPL32	chr3	12836077	NUDCD3	chr7	44467977	2	24	0	rf
WGC013034R	LOC101927974	chr7	107743845	CBLL1	chr7	107748956	1	13	0	rr
WGC013034R	HIST2H2AB	chr1	149887495	BOLA1	chr1	149887927	2	85	0	rr
WGC013034R	NACA2	chr17	61590541	NACA	chr12	56713159	1	6	0	rr
WGC013034R	NCAPG	chr4	17844739	LCORL	chr4	17845246	1	43	0	rr
WGC013034R	BAIAP3	chr16	1349257	TSR3	chr16	1349560	2	33	0	rr
WGC013034R	WDR54	chr2	74425649	RTKN	chr2	74425900	2	45	0	rr
WGC013034R	PCBP4	chr3	51968074	ABHD14B	chr3	51969958	1	23	0	rr
WGC013034R	RP11-83A24.2	chr4	139453279	RAB33B	chr4	139454319	1	27	0	rr
WGC013034R	YY1	chr14	100278280	AL157871.2	chr14	100280058	2	95	0	rr
WGC013034R	MT-TV	chrM	1608	RNR2	chrM	1680	1	17	0	rf
WGC013034R	GLUD1	chr10	87051775	GLUD2	chrX	121048739	1	22	0	rf
WGC013038R	HIST2H2AC	chr1	149887335	HIST2H2AB	chr1	149887595	2	65	0	rr
WGC013038R	MALAT1	chr11	65500513	MT-ATP6	chrM	9107	1	6	1	rf
WGC013038R	MALAT1	chr11	65500520	MT-ND5	chrM	13074	1	6	1	rf
WGC013038R	RP11-847H18.2	chr12	34032137	ALG10B	chr12	38326469	2	68	0	rr
WGC013038R	PPHLN1	chr12	42433245	FXR1	chr3	180947921	1	4	1	fr
WGC013038R	CLVS1	chr8	61501608	ASPH	chr8	61502043	1	30	0	rr
WGC013038R	UQCRB	chr8	96231856	NBDY	chrX	56737307	1	15	0	ff
WGC013058R	NACA	chr12	56714601	NACAP1	chr8	101368969	1	4	0	rf
WGC013058R	LOC105371730	chr17	32142728	ORMDL3	chr17	39923262	2	6	0	fr
WGC013058R	LOC105371730	chr17	32142728	ORMDL3	chr17	39924219	31	6	17	fr
WGC013058R	LOC105371730	chr17	32142728	ORMDL3	chr17	39924224	43	6	25	fr
WGC013058R	PGAP3	chr17	39687833	ERBB2	chr17	39688695	27	2	9	rf
WGC013058R	RPL32	chr3	12840155	NUDCD3	chr7	44467982	1	23	0	rf
WGC013058R	BMP2K	chr4	78912088	PAQR3	chr4	78913358	3	114	0	rr
WGC013058R	TULP4	chr6	158314267	RP11-732M18.4	chr6	158312050	9	123	2	ff
WGC013058R	RP11-48B3.5	chr8	80485415	ZBTB10	chr8	80485646	1	23	1	rr
WGC013094R	FLNB	chr3	58008855	SLMAP	chr3	57907883	87	3	13	ff
WGC013094R	FLNB	chr3	58008855	SLMAP	chr3	57909075	7	3	2	ff
WGC013094R	FLNB	chr3	58061438	SLMAP	chr3	57903943	56	4	7	ff
WGC013094R	THOC2	chrX	123628808	STAG2	chrX	124040580	88	9	29	rr
WGC013094R	THOC2	chrX	123630742	STAG2	chrX	124037622	9	9	0	rr
WGC013094R	PRRC2C	chr1	171577636	CHRM3	chr1	239492708	16	4	12	ff
WGC013094R	CKAP2L	chr2	112740817	CCDC148	chr2	158250911	15	2	3	rr
WGC013094R	SAR1A	chr10	70163850	CALM2	chr2	47162291	7	265	4	rf
WGC013094R	NIT2	chr3	100346254	CMSS1	chr3	100166334	16	2	4	ff
WGC013094R	PDS5A	chr4	39973320	PABPC1	chr8	100706778	2	21	0	rr
WGC013094R	PKP4	chr2	158457217	NT5DC4	chr2	112721817	22	2	15	ff
WGC013094R	PKP4	chr2	158458305	NT5DC4	chr2	112721816	10	2	8	ff
WGC013094R	SLC35B3	chr6	8416883	TNR	chr1	175391437	5	3	5	rr
WGC013094R	TAX1BP1	chr7	27814630	JAZF1	chr7	27833730	3	59	1	rr
WGC013094R	HNRNPR	chr1	23340889	MLLT10	chr10	21626177	1	15	0	rr
WGC013094R	COG8	chr16	69328637	TERF2	chr16	69361488	9	2	0	rr
WGC013094R	GOLGA3	chr12	132826032	RPS11	chr19	49498006	2	33	0	rr
WGC013094R	EDARADD	chr1	236483619	ENO1	chr1	8866392	1	17	0	fr
WGC013094R	ERBB2	chr17	39688799	PNMT	chr17	39669628	2	9	0	ff
WGC013094R	TOMM40	chr19	44903133	C2orf27A	chr2	131723923	2	39	0	rf
WGC013094R	MALAT1	chr11	65500557	MT-ND4	chrM	10981	2	3	0	rf
WGC013094R	MALAT1	chr11	65505886	MT-ND5	chrM	12750	2	3	0	ff
WGC013094R	STAT1	chr2	190993362	RAB1A	chr2	65088601	2	4	0	rr
WGC013094R	TMEM189-UBE2V1	chr20	50082164	NAALADL2	chr3	175718362	2	13	0	ff
WGC013094R	RPS3A	chr4	151103093	SH3D19	chr4	151122080	2	11	0	rr
WGC013094R	RPLP0	chr12	120199382	RPLP0P2	chr11	61637290	2	3	0	rf
WGC013104R	PVT1	chr8	127794733	LINC00974	chr17	41552536	7	52	1	fr
WGC013104R	PVT1	chr8	127794733	LINC00974	chr17	41554410	842	52	434	fr
WGC013104R	PVT1	chr8	127796007	LINC00974	chr17	41554410	147	52	63	fr
WGC013104R	PVT1	chr8	127796070	LINC00974	chr17	41554410	159	52	91	fr
WGC013104R	PVT1	chr8	127794733	WASHC5	chr8	125082466	1	9	4	fr
WGC013104R	PVT1	chr8	127794733	WASHC5	chr8	125083257	10	9	7	fr
WGC013104R	PVT1	chr8	127794733	WASHC5	chr8	125084021	15	9	19	fr
WGC013104R	PVT1	chr8	127796007	WASHC5	chr8	125083257	2	9	1	fr
WGC013104R	PVT1	chr8	127796009	WASHC5	chr8	125084019	4	9	4	fr
WGC013104R	PVT1	chr8	127796072	WASHC5	chr8	125084019	2	9	0	fr
WGC013104R	TMOD1	chr9	97600687	TSTD2	chr9	97602000	1	37	0	rr
WGC013104R	BCDIN3D-AS1	chr12	49840753	BCDIN3D	chr12	49841312	1	27	0	rr
WGC013104R	DPYD	chr1	97546811	SEC63	chr6	107870914	1	5	1	rf
WGC013104R	CSNK2A1	chr20	483663	GALNT18	chr11	11352916	4	67	0	rr
WGC013104R	TRMT13	chr1	100148162	LRRC39	chr1	100149893	2	37	0	rr
WGC013104R	TDRD6	chr6	46703597	PLA2G7	chr6	46704419	1	18	1	rr
WGC013104R	CWC15	chr11	94973513	KDM4D	chr11	94973742	1	44	1	rr
WGC013108R	TULP4	chr6	158314267	RP11-732M18.4	chr6	158312050	19	260	5	ff
WGC013108R	SAR1A	chr10	70163848	CALM2	chr2	47162293	7	211	2	rf
WGC013108R	EIF4B	chr12	53039318	LHFPL3	chr7	104669300	3	111	1	ff
WGC013108R	HSP90B1	chr12	103941524	LRRC28	chr15	99258834	1	12	0	ff
WGC013108R	ZNF765-ZNF761	chr19	53396444	ZNF525	chr19	53366870	1	6	0	ff
WGC013108R	DNM2	chr19	10831496	TMED1	chr19	10832169	2	69	0	rr
WGC013108R	IPO7	chr11	9430969	SPATA13	chr13	24123212	2	25	0	fr
WGC013108R	HNRNPA1L2	chr13	52617681	MRPS31P5	chr13	52193508	1	25	0	fr
WGC013108R	GNAS-AS1	chr20	58850381	GNAS	chr20	58851028	1	43	1	rr
WGC013108R	TM6SF1	chr15	83136172	HDGFL3	chr15	83138210	1	34	0	rr
WGC013108R	CIAPIN1	chr16	57430263	KCTD1	chr18	26600141	2	3	0	rf
WGC013112R	FAM198B	chr4	158171385	LOC285505	chr4	158199171	2	7	0	rr
WGC013112R	SAR1A	chr10	70163850	CALM2	chr2	47162291	3	68	1	rf
WGC013112R	RPS24	chr10	78037269	GPC3	chrX	133671252	4	187	0	ff
WGC013112R	CCNC	chr6	99568190	RP1-199J3.7	chr6	99568888	1	40	1	rr
WGC013112R	HNRNPR	chr1	23311280	MLLT10	chr10	21625168	5	2	0	ff
WGC013112R	AC133644.2	chr2	87455214	CYTOR	chr2	87457323	2	81	0	rr
WGC013118R	TULP4	chr6	158314265	RP11-732M18.4	chr6	158312048	14	137	2	ff
WGC013118R	ST7	chr7	116953690	TFEC	chr7	116112037	59	8	42	fr
WGC013118R	ST7	chr7	116955152	TFEC	chr7	116112037	4	8	2	fr
WGC013118R	BDNF-AS	chr11	27581781	RPS25	chr11	119018049	1	12	0	fr
WGC013118R	HNRNPR	chr1	23311280	MLLT10	chr10	21625168	2	6	0	ff
WGC013118R	RP11-847H18.2	chr12	34032137	ALG10B	chr12	38326469	1	44	0	rr
WGC013118R	ZRANB1	chr10	124943306	RP11-298J20.4	chr10	124940373	9	120	5	ff
WGC013118R	ENO1	chr1	8867147	EDARADD	chr1	236483706	1	6	0	rf
WGC013138R	TULP4	chr6	158314267	RP11-732M18.4	chr6	158312050	16	141	3	ff
WGC013138R	CTD-2583A14.10	chr19	57819944	ZNF552	chr19	57813419	15	2	11	fr
WGC013138R	ZRANB1	chr10	124943306	RP11-298J20.4	chr10	124940373	3	134	2	ff
WGC013138R	HSP90B1	chr12	103943314	LRRC28	chr15	99259629	1	19	0	ff
WGC013138R	PABPC1	chr8	100703268	RLIM	chrX	74583098	1	4	1	rr
WGC013138R	GTF3C6	chr6	110962439	NUP62CL	chrX	107131826	4	6	2	ff
WGC013138R	BTF3	chr5	73505476	SENP7	chr3	101457297	2	4	0	fr
WGC013138R	H3F3B	chr17	75778495	H3F3C	chr12	31791899	2	48	0	rr
WGC013138R	H3F3B	chr17	75779080	H3F3C	chr12	31792191	1	48	1	rr
WGC013138R	GAPDH	chr12	6537132	ZNF609	chr15	64529322	1	4	1	rf
WGC013138R	RB1	chr13	48327751	PCNP	chr3	101593098	1	8	0	rf
WGC013138R	TPT1	chr13	45340035	FLJ44635	chrX	72160119	1	17	1	rf
WGC013138R	LRRC28	chr15	99258606	HSP90B1	chr12	103938340	1	32	0	ff
WGC013138R	LINC01317	chr2	33840067	SLC25A5	chrX	119471056	1	6	1	rf
WGC013138R	KLRB1	chr12	9606352	LOC374443	chr12	9617350	1	13	0	rr
WGC013138R	AC024704.2	chr2	113830851	LOC101060091	chr2	113831584	1	11	0	rr
WGC013138R	LOC101927124	chr14	31445534	DTD2	chr14	31447549	2	65	0	rr
WGC013138R	HNRNPR	chr1	23311280	MLLT10	chr10	21625168	4	5	0	ff
WGC013142R	BAIAP3	chr16	1349421	TSR3	chr16	1350171	1	32	0	rr
WGC013142R	ZRANB1	chr10	124943306	RP11-298J20.4	chr10	124940373	2	83	5	ff
WGC013142R	RACK1	chr5	181239091	FER	chr5	108785226	1	6	0	rf
WGC013142R	TULP4	chr6	158314267	RP11-732M18.4	chr6	158312050	21	138	6	ff
WGC013142R	RASAL2-AS1	chr1	178093904	RASAL2	chr1	178094134	1	45	0	rr
WGC013142R	AC024704.2	chr2	113830851	LOC101060091	chr2	113831584	9	9	1	rr
WGC013142R	EVI2B	chr17	31303931	EVI2A	chr17	31318378	1	40	0	rr
WGC013142R	CHST5	chr16	75531575	TMEM231	chr16	75545953	9	13	10	rr
WGC013142R	RP11-1096G20.5	chr17	11977247	ZNF18	chr17	11978743	1	22	1	rr
WGC013142R	CLUAP1	chr16	3538379	NLRC3	chr16	3539698	2	44	0	rr
WGC013144R	EZR	chr6	158789287	STAC2	chr17	39218172	4	2	3	rr
WGC013144R	TULP4	chr6	158314267	RP11-732M18.4	chr6	158312050	17	111	7	ff
WGC013144R	RPS14	chr5	150446879	MINOS1-NBL1	chr1	19608408	2	5	1	rf
WGC013144R	PKD2L2	chr5	137941943	FAM13B	chr5	137943215	3	112	0	rr
WGC013144R	LOC101929140	chr13	41170857	CALM2	chr2	47161843	1	10	0	rr
WGC013144R	AC024704.2	chr2	113830851	LOC101060091	chr2	113831584	6	9	2	rr
WGC013144R	PTENP1	chr9	33676566	PTEN	chr10	87864295	1	7	0	rf
WGC013144R	SETSIP	chr1	92075095	SET	chr9	128692618	1	13	1	rf
WGC013144R	RP11-47A8.5	chr10	102644119	TRIM8	chr10	102644503	1	30	1	rr
WGC013144R	GCDH	chr19	12894273	RPS6	chr9	19378486	1	8	1	fr
WGC013144R	LRRC28	chr15	99258606	HSP90B1	chr12	103938340	1	22	0	ff
WGC013144R	TYMS	chr18	657907	CLUL1	chr18	649669	2	21	0	ff
WGC013144R	TBCA	chr5	77785677	ACTB	chr7	5527718	1	23	0	rf
WGC013144R	KLRB1	chr12	9606351	LOC374443	chr12	9617349	1	9	1	rr
WGC013144R	ENO1	chr1	8867213	EDARADD	chr1	236483394	2	20	0	rf
WGC013158R	ZRANB1	chr10	124943306	RP11-298J20.4	chr10	124940373	4	88	5	ff
WGC013158R	CTD-2583A14.10	chr19	57819944	ZNF552	chr19	57813419	5	2	3	fr
WGC013158R	RPL24	chr3	101681126	CNPY3-GNMT	chr6	42956659	1	15	0	rr
WGC013158R	TULP4	chr6	158314267	RP11-732M18.4	chr6	158312050	23	126	4	ff
WGC013158R	SOD2-OT1	chr6	159762025	ACAT2	chr6	159767096	1	47	0	rr
WGC013158R	UBAC2	chr13	99215446	H2AFZ	chr4	99949352	2	4	0	ff
WGC013158R	TMEM133	chr11	100992300	ARHGAP42	chr11	100991769	2	86	0	ff
WGC013158R	CSDE1	chr1	114718677	ZNF354C	chr5	179082733	2	5	0	rr
WGC013158R	LINC01588	chr14	50007077	LINC01599	chr14	50007418	1	26	0	rr
WGC013158R	SLC9A3R1	chr17	74768746	NAT9	chr17	74770687	2	96	0	rr
WGC013160R	UBXN11	chr1	26318002	CD52	chr1	26318555	1	38	0	rr
WGC013160R	HNRNPR	chr1	23311280	MLLT10	chr10	21625168	12	3	0	ff
WGC013160R	RP11-295P9.13	chr10	13631135	PRPF18	chr10	13630620	2	54	0	ff
WGC013160R	R3HCC1L	chr10	98244486	LOXL4	chr10	98248532	1	37	0	rr
WGC013160R	MALAT1	chr11	65500525	MT-CYB	chrM	15283	1	4	1	rf
WGC013160R	FANCI	chr15	89316728	POLG	chr15	89317462	2	77	0	rr
WGC013160R	ABHD2	chr15	89201903	VAPA	chr18	9914265	1	13	1	rf
WGC013160R	STUB1	chr16	681917	JMJD8	chr16	683005	2	96	0	rr
WGC013160R	CHST5	chr16	75531575	TMEM231	chr16	75545953	25	28	23	rr
WGC013160R	ABI3	chr17	49223195	PHOSPHO1	chr17	49223534	1	26	0	rr
WGC013160R	AC024704.2	chr2	113830851	LOC101060091	chr2	113831584	2	7	0	rr
WGC013160R	TUBGCP6	chr22	50244347	HDAC10	chr22	50245283	2	90	0	rr
WGC013160R	PCOLCE2	chr3	142827575	RPL8	chr8	144789902	1	7	0	rr
WGC013160R	TULP4	chr6	158314267	RP11-732M18.4	chr6	158312050	8	65	0	ff
WGC013160R	TMSB4X	chrX	12976842	SLC27A4	chr9	128342311	2	54	2	ff
WGC013166R	ZRANB1	chr10	124943306	RP11-298J20.4	chr10	124940373	4	157	2	ff
WGC013166R	HBG2	chr11	5299005	OR51B4	chr11	5301054	1	13	0	rr
WGC013166R	DDB2	chr11	47238053	ACP2	chr11	47240248	2	88	0	rr
WGC013166R	MALAT1	chr11	65500574	MT-ATP6	chrM	8937	1	6	0	rf
WGC013166R	MALAT1	chr11	65500762	MT-CO1	chrM	6483	2	6	0	rf
WGC013166R	MALAT1	chr11	65504986	MT-ND5	chrM	12463	2	6	0	rf
WGC013166R	MT-ND6	chrM	14150	MALAT1	chr11	65505661	1	5	0	rf
WGC013166R	MT-ND6	chrM	14536	MALAT1	chr11	65502184	1	5	0	rf
WGC013166R	DSTNP2	chr12	6885285	DSTN	chr20	17607845	1	5	0	ff
WGC013166R	HECTD4	chr12	112267319	RN7SK	chr6	52995839	1	4	0	rf
WGC013166R	KIF9-AS1	chr3	47227945	KIF9	chr3	47228748	2	28	0	rr
WGC013166R	SRP19	chr5	112891600	REEP5	chr5	112893635	2	98	0	rr
WGC013166R	TBCA	chr5	77785671	ACTB	chr7	5528300	1	4	0	rf
WGC013166R	TULP4	chr6	158314267	RP11-732M18.4	chr6	158312050	29	183	2	ff
WGC013166R	KB-1507C5.4	chr8	102978954	AZIN1-AS1	chr8	102977586	1	28	0	ff
WGC013166R	RP4-564M11.2	chr1	77068839	ST6GALNAC5	chr1	77044200	7	2	4	ff
WGC013166R	RP4-564M11.2	chr1	77068842	ST6GALNAC5	chr1	77062974	2	98	3	ff
WGC013170R	MLXIP	chr12	122079265	TMEM120B	chr12	121743628	39	2	19	ff
WGC013170R	ST14	chr11	130160059	APLP2	chr11	130140397	9	2	1	ff
WGC013170R	FAM90A1	chr12	8226308	FAM86FP	chr12	8235998	5	154	0	rr
WGC013170R	OPCML	chr11	132942929	NTM	chr11	132146301	2	3	0	rf
WGC013170R	C15orf48	chr15	45430957	RP11-519G16.5	chr15	45433599	2	38	0	rr
WGC013170R	DPY19L3	chr19	32411371	PEPD	chr19	33493336	19	2	10	fr
WGC013170R	MARK4	chr19	45271707	ZC3H4	chr19	47094607	35	3	15	fr
WGC013170R	MARK4	chr19	45278041	ZC3H4	chr19	47094607	11	3	3	fr
WGC013170R	MARK4	chr19	45278614	ZC3H4	chr19	47094607	50	3	28	fr
WGC013170R	SMARCC1	chr3	47693240	MAP4	chr3	47857511	25	2	28	rr
WGC013170R	UBXN7	chr3	196431278	UBXN7-AS1	chr3	196431549	1	23	0	rr
WGC013170R	KIAA0825	chr5	94569713	MT-CYB	chrM	14971	1	4	1	rr
WGC013170R	GTF3C6	chr6	110967734	NUP62CL	chrX	107131892	1	4	0	rr
WGC013170R	LINC01138	chr1	148436587	FAM91A1	chr8	123806125	1	22	0	ff
WGC013170R	TMEM86A	chr11	18703995	IGSF22	chr11	18705323	2	43	0	rr
WGC013172R	TULP4	chr6	158314265	RP11-732M18.4	chr6	158312048	7	61	2	ff
WGC013172R	ZNF37A	chr10	38095628	ZNF37BP	chr10	42551461	1	17	0	fr
WGC013172R	RP11-686D22.8	chr17	35409588	SLFN12	chr17	35411121	1	32	0	rr
WGC013174R	COMMD10	chr5	116134067	CTC-339F2.2	chr5	116303682	3	5	0	rr
WGC013174R	COMMD10	chr5	116291516	CTC-339F2.2	chr5	116303682	110	209	50	rr
WGC013174R	TULP4	chr6	158314267	RP11-732M18.4	chr6	158312050	12	68	2	ff
WGC013174R	LOC100507557	chr6	145864387	SHPRH	chr6	145894976	3	3	0	rr
WGC013174R	STAG3L4	chr7	67309714	LRP2	chr2	169216429	8	2	9	fr
WGC013174R	SNORD14C	chr11	123059346	RPPH1	chr14	20343336	5	2	0	rr
WGC013174R	NACA	chr12	56714601	NACAP1	chr8	101368969	2	30	2	rf
WGC013174R	CTC-471J1.8	chr19	52143192	RPL37	chr5	40834239	1	21	0	fr
WGC013174R	STARD7	chr2	96195512	STARD7-AS1	chr2	96208522	1	9	0	rr
WGC013174R	ACADM	chr1	75742720	DLST	chr14	74902992	1	8	2	fr
WGC013174R	ARPC3	chr12	110434938	STAU1	chr20	49134843	1	6	0	rf
WGC013174R	EDARADD	chr1	236484132	ENO1	chr1	8863983	1	32	0	fr
WGC013174R	AKAP3	chr12	4635544	RAB5A	chr3	19976097	3	2	0	rf
WGC013174R	NACA2	chr17	61590537	NACA	chr12	56713158	2	13	0	rr
WGC013174R	CD177	chr19	43362621	CTC-490G23.4	chr19	43363668	2	47	0	rr
WGC013174R	LINC00618	chr14	96945381	AL133168.3	chr14	96943516	2	17	0	ff
WGC013174R	RPS3	chr11	75400732	CAGE1	chr6	7339422	2	73	0	fr
WGC013174R	RPS6	chr9	19378397	GCDH	chr19	12894676	1	20	0	rf
WGC013174R	RPS14	chr5	150446879	MINOS1-NBL1	chr1	19608408	2	9	5	rf
WGC013174R	RP11-159L20.2	chr14	30821578	RPL27	chr17	43002745	1	5	0	ff
WGC013174R	CAP1	chr1	40070472	ROBO2	chr3	76434978	3	21	3	ff
WGC013174R	RPLP0P2	chr11	61637347	RPLP0	chr12	120199408	1	4	0	fr
WGC013174R	RPL23	chr17	38850154	RPL23P8	chr7	20827413	2	94	0	rf
WGC013174R	LOC100506747	chr1	203007163	TMEM183A	chr1	203008809	2	96	0	rr
WGC013174R	ZRANB1	chr10	124943306	RP11-298J20.4	chr10	124940373	3	84	4	ff
WGC013174R	SKA3	chr13	21176459	MRPL57	chr13	21177272	2	92	0	rr
WGC013174R	RPLP0	chr12	120198612	RP11-133K1.6	chr15	40312841	1	8	0	rr
WGC013174R	AC004381.7	chr16	20763679	ACSM3	chr16	20764012	1	11	1	rr
WGC013174R	CENPO	chr2	24820725	ADCY3	chr2	24823336	2	91	0	rr
WGC013174R	PCOLCE2	chr3	142827579	RPL8	chr8	144790432	1	9	1	rr
WGC013174R	HMGN3	chr6	79234719	HMGN3-AS1	chr6	79235994	2	15	0	rr
WGC013174R	HNRNPR	chr1	23311280	MLLT10	chr10	21625168	3	8	1	ff
WGC013174R	RPS5	chr19	58387277	DSE	chr6	116258557	2	55	0	rf
WGC013174R	RPS3	chr11	75421834	KLHL35	chr11	75423343	1	14	1	rr
WGC013174R	LRRC28	chr15	99257931	HSP90B1	chr12	103932837	1	11	1	ff
WGC013174R	AC024704.2	chr2	113830851	LOC101060091	chr2	113831584	1	15	0	rr
WGC013174R	PCBP1-AS1	chr2	70102520	MRPL36	chr5	1799791	5	4	0	rf
WGC013176R	RPS14	chr5	150446879	MINOS1-NBL1	chr1	19608408	1	5	3	rf
WGC013176R	ASCC1	chr10	72216088	ANAPC16	chr10	72233216	2	56	0	rr
WGC013176R	RPLP0P2	chr11	61637341	RPLP0	chr12	120199406	1	6	0	fr
WGC013176R	RPLP0P2	chr11	61637341	RPLP0	chr12	120199409	2	6	0	fr
WGC013176R	RP11-540D14.8	chr1	155069781	EFNA4	chr1	155069082	2	33	0	ff
WGC013176R	KLRB1	chr12	9606351	LOC374443	chr12	9617349	1	11	0	rr
WGC013188R	CDK5RAP3	chr17	47973625	RP11-6N17.9	chr17	47951887	173	27	78	ff
WGC013188R	BUB1B	chr15	40202693	RP11-325N19.3	chr15	39924749	1	9	0	ff
WGC013188R	BUB1B	chr15	40202693	RP11-325N19.3	chr15	39925270	6	9	2	ff
WGC013188R	BUB1B	chr15	40202693	RP11-325N19.3	chr15	39925565	79	9	15	ff
WGC013188R	BUB1B	chr15	40202703	RP11-325N19.3	chr15	39924681	4	9	1	ff
WGC013188R	BUB1B	chr15	40202950	RP11-325N19.3	chr15	39923739	1	9	0	ff
WGC013188R	NR6A1	chr9	124733307	SCAI	chr9	125003569	11	2	0	rr
WGC013188R	NSD1	chr5	177288922	ZNF346	chr5	177079379	14	6	10	ff
WGC013188R	CBLC	chr19	44782486	IGSF23	chr19	44635400	2	4	0	ff
WGC013188R	CBLC	chr19	44784400	IGSF23	chr19	44635400	22	4	10	ff
WGC013188R	CBLC	chr19	44784415	IGSF23	chr19	44635399	1	4	0	ff
WGC013188R	CCDC32	chr15	40561980	CBX3	chr7	26201744	5	2	5	rf
WGC013188R	CCDC32	chr15	40562771	CBX3	chr7	26201768	4	2	7	rf
WGC013188R	GLO1	chr6	38682011	DNAH8	chr6	38897775	19	11	13	rr
WGC013188R	PERP	chr6	138092163	NGRN	chr15	90275482	2	18	0	rf
WGC013188R	ZRANB1	chr10	124943306	RP11-298J20.4	chr10	124940373	4	76	2	ff
WGC013188R	SDHAP3	chr5	1593112	LOC728613	chr5	1599826	1	14	0	rr
WGC013188R	TULP4	chr6	158314267	RP11-732M18.4	chr6	158312050	26	167	6	ff
WGC013188R	HEATR5B	chr2	37075484	CEBPZOS	chr2	37203007	6	4	1	rr
WGC013188R	CTD-2152M20.2	chr5	32121494	GOLPH3	chr5	32143879	1	18	0	rr
WGC013188R	NACA	chr12	56714607	NACAP1	chr8	101368962	2	24	2	rf
WGC013188R	RP11-258F1.1	chr17	18183543	ALKBH5	chr17	18206963	1	11	1	rr
WGC013188R	H3F3B	chr17	75779080	H3F3C	chr12	31792191	4	93	0	rr
WGC013188R	DNAJC9	chr10	73245982	ZFYVE26	chr14	67799414	2	4	0	fr
WGC013188R	EIF5	chr14	103342000	ASIP	chr20	34200671	1	6	1	ff
WGC013188R	ADIPOR2	chr12	1757914	RPS4X	chrX	72276214	1	7	0	rr
WGC013188R	RP11-33O4.2	chr2	219161440	SLC23A3	chr2	219162157	2	58	0	rr
WGC013188R	TEX9	chr15	56443429	MNS1	chr15	56446942	1	45	0	rr
WGC013188R	TMEM133	chr11	100992542	ARHGAP42	chr11	100991235	2	56	0	ff
WGC013188R	KHDC1	chr6	73292910	EIF3E	chr8	108228362	1	4	0	fr
WGC013188R	EGFL7	chr9	136672529	AGPAT2	chr9	136673483	2	39	0	rr
WGC013198R	RPPH1	chr14	20343380	MT-ND2	chrM	5301	1	4	0	ff
WGC013198R	TULP4	chr6	158314265	RP11-732M18.4	chr6	158312048	14	136	4	ff
WGC013198R	ARHGAP26	chr5	142902038	CTC-458G6.4	chr5	92843676	10	3	0	ff
WGC013198R	GOLGA3	chr12	132825938	RPS11	chr19	49497948	3	127	0	ff
WGC013198R	UQCRB	chr8	96231841	NBDY	chrX	56737304	2	10	0	ff
WGC013198R	NACA2	chr17	61590538	NACA	chr12	56713140	2	6	0	rr
WGC013198R	CCNJL	chr5	160258522	UQCRB	chr8	96231843	1	4	0	fr
WGC013198R	RPL5	chr1	92833640	POLB	chr8	42342455	1	4	0	fr
WGC013198R	TPT1	chr13	45339529	FLJ44635	chrX	72160330	1	23	0	rf
WGC013198R	KCTD21-AS1	chr11	78173514	KCTD21	chr11	78174241	1	43	0	rr
WGC013198R	A2M-AS1	chr12	9067759	A2M	chr12	9091331	2	14	0	rr
WGC013198R	GOLGA3	chr12	132825699	RPS11	chr19	49497576	2	6	0	rr
WGC013198R	RPL19	chr17	39203026	CATIP-AS2	chr2	218354290	19	5	6	ff
WGC013198R	PPIL2	chr22	21696789	YPEL1	chr22	21698069	2	73	0	rr
WGC013198R	RP11-313E19.2	chr4	176683184	VEGFC	chr4	176683739	1	28	0	rr
WGC013198R	PHYHIPL	chr10	59245950	FAM13C	chr10	59246898	1	23	0	rr
WGC013198R	BCL2L1	chr20	31665518	ABALON	chr20	31723135	2	9	0	rr
WGC013198R	SRP19	chr5	112877759	REEP5	chr5	112902424	2	12	0	rr
WGC013198R	RP1-15D23.2	chr1	173039219	TNFSF18	chr1	173041332	1	32	0	rr
WGC013198R	TYMS	chr18	671420	ENOSF1	chr18	674404	2	62	0	rr
WGC013198R	SSBP4	chr19	18434544	ISYNA1	chr19	18434835	2	51	0	rr
WGC013198R	CSDE1	chr1	114717107	ZNF354C	chr5	179082729	1	9	0	rr
WGC013198R	RNR2	chrM	3183	MT-TL1	chrM	3238	1	16	1	rf
WGC013198R	RP11-1096G20.5	chr17	11977246	ZNF18	chr17	11978742	1	24	1	rr
WGC013198R	RP3-417O22.3	chr6	96792593	GPR63	chr6	96794629	1	40	1	rr
WGC013199R	RPS3	chr11	75405670	CAGE1	chr6	7339419	1	37	0	fr
WGC013199R	MALAT1	chr11	65503738	MT-ND5	chrM	12459	2	3	0	rf
WGC013199R	RPLP0	chr12	120198648	RP11-133K1.6	chr15	40313049	1	6	1	ff
WGC013199R	CERNA1	chr15	52196362	MYO5C	chr15	52205931	1	28	0	rr
WGC013199R	GCC2-AS1	chr2	108534053	LIMS3-LOC440895	chr2	110468253	1	4	1	fr
WGC013199R	AC024704.2	chr2	113830851	LOC101060091	chr2	113831584	2	7	1	rr
WGC013199R	RPS21	chr20	62387322	TAPT1-AS1	chr4	16256497	1	9	0	rf
WGC013199R	TTC3P1	chrX	75742500	TTC3	chr21	37166444	2	4	0	rf
WGC013199R	RPL24	chr3	101681123	CNPY3-GNMT	chr6	42956729	2	14	0	rr
WGC013199R	RPL24	chr3	101681144	CNPY3-GNMT	chr6	42956735	1	14	0	rr
WGC013199R	EVC	chr4	5813514	CRMP1	chr4	5828585	2	33	0	rr
WGC013199R	ABCC10	chr6	43450147	DLK2	chr6	43450360	2	70	0	rr
WGC013199R	TULP4	chr6	158314267	RP11-732M18.4	chr6	158312050	16	106	3	ff
WGC013199R	PABPC1	chr8	100705607	RLIM	chrX	74583323	1	6	0	rr
WGC013199R	RNR2	chrM	3183	MT-TL1	chrM	3238	1	11	0	rf
WGC013199R	SAR1A	chr10	70163850	CALM2	chr2	47162291	9	421	2	rf
WGC013202R	RNR2	chrM	3183	MT-TL1	chrM	3238	2	21	0	rf
WGC013202R	HIST2H2AC	chr1	149887314	HIST2H2AB	chr1	149887551	1	50	0	rr
WGC013203R	TULP4	chr6	158314267	RP11-732M18.4	chr6	158312050	88	443	15	ff
WGC013203R	HNRNPLL	chr2	38591529	CD79A	chr19	41878989	160	7	69	rf
WGC013203R	CREBBP	chr16	3810602	HDAC9	chr7	18496261	40	2	21	rf
WGC013203R	RPPH1	chr14	20343388	MT-ND2	chrM	5309	1	5	1	ff
WGC013203R	SLK	chr10	103993132	NEURL1	chr10	103589513	27	4	9	ff
WGC013203R	SLK	chr10	103993132	NEURL1	chr10	103590133	1	4	0	ff
WGC013203R	DNAH12	chr3	57542039	SLMAP	chr3	57757848	15	8	9	rr
WGC013203R	KB-1507C5.4	chr8	102978954	AZIN1-AS1	chr8	102977586	2	59	0	ff
WGC013203R	FZD6	chr8	103300283	ATP6V1C1	chr8	103040797	10	2	2	ff
WGC013203R	DCAKD	chr17	45030091	FMNL1	chr17	45235558	12	3	3	rr
WGC013203R	ZRANB1	chr10	124943306	RP11-298J20.4	chr10	124940373	12	127	2	ff
WGC013203R	SBF2-AS1	chr11	9809005	SBF2	chr11	9812530	2	66	0	rr
WGC013203R	MCFD2	chr2	46941697	TTC7A	chr2	46950474	1	37	0	rr
WGC013203R	SUZ12P1	chr17	30792439	CRLF3	chr17	30804107	1	28	0	rr
WGC013203R	KCNE1B	chr21	7818626	SON	chr21	33552585	25	5	1	rr
WGC013203R	KCNE1B	chr21	7820146	SON	chr21	33551288	1	5	0	rr
WGC013203R	ANKRD12	chr18	9136964	AGR2	chr7	16801802	47	12	34	fr
WGC013203R	ANKRD12	chr18	9136974	AGR2	chr7	16801802	3	12	1	fr
WGC013203R	ANKRD12	chr18	9137095	AGR2	chr7	16801802	11	12	7	fr
WGC013203R	ANKRD12	chr18	9137265	AGR2	chr7	16801802	3	12	1	fr
WGC013203R	ANKRD12	chr18	9137430	AGR2	chr7	16801802	1	12	1	fr
WGC013203R	ANKRD12	chr18	9137872	AGR2	chr7	16801802	5	12	3	fr
WGC013203R	CTD-2192J16.17	chr19	12524795	ZNF564	chr19	12528695	1	46	1	rr
WGC013203R	C5orf49	chr5	7851444	FASTKD3	chr5	7862055	1	27	0	rr
WGC013203R	NPLOC4	chr17	81636915	NOTUM	chr17	81953266	16	2	4	rr
WGC013203R	KDM2B	chr12	121580931	RP13-941N14.1	chr12	121581194	1	9	0	rr
WGC013203R	CAP1	chr1	40070472	ROBO2	chr3	76434978	5	18	6	ff
WGC013203R	EDARADD	chr1	236484789	ENO1	chr1	8861124	1	47	0	fr
WGC013203R	LRRC28	chr15	99259726	HSP90B1	chr12	103946832	2	25	0	ff
WGC013203R	RPPH1	chr14	20343256	MT-TH	chrM	12205	1	4	1	rr
WGC013203R	FUCA1	chr1	23854359	LOC100506985	chr1	24539875	11	3	4	rr
WGC013203R	LRP5	chr11	68416526	CES4A	chr16	67003514	6	2	6	ff
WGC013203R	ELL	chr19	18493045	UPF1	chr19	18856299	11	2	3	rr
WGC013203R	RPPH1	chr14	20343325	RMRP	chr9	35657784	1	4	1	rf
WGC013203R	REV3L	chr6	111472011	FYN	chr6	111709059	1	4	1	rr
WGC013203R	REV3L	chr6	111472012	FYN	chr6	111709228	7	4	3	rr
WGC013203R	LINC00618	chr14	96945381	AL133168.3	chr14	96943516	2	12	2	ff
WGC013203R	CERNA1	chr15	52204899	MYO5C	chr15	52208642	1	46	0	rr
WGC013203R	CTB-89H12.4	chr5	149494473	PPARGC1B	chr5	149847917	2	3	0	rr
WGC013203R	RWDD4	chr4	183645594	SRPK2	chr7	105302052	3	20	1	fr
WGC013203R	TJP3	chr19	3750770	APBA3	chr19	3752989	1	25	0	rr
WGC013203R	ZFYVE9	chr1	52160437	ADH5	chr4	99071663	1	5	0	ff
WGC013203R	OBSCN-AS1	chr1	228213584	OBSCN	chr1	228214222	1	15	1	rr
WGC013205R	ZRANB1	chr10	124943306	RP11-298J20.4	chr10	124940373	5	73	3	ff
WGC013205R	LRRC28	chr15	99258606	HSP90B1	chr12	103938340	1	10	0	ff
WGC013205R	GAPDH	chr12	6537880	ADRA1B	chr5	159950546	2	3	0	rf
WGC013205R	LINC00618	chr14	96945381	AL133168.3	chr14	96943516	2	18	0	ff
WGC013205R	SUZ12P1	chr17	30792439	CRLF3	chr17	30804107	4	26	2	rr
WGC013205R	BOK-AS1	chr2	241558895	BOK	chr2	241559541	2	7	0	rr
WGC013205R	ADNP-AS1	chr20	50940864	DPM1	chr20	50955284	1	31	0	rr
WGC013205R	ADNP-AS1	chr20	50942030	DPM1	chr20	50955284	3	34	0	rr
WGC013205R	TTC3	chr21	37187107	TTC3P1	chrX	75742098	1	5	0	fr
WGC013205R	RPS6	chr9	19378863	TMEM150C	chr4	82495096	1	7	0	rr
WGC013205R	MRS2	chr6	24426077	GPLD1	chr6	24426680	1	43	0	rr
WGC013205R	TULP4	chr6	158314267	RP11-732M18.4	chr6	158312050	17	124	4	ff
WGC013205R	RNR1	chrM	1597	RNR2	chrM	1690	2	8	0	rf
WGC013205R	MT-TV	chrM	1607	RNR2	chrM	1682	1	8	0	rf
WGC013205R	DPYD	chr1	97546494	SEC63	chr6	107881198	1	11	1	rf
WGC013206R	AKR1E2	chr10	4830674	AKR1C2	chr10	4933329	3	3	0	rr
WGC013206R	IFT140	chr16	1579210	LOC105371046	chr16	1580849	1	38	0	rr
WGC013206R	RPL17	chr18	49491778	LRCH3	chr3	197850903	1	18	0	ff
WGC013206R	BUD31	chr7	99419188	ATP5J2-PTCD1	chr7	99423879	2	80	0	rr
WGC013206R	UQCRB	chr8	96231921	NBDY	chrX	56737481	1	12	1	ff
WGC013206R	ENO1	chr1	8863937	EDARADD	chr1	236484383	1	7	0	rf
WGC013206R	H2AFY2	chr10	70098571	AIFM2	chr10	70114264	1	14	0	rr
