WGC013040R	ERBB2	chr17	39688799	ANKRD39	chr2	96854332	11	103	14	ff
WGC013040R	ERBB2	chr17	39690808	ANKRD39	chr2	96852720	405	103	222	ff
WGC013040R	ERBB2	chr17	39690809	ANKRD39	chr2	96852722	5	103	2	ff
WGC013040R	GRB7	chr17	39746168	SEMA4C	chr2	96860341	12	31	3	ff
WGC013040R	GRB7	chr17	39746168	SEMA4C	chr2	96861578	3	31	1	ff
WGC013040R	GRB7	chr17	39746201	SEMA4C	chr2	96860204	67	31	41	ff
WGC013040R	GRB7	chr17	39746201	SEMA4C	chr2	96861048	19	31	10	ff
WGC013040R	GRB7	chr17	39746201	SEMA4C	chr2	96864856	9	31	5	ff
WGC013052R	TULP4	chr6	158314265	RP11-732M18.4	chr6	158312048	24	162	4	ff
WGC013062R	TULP4	chr6	158314265	RP11-732M18.4	chr6	158312048	35	163	15	ff
WGC013084R	TULP4	chr6	158314265	RP11-732M18.4	chr6	158312048	14	47	6	ff
WGC013114R	TULP4	chr6	158314265	RP11-732M18.4	chr6	158312048	31	125	5	ff
WGC013116R	TULP4	chr6	158314265	RP11-732M18.4	chr6	158312048	17	51	2	ff
WGC013164R	TULP4	chr6	158314265	RP11-732M18.4	chr6	158312048	19	111	6	ff
WGC013200R	TULP4	chr6	158314265	RP11-732M18.4	chr6	158312048	14	98	5	ff
WGC017519R	TULP4	chr6	158314265	RP11-732M18.4	chr6	158312048	25	118	3	ff
WGC013040R	TULP4	chr6	158314267	RP11-732M18.4	chr6	158312050	21	218	3	ff
WGC013042R	TULP4	chr6	158314267	RP11-732M18.4	chr6	158312050	23	193	7	ff
WGC013048R	TULP4	chr6	158314267	RP11-732M18.4	chr6	158312050	8	180	1	ff
WGC013054R	TULP4	chr6	158314267	RP11-732M18.4	chr6	158312050	24	219	2	ff
WGC013055R	TULP4	chr6	158314267	RP11-732M18.4	chr6	158312050	17	180	4	ff
WGC013068R	TULP4	chr6	158314267	RP11-732M18.4	chr6	158312050	38	167	7	ff
WGC013070R	TULP4	chr6	158314267	RP11-732M18.4	chr6	158312050	5	139	4	ff
WGC013072R	TULP4	chr6	158314267	RP11-732M18.4	chr6	158312050	35	231	5	ff
WGC013074R	TULP4	chr6	158314267	RP11-732M18.4	chr6	158312050	28	163	4	ff
WGC013076R	TULP4	chr6	158314267	RP11-732M18.4	chr6	158312050	20	168	3	ff
WGC013080R	TULP4	chr6	158314267	RP11-732M18.4	chr6	158312050	6	108	1	ff
WGC013082R	TULP4	chr6	158314267	RP11-732M18.4	chr6	158312050	12	197	4	ff
WGC013096R	TULP4	chr6	158314267	RP11-732M18.4	chr6	158312050	49	259	14	ff
WGC013098R	TULP4	chr6	158314267	RP11-732M18.4	chr6	158312050	11	131	2	ff
WGC013100R	TULP4	chr6	158314267	RP11-732M18.4	chr6	158312050	17	87	1	ff
WGC013102R	TULP4	chr6	158314267	RP11-732M18.4	chr6	158312050	17	223	1	ff
WGC013110R	TULP4	chr6	158314267	RP11-732M18.4	chr6	158312050	10	121	2	ff
WGC013122R	TULP4	chr6	158314267	RP11-732M18.4	chr6	158312050	10	127	2	ff
WGC013124R	TULP4	chr6	158314267	RP11-732M18.4	chr6	158312050	60	310	16	ff
WGC013126R	TULP4	chr6	158314267	RP11-732M18.4	chr6	158312050	19	189	3	ff
WGC013130R	TULP4	chr6	158314267	RP11-732M18.4	chr6	158312050	20	46	2	ff
WGC013132R	TULP4	chr6	158314267	RP11-732M18.4	chr6	158312050	22	74	4	ff
WGC013134R	TULP4	chr6	158314267	RP11-732M18.4	chr6	158312050	37	235	3	ff
WGC013136R	TULP4	chr6	158314267	RP11-732M18.4	chr6	158312050	61	211	12	ff
WGC013140R	TULP4	chr6	158314267	RP11-732M18.4	chr6	158312050	24	181	4	ff
WGC013146R	TULP4	chr6	158314267	RP11-732M18.4	chr6	158312050	28	133	8	ff
WGC013148R	TULP4	chr6	158314267	RP11-732M18.4	chr6	158312050	82	532	18	ff
WGC013152R	TULP4	chr6	158314267	RP11-732M18.4	chr6	158312050	14	172	0	ff
WGC013162R	TULP4	chr6	158314267	RP11-732M18.4	chr6	158312050	25	126	8	ff
WGC013178R	TULP4	chr6	158314267	RP11-732M18.4	chr6	158312050	11	58	2	ff
WGC013180R	TULP4	chr6	158314267	RP11-732M18.4	chr6	158312050	14	153	7	ff
WGC013184R	TULP4	chr6	158314267	RP11-732M18.4	chr6	158312050	27	187	4	ff
WGC013186R	TULP4	chr6	158314267	RP11-732M18.4	chr6	158312050	50	229	3	ff
WGC013190R	TULP4	chr6	158314267	RP11-732M18.4	chr6	158312050	39	328	10	ff
WGC013192R	TULP4	chr6	158314267	RP11-732M18.4	chr6	158312050	41	56	6	ff
WGC013204R	TULP4	chr6	158314267	RP11-732M18.4	chr6	158312050	20	124	6	ff
WGC017518R	TULP4	chr6	158314267	RP11-732M18.4	chr6	158312050	59	104	14	ff
WGC013197R	PABPC1	chr8	100717772	YWHAZ	chr8	100920751	114	9	25	rr
WGC013186R	DAG1	chr3	49510818	FZR1	chr19	3534420	73	3	67	ff
WGC013086R	EZR	chr6	158769924	RSPH3	chr6	158990385	61	7	13	rr
WGC013040R	MYO7B	chr2	127612602	NSRP1	chr17	30172541	407	37	211	ff
WGC013040R	CPD	chr17	30379725	MYO7B	chr2	127596461	255	59	156	ff
WGC013040R	CPD	chr17	30379725	MYO7B	chr2	127605843	692	78	305	ff
WGC013102R	TMEM189-UBE2V1	chr20	50096671	CSNK2A1	chr20	508659	28	2	11	rr
WGC013040R	LOC107133515	chr17	30600185	SEMA4C	chr2	96861736	34	27	35	ff
WGC013040R	LOC107133515	chr17	30601070	SEMA4C	chr2	96861643	157	27	86	ff
WGC013040R	CPD	chr17	30385221	LOC107133515	chr17	30589284	53	214	22	fr
WGC013040R	CPD	chr17	30385235	LOC107133515	chr17	30589284	1591	214	1651	fr
WGC013040R	CPD	chr17	30385235	LOC107133515	chr17	30592045	7	215	35	fr
WGC013040R	CPD	chr17	30385235	LOC107133515	chr17	30602238	3	65	1	fr
WGC013070R	FBN2	chr5	128300816	SLC12A2	chr5	128131066	49	14	24	rf
WGC013040R	LOC107133515	chr17	30604669	JUP	chr17	41755336	80	477	175	ff
WGC013040R	LOC107133515	chr17	30605424	JUP	chr17	41755017	1737	477	2686	ff
WGC013040R	ANKRD39	chr2	96853400	PGAP3	chr17	39686018	381	103	267	rr
WGC013062R	RMST_9	chr12	97561044	RMST	chr12	97492458	8	2	2	ff
WGC013068R	RMST_9	chr12	97561044	RMST	chr12	97492458	22	3	7	ff
WGC013096R	RMST_9	chr12	97561044	RMST	chr12	97492458	88	2	30	ff
WGC013110R	RMST_9	chr12	97561044	RMST	chr12	97492458	27	5	10	ff
WGC013114R	RMST_9	chr12	97561044	RMST	chr12	97492458	19	3	7	ff
WGC013116R	RMST_9	chr12	97561044	RMST	chr12	97492458	27	2	8	ff
WGC013132R	RMST_9	chr12	97561044	RMST	chr12	97492458	14	2	3	ff
WGC013134R	RMST_9	chr12	97561044	RMST	chr12	97492458	48	3	15	ff
WGC013146R	RMST_9	chr12	97561044	RMST	chr12	97492458	28	2	9	ff
WGC013182R	RMST_9	chr12	97561044	RMST	chr12	97492458	12	2	5	ff
WGC013192R	RMST_9	chr12	97561044	RMST	chr12	97492458	18	2	8	ff
WGC013200R	RMST_9	chr12	97561044	RMST	chr12	97492458	38	7	6	ff
WGC017518R	RMST_9	chr12	97561044	RMST	chr12	97492458	35	3	13	ff
WGC017519R	RMST_9	chr12	97561044	RMST	chr12	97492458	50	2	12	ff
WGC013042R	RMST_9	chr12	97561046	RMST	chr12	97492460	35	4	11	ff
WGC013106R	SAMD8	chr10	75168657	MICU1	chr10	72477255	41	4	30	fr
WGC013040R	PVT1	chr8	127794733	PCAT1	chr8	126865427	37	9	20	ff
WGC013040R	PVT1	chr8	127794733	PCAT1	chr8	126877671	180	17	27	ff
WGC013040R	PVT1	chr8	127794733	PCAT1	chr8	127006554	7	5	2	ff
WGC013076R	PVT1	chr8	127794733	CASC21	chr8	127270293	9	4	1	ff
WGC013076R	PVT1	chr8	127794733	CASC21	chr8	127292811	32	4	7	ff
WGC013076R	PVT1	chr8	127794733	CASC21	chr8	127301358	13	4	0	ff
WGC013076R	PVT1	chr8	127794733	CASC21	chr8	127339279	558	35	56	ff
WGC013076R	PVT1	chr8	127796007	CASC21	chr8	127292811	5	4	0	ff
WGC013076R	PVT1	chr8	127796008	CASC21	chr8	127339280	24	35	2	ff
WGC013076R	PVT1	chr8	127796069	CASC21	chr8	127270292	3	4	0	ff
WGC013076R	PVT1	chr8	127796071	CASC21	chr8	127339280	27	35	5	ff
WGC013040R	CPD	chr17	30385235	JUP	chr17	41771858	28	150	21	fr
WGC013040R	CPD	chr17	30385235	JUP	chr17	41771861	868	150	758	fr
WGC013152R	ITCH	chr20	34369469	RALY	chr20	34031521	202	9	2	ff
WGC013152R	ITCH	chr20	34369469	RALY	chr20	34072065	9	2	3	ff
WGC013186R	PDS5A	chr4	39976439	FAH	chr15	80158059	94	7	50	rf
WGC013040R	JUP	chr17	41764712	SEMA4C	chr2	96867769	8	2	7	rf
WGC013072R	ANKMY1	chr2	240487835	RNPEPL1	chr2	240574801	24	4	7	rr
WGC013072R	ANKMY1	chr2	240497042	RNPEPL1	chr2	240574627	26	5	4	rr
WGC013072R	ANKMY1	chr2	240499957	RNPEPL1	chr2	240574578	6	3	1	rr
WGC013040R	JUP	chr17	41755344	LYZ	chr12	69353772	3	2	3	rf
WGC013054R	C10orf76	chr10	102003947	EIF3A	chr10	119056739	92	8	30	rf
WGC013054R	C10orf76	chr10	102013089	EIF3A	chr10	119056739	26	8	9	rf
WGC013032R	MT-TF	chrM	617	RNR1	chrM	732	3	25	0	rf
WGC013152R	ABHD6	chr3	58285452	FLNB	chr3	58081628	71	8	9	ff
WGC013070R	SLC12A2	chr5	128114680	FBN2	chr5	128319000	40	4	17	fr
WGC013082R	KLRB1	chr12	9606352	LOC374443	chr12	9617350	3	17	0	rr
WGC013146R	KLRB1	chr12	9606352	LOC374443	chr12	9617350	3	22	3	rr
WGC013204R	KLRB1	chr12	9606352	LOC374443	chr12	9617350	3	14	2	rr
WGC013040R	RUNX1	chr21	34991605	BACE2	chr21	41168574	8	2	7	rr
WGC013186R	GADD45GIP1	chr19	12954139	CYSTM1	chr5	140243304	6	2	7	rf
WGC013086R	MFHAS1	chr8	8890060	PPP1R3B	chr8	9141675	14	3	3	rr
WGC013186R	MARK2	chr11	63867848	TMEM245	chr9	109050282	31	4	21	ff
WGC013116R	CDR2L	chr17	75002227	TAF6	chr7	100110190	12	3	10	ff
WGC013116R	CDR2L	chr17	75002231	TAF6	chr7	100110190	4	3	3	ff
WGC013192R	C1orf21	chr1	184554406	HMCN1	chr1	186103650	17	5	11	fr
WGC013148R	LPAR1	chr9	110972072	PTBP3	chr9	112297915	5	2	1	rr
WGC013068R	ANKAR	chr2	189728659	OSGEPL1	chr2	189755319	3	3	1	rr
WGC013128R	ANKAR	chr2	189728659	OSGEPL1	chr2	189755319	4	3	3	rr
WGC013200R	ANKAR	chr2	189728659	OSGEPL1	chr2	189755319	5	2	0	rr
WGC013052R	AKR1E2	chr10	4830674	AKR1C6P	chr10	4908419	4	2	3	rr
WGC013122R	AKR1E2	chr10	4830674	AKR1C6P	chr10	4908419	5	2	3	rr
WGC013048R	ZRANB1	chr10	124943306	RP11-298J20.4	chr10	124940373	5	213	0	ff
WGC013050R	ZRANB1	chr10	124943306	RP11-298J20.4	chr10	124940373	7	226	5	ff
WGC013055R	ZRANB1	chr10	124943306	RP11-298J20.4	chr10	124940373	4	108	2	ff
WGC013072R	ZRANB1	chr10	124943306	RP11-298J20.4	chr10	124940373	9	104	2	ff
WGC013096R	ZRANB1	chr10	124943306	RP11-298J20.4	chr10	124940373	4	136	7	ff
WGC013110R	ZRANB1	chr10	124943306	RP11-298J20.4	chr10	124940373	5	108	3	ff
WGC013114R	ZRANB1	chr10	124943306	RP11-298J20.4	chr10	124940373	5	95	3	ff
WGC013116R	ZRANB1	chr10	124943306	RP11-298J20.4	chr10	124940373	6	57	3	ff
WGC013122R	ZRANB1	chr10	124943306	RP11-298J20.4	chr10	124940373	7	96	2	ff
WGC013124R	ZRANB1	chr10	124943306	RP11-298J20.4	chr10	124940373	6	144	0	ff
WGC013128R	ZRANB1	chr10	124943306	RP11-298J20.4	chr10	124940373	4	93	3	ff
WGC013134R	ZRANB1	chr10	124943306	RP11-298J20.4	chr10	124940373	4	136	7	ff
WGC013136R	ZRANB1	chr10	124943306	RP11-298J20.4	chr10	124940373	15	133	7	ff
WGC013140R	ZRANB1	chr10	124943306	RP11-298J20.4	chr10	124940373	13	86	6	ff
WGC013146R	ZRANB1	chr10	124943306	RP11-298J20.4	chr10	124940373	7	115	5	ff
WGC013148R	ZRANB1	chr10	124943306	RP11-298J20.4	chr10	124940373	3	104	3	ff
WGC013180R	ZRANB1	chr10	124943306	RP11-298J20.4	chr10	124940373	3	93	1	ff
WGC013182R	ZRANB1	chr10	124943306	RP11-298J20.4	chr10	124940373	3	124	3	ff
WGC013186R	ZRANB1	chr10	124943306	RP11-298J20.4	chr10	124940373	3	124	1	ff
WGC013190R	ZRANB1	chr10	124943306	RP11-298J20.4	chr10	124940373	16	222	9	ff
WGC013192R	ZRANB1	chr10	124943306	RP11-298J20.4	chr10	124940373	4	33	3	ff
WGC013197R	ZRANB1	chr10	124943306	RP11-298J20.4	chr10	124940373	3	121	0	ff
WGC013200R	ZRANB1	chr10	124943306	RP11-298J20.4	chr10	124940373	6	43	3	ff
WGC013204R	ZRANB1	chr10	124943306	RP11-298J20.4	chr10	124940373	6	73	0	ff
WGC013076R	CASC8	chr8	127398892	PVT1	chr8	127794733	3	4	0	rr
WGC013040R	CCDC32	chr15	40561980	CBX3	chr7	26201744	9	3	10	rf
WGC013054R	CCDC32	chr15	40561980	CBX3	chr7	26201744	4	2	3	rf
WGC013178R	CCDC32	chr15	40561980	CBX3	chr7	26201744	5	3	4	rf
WGC013184R	CCDC32	chr15	40561980	CBX3	chr7	26201744	12	2	7	rf
WGC013040R	CCDC32	chr15	40562771	CBX3	chr7	26201768	6	3	3	rf
WGC013184R	CCDC32	chr15	40562771	CBX3	chr7	26201768	3	2	2	rf
WGC013182R	HNRNPC	chr14	21263981	RPGRIP1	chr14	21350044	8	3	1	rr
WGC013116R	LOC100507557	chr6	145864386	SHPRH	chr6	145894975	4	2	0	rr
WGC017518R	LOC100507557	chr6	145864386	SHPRH	chr6	145894975	14	3	0	rr
WGC013042R	LOC100507557	chr6	145864387	SHPRH	chr6	145894976	8	2	0	rr
WGC013052R	LOC100507557	chr6	145864387	SHPRH	chr6	145894976	9	3	0	rr
WGC013068R	LOC100507557	chr6	145864387	SHPRH	chr6	145894976	22	4	0	rr
WGC013100R	LOC100507557	chr6	145864387	SHPRH	chr6	145894976	4	3	0	rr
WGC013146R	LOC100507557	chr6	145864387	SHPRH	chr6	145894971	3	6	0	rr
WGC013180R	LOC100507557	chr6	145864387	SHPRH	chr6	145894976	3	2	0	rr
WGC013200R	LOC100507557	chr6	145864387	SHPRH	chr6	145894976	15	4	0	rr
WGC013106R	TUT1	chr11	62589028	RAB11FIP3	chr16	461405	5	3	6	rf
WGC013178R	MYO6	chr6	75822850	BMP6	chr6	7845139	7	2	8	ff
WGC013076R	CASC21	chr8	127310672	LINC02532	chr6	106721197	13	2	4	fr
WGC013076R	PVT1	chr8	127794733	CD24	chr6	106971833	13	3	8	fr
WGC013076R	PVT1	chr8	127794733	PDSS2	chr6	107212281	13	3	8	fr
WGC013040R	SSH2	chr17	29777553	RP5-1028K7.2	chr17	40523360	70	12	38	rf
WGC013040R	SSH2	chr17	29777816	RP5-1028K7.2	chr17	40523464	4	12	2	rf
WGC013140R	KLRG1	chr12	9008974	LINC00612	chr12	9058165	5	2	3	rr
WGC013106R	SEMA4B	chr15	90223987	SPINT1	chr15	40857971	37	2	25	ff
WGC013096R	RP4-564M11.2	chr1	77068246	ST6GALNAC5	chr1	77044203	3	3	0	ff
WGC013124R	RP4-564M11.2	chr1	77068839	ST6GALNAC5	chr1	77044200	3	4	3	ff
WGC013132R	RP4-564M11.2	chr1	77068839	ST6GALNAC5	chr1	77062971	4	44	2	ff
WGC013148R	RP4-564M11.2	chr1	77068839	ST6GALNAC5	chr1	77062971	4	59	2	ff
WGC013182R	RP4-564M11.2	chr1	77068839	ST6GALNAC5	chr1	77062971	3	69	1	ff
WGC013200R	RP4-564M11.2	chr1	77068839	ST6GALNAC5	chr1	77062971	3	36	4	ff
WGC013096R	RP4-564M11.2	chr1	77068842	ST6GALNAC5	chr1	77044203	16	3	0	ff
WGC013096R	RP4-564M11.2	chr1	77068842	ST6GALNAC5	chr1	77062974	8	155	8	ff
WGC013190R	RP4-564M11.2	chr1	77068842	ST6GALNAC5	chr1	77062974	3	57	3	ff
WGC017518R	RP4-564M11.2	chr1	77068842	ST6GALNAC5	chr1	77044203	11	4	3	ff
WGC013068R	ZNF818P	chr19	53213668	CTD-2245F17.3	chr19	53210980	3	41	0	ff
WGC013096R	ZNF818P	chr19	53213668	CTD-2245F17.3	chr19	53210980	5	89	2	ff
WGC013130R	ZNF818P	chr19	53213668	CTD-2245F17.3	chr19	53210980	3	66	1	ff
WGC013200R	ZNF818P	chr19	53213668	CTD-2245F17.3	chr19	53210980	7	34	2	ff
WGC017518R	ZNF818P	chr19	53213668	CTD-2245F17.3	chr19	53210980	3	38	2	ff
WGC013204R	ST7	chr7	116953690	CAPZA2	chr7	116916059	232	29	74	ff
WGC017519R	ST7	chr7	116953690	CAPZA2	chr7	116916059	7	2	8	ff
WGC013204R	ST7	chr7	116954678	CAPZA2	chr7	116916059	4	29	1	ff
WGC013204R	ST7	chr7	116955152	CAPZA2	chr7	116916059	22	29	3	ff
WGC017519R	ST7	chr7	116955152	CAPZA2	chr7	116916059	3	2	1	ff
WGC013156R	LINC00529	chr8	11266390	HOOK3	chr8	42959313	18	3	3	rr
WGC013156R	LINC00529	chr8	11267707	HOOK3	chr8	42959313	8	3	2	rr
WGC013086R	SAFB	chr19	5649974	LOC101928844	chr19	5857737	49	2	25	fr
WGC013152R	CASC1	chr12	25145088	MSRA	chr8	10319988	7	3	3	rr
WGC013055R	CHST5	chr16	75531575	TMEM231	chr16	75545953	33	50	27	rr
WGC013122R	CHST5	chr16	75531575	TMEM231	chr16	75545953	27	58	31	rr
WGC013040R	SAMD12	chr8	118580714	SAMD12-AS1	chr8	118724518	4	3	2	rf
WGC013106R	BBS1	chr11	66523881	PACS1	chr11	66211133	22	2	11	ff
WGC013076R	LINC02532	chr6	106723134	CASC21	chr8	127310668	11	2	4	rr
WGC013076R	CREBBP	chr16	3791980	GRIK5	chr19	42042754	23	7	10	rr
WGC013050R	CTD-2583A14.10	chr19	57819944	ZNF552	chr19	57813419	20	4	11	fr
WGC013054R	CTD-2583A14.10	chr19	57819944	ZNF552	chr19	57813419	15	9	7	fr
WGC013072R	CTD-2583A14.10	chr19	57819944	ZNF552	chr19	57813419	9	2	5	fr
WGC013076R	CTD-2583A14.10	chr19	57819944	ZNF552	chr19	57813419	26	12	16	fr
WGC013102R	CTD-2583A14.10	chr19	57819944	ZNF552	chr19	57813419	13	7	7	fr
WGC013130R	CTD-2583A14.10	chr19	57819944	ZNF552	chr19	57813419	6	5	4	fr
WGC013140R	CTD-2583A14.10	chr19	57819944	ZNF552	chr19	57813419	15	3	7	fr
WGC013152R	CTD-2583A14.10	chr19	57819944	ZNF552	chr19	57813419	7	2	2	fr
WGC013186R	CTD-2583A14.10	chr19	57819944	ZNF552	chr19	57813419	9	2	3	fr
WGC013162R	MAP4K5	chr14	50531941	TRIM9	chr14	51010493	18	2	5	rr
WGC013128R	GMDS	chr6	2245320	LUC7L	chr16	206146	12	4	10	rr
WGC013148R	RRN3P2	chr16	29082040	ANK2	chr4	113174415	11	2	1	rf
WGC013096R	CTD-2192J16.17	chr19	12517744	ZNF564	chr19	12528695	4	112	1	rr
WGC013180R	CTD-2192J16.17	chr19	12517744	ZNF564	chr19	12528695	3	122	1	rr
WGC017519R	CTD-2192J16.17	chr19	12517744	ZNF564	chr19	12528695	5	40	1	rr
WGC013136R	CTD-2192J16.17	chr19	12524795	ZNF564	chr19	12528695	4	179	2	rr
WGC013074R	COMMD10	chr5	116291516	CTC-339F2.2	chr5	116303682	3	53	2	rr
WGC013136R	COMMD10	chr5	116291516	CTC-339F2.2	chr5	116303682	3	44	1	rr
WGC013140R	COMMD10	chr5	116291516	CTC-339F2.2	chr5	116303682	4	33	1	rr
WGC013106R	NAXD	chr13	110625277	COL4A2	chr13	110357471	3	2	0	ff
WGC013106R	NAXD	chr13	110627546	COL4A2	chr13	110357471	46	2	2	ff
WGC013106R	DNMT1	chr19	10168329	QRICH2	chr17	76304524	11	3	1	rr
WGC013082R	SAR1A	chr10	70163850	CALM2	chr2	47162291	7	273	4	rf
WGC013082R	RAB30	chr11	83043050	CSMD3	chr8	112616378	12	2	11	rf
WGC013162R	GMDS	chr6	2245320	CLSPN	chr1	35738581	12	3	10	rr
WGC013186R	PTPRF	chr1	43609497	PTPRN2	chr7	157963309	10	2	5	fr
WGC013186R	PTPRF	chr1	43609497	PTPRN2	chr7	157965102	6	2	2	fr
WGC013130R	SCAMP4	chr19	1908634	DNMT1	chr19	10151846	3	3	5	fr
WGC013192R	FDPS	chr1	155312394	NUP210L	chr1	154143576	4	3	1	fr
WGC013197R	LRRC28	chr15	99260001	HSP90B1	chr12	103947325	4	5	0	ff
WGC013180R	RP11-588H23.3	chr12	70507894	PTPRB	chr12	70522629	6	27	1	rr
WGC013076R	ASPH	chr8	61618977	RP11-705O24.1	chr8	61875594	79	2	0	rr
WGC013040R	CPD	chr17	30385145	LOC107133515	chr17	30589148	3	2	0	rf
WGC013126R	WASL	chr7	123694712	XKR4	chr8	55398631	3	2	3	rr
WGC013162R	SH3YL1	chr2	247537	ALKAL2	chr2	280151	4	2	1	rr
WGC013042R	HNRNPR	chr1	23311280	MLLT10	chr10	21625168	9	9	0	ff
WGC013048R	HNRNPR	chr1	23311280	MLLT10	chr10	21625168	13	6	0	ff
WGC013050R	HNRNPR	chr1	23311280	MLLT10	chr10	21625168	9	8	0	ff
WGC013054R	HNRNPR	chr1	23311280	MLLT10	chr10	21625168	13	8	0	ff
WGC013055R	HNRNPR	chr1	23311280	MLLT10	chr10	21625168	13	12	0	ff
WGC013062R	HNRNPR	chr1	23311280	MLLT10	chr10	21625168	5	7	0	ff
WGC013070R	HNRNPR	chr1	23311280	MLLT10	chr10	21625168	8	3	0	ff
WGC013076R	HNRNPR	chr1	23311280	MLLT10	chr10	21625168	8	7	0	ff
WGC013080R	HNRNPR	chr1	23311280	MLLT10	chr10	21625168	9	2	0	ff
WGC013082R	HNRNPR	chr1	23311280	MLLT10	chr10	21625168	9	5	1	ff
WGC013084R	HNRNPR	chr1	23311280	MLLT10	chr10	21625168	3	48	0	ff
WGC013086R	HNRNPR	chr1	23311280	MLLT10	chr10	21625168	7	4	0	ff
WGC013122R	HNRNPR	chr1	23311280	MLLT10	chr10	21625168	5	6	1	ff
WGC013126R	HNRNPR	chr1	23311280	MLLT10	chr10	21625168	9	6	0	ff
WGC013128R	HNRNPR	chr1	23311280	MLLT10	chr10	21625168	3	2	0	ff
WGC013134R	HNRNPR	chr1	23311280	MLLT10	chr10	21625168	5	3	0	ff
WGC013140R	HNRNPR	chr1	23311280	MLLT10	chr10	21625168	7	4	0	ff
WGC013146R	HNRNPR	chr1	23311280	MLLT10	chr10	21625168	15	4	0	ff
WGC013152R	HNRNPR	chr1	23311280	MLLT10	chr10	21625168	7	4	0	ff
WGC013156R	HNRNPR	chr1	23311280	MLLT10	chr10	21625168	8	3	0	ff
WGC013180R	HNRNPR	chr1	23311280	MLLT10	chr10	21625168	11	4	0	ff
WGC013184R	HNRNPR	chr1	23311280	MLLT10	chr10	21625168	4	6	0	ff
WGC017519R	HNRNPR	chr1	23311280	MLLT10	chr10	21625168	6	27	0	ff
WGC013055R	RPS14	chr5	150446879	MINOS1-NBL1	chr1	19608408	3	7	1	rf
WGC017519R	RPS14	chr5	150446879	MINOS1-NBL1	chr1	19608408	3	8	4	rf
WGC013042R	AC024704.2	chr2	113830851	LOC101060091	chr2	113831584	5	13	1	rr
WGC013052R	AC024704.2	chr2	113830851	LOC101060091	chr2	113831584	6	10	1	rr
WGC013098R	AC024704.2	chr2	113830851	LOC101060091	chr2	113831584	3	14	0	rr
WGC013110R	AC024704.2	chr2	113830851	LOC101060091	chr2	113831584	3	15	1	rr
WGC013114R	AC024704.2	chr2	113830851	LOC101060091	chr2	113831584	5	9	1	rr
WGC013122R	AC024704.2	chr2	113830851	LOC101060091	chr2	113831584	4	13	0	rr
WGC013146R	AC024704.2	chr2	113830851	LOC101060091	chr2	113831584	8	7	1	rr
WGC013162R	AC024704.2	chr2	113830851	LOC101060091	chr2	113831584	3	11	0	rr
WGC013180R	AC024704.2	chr2	113830851	LOC101060091	chr2	113831584	5	7	0	rr
WGC013182R	AC024704.2	chr2	113830851	LOC101060091	chr2	113831584	6	9	0	rr
WGC013184R	AC024704.2	chr2	113830851	LOC101060091	chr2	113831584	5	15	0	rr
WGC013190R	AC024704.2	chr2	113830851	LOC101060091	chr2	113831584	3	3	0	rr
WGC013040R	OS9	chr12	57696372	PIP4K2C	chr12	57594024	7	3	3	ff
WGC013116R	CDC6	chr17	40294041	HNF1B	chr17	37743224	5	5	12	fr
WGC013126R	FBXL20	chr17	39401360	GSDMB	chr17	39912496	23	2	12	rr
WGC013070R	NACA	chr12	56714601	NACAP1	chr8	101368969	4	11	1	rf
WGC013110R	NACA	chr12	56714601	NACAP1	chr8	101368969	3	21	1	rf
WGC013136R	NACA	chr12	56714601	NACAP1	chr8	101368969	3	42	3	rf
WGC013126R	FBXO28	chr1	224114395	CAPN2	chr1	223744099	14	3	6	ff
WGC013192R	PTPRJ	chr11	47981005	EXT2	chr11	44171608	7	2	1	ff
WGC017519R	CHMP5	chr9	33271211	SLC9A7	chrX	46725514	4	15	0	fr
WGC013055R	H3F3B	chr17	75779080	H3F3C	chr12	31792191	3	84	3	rr
WGC013126R	H3F3B	chr17	75779080	H3F3C	chr12	31792191	3	44	1	rr
WGC013040R	HNF4A	chr20	44355852	JUP	chr17	41771861	154	26	82	fr
WGC013182R	MACC1	chr7	20161747	LOC101927811	chr7	20328855	4	3	0	rr
WGC013182R	MACC1	chr7	20161747	LOC101927811	chr7	20329512	5	3	0	rr
WGC013156R	PKD2L2	chr5	137941943	FAM13B	chr5	137943215	3	115	0	rr
WGC013200R	PKD2L2	chr5	137941943	FAM13B	chr5	137943215	3	60	3	rr
WGC013204R	IPO7	chr11	9446851	SPATA13	chr13	24122293	3	5	0	fr
WGC013146R	HIST2H2AC	chr1	149887294	HIST2H2AB	chr1	149887552	16	526	0	rr
WGC013146R	HIST2H2AC	chr1	149887314	HIST2H2AB	chr1	149887551	11	526	0	rr
WGC013192R	RPS21	chr20	62388306	TAPT1-AS1	chr4	16256427	3	5	0	rf
WGC013086R	HID1	chr17	74972590	SLC16A5	chr17	75098037	7	2	3	rf
WGC013050R	ROR1	chr1	63843488	CFL1	chr11	65855995	4	2	0	ff
WGC013152R	NOL9	chr1	6544824	KCNJ15	chr21	38263400	3	2	2	rr
WGC013076R	PCBD2	chr5	134927096	MT-ND4	chrM	11787	4	147	1	fr
WGC013152R	PABPC1	chr8	100703268	RLIM	chrX	74583098	3	12	0	rr
WGC013076R	ZYG11B	chr1	52772591	RPS13	chr11	17077458	3	148	0	ff
WGC013086R	LOC101929140	chr13	41170981	CALM2	chr2	47162292	3	4	0	ff
WGC013134R	LOC101929140	chr13	41170981	CALM2	chr2	47162292	3	8	0	ff
WGC013162R	EFNA3	chr1	155079068	S100A10	chr1	151986250	29	2	13	fr
WGC013128R	LDHA	chr11	18399443	DNAH6	chr2	84777994	3	6	0	rf
WGC013040R	LOC107133515	chr17	30602732	CPD	chr17	30387997	421	7	4	ff
WGC013040R	LOC107984974	chr17	31010656	CPD	chr17	30387997	421	3	4	ff
WGC013062R	RP11-47A8.5	chr10	102644125	TRIM8	chr10	102644508	3	52	1	rr
WGC013074R	NACA2	chr17	61590542	NACA	chr12	56713161	4	6	0	rr
WGC013122R	CAP1	chr1	40070472	ROBO2	chr3	76434978	5	14	3	ff
WGC013126R	CAP1	chr1	40070472	ROBO2	chr3	76434978	4	12	4	ff
WGC013156R	CAP1	chr1	40070472	ROBO2	chr3	76434978	5	8	5	ff
WGC013162R	CAP1	chr1	40070472	ROBO2	chr3	76434978	4	35	4	ff
WGC013082R	FAM90A1	chr12	8226441	FAM86FP	chr12	8235995	4	29	0	rr
WGC013040R	IWS1	chr2	127510333	SSH2	chr17	29778963	59	2	24	rr
WGC013048R	CCNJL	chr5	160258521	UQCRB	chr8	96231827	3	2	0	fr
WGC013146R	RP11-159L20.2	chr14	30821496	RPL27	chr17	43000002	4	2	3	rr
WGC013106R	PTPN12	chr7	77637047	CCDC146	chr7	77282556	24	2	10	ff
WGC013040R	ANKRD39	chr2	96854332	SEMA4C	chr2	96863925	3	2	4	rf
WGC013106R	APP	chr21	25954589	ZBTB21	chr21	41994107	42	3	8	rr
WGC013122R	RPLP0P2	chr11	61637341	RPLP0	chr12	120199406	3	2	1	fr
WGC013050R	ANP32C	chr4	164197382	ANP32A	chr15	68787481	5	4	0	rr
WGC013100R	RP11-1096G20.5	chr17	11977247	ZNF18	chr17	11978743	4	17	0	rr
WGC013102R	ZNF577	chr19	51887828	ZNF649-AS1	chr19	51888597	4	158	0	rr
WGC013062R	RPL19	chr17	39203029	CATIP-AS2	chr2	218354293	8	5	6	ff
WGC013034R	FMNL3	chr12	49676361	CLEC16A	chr16	11024918	3	2	4	rr
WGC013058R	LOC105371730	chr17	32142728	ORMDL3	chr17	39924219	31	6	17	fr
WGC013058R	LOC105371730	chr17	32142728	ORMDL3	chr17	39924224	43	6	25	fr
WGC013058R	PGAP3	chr17	39687833	ERBB2	chr17	39688695	27	2	9	rf
WGC013058R	BMP2K	chr4	78912088	PAQR3	chr4	78913358	3	114	0	rr
WGC013058R	TULP4	chr6	158314267	RP11-732M18.4	chr6	158312050	9	123	2	ff
WGC013094R	FLNB	chr3	58008855	SLMAP	chr3	57907883	87	3	13	ff
WGC013094R	FLNB	chr3	58008855	SLMAP	chr3	57909075	7	3	2	ff
WGC013094R	FLNB	chr3	58061438	SLMAP	chr3	57903943	56	4	7	ff
WGC013094R	THOC2	chrX	123628808	STAG2	chrX	124040580	88	9	29	rr
WGC013094R	THOC2	chrX	123630742	STAG2	chrX	124037622	9	9	0	rr
WGC013094R	PRRC2C	chr1	171577636	CHRM3	chr1	239492708	16	4	12	ff
WGC013094R	CKAP2L	chr2	112740817	CCDC148	chr2	158250911	15	2	3	rr
WGC013094R	SAR1A	chr10	70163850	CALM2	chr2	47162291	7	265	4	rf
WGC013094R	NIT2	chr3	100346254	CMSS1	chr3	100166334	16	2	4	ff
WGC013094R	PKP4	chr2	158457217	NT5DC4	chr2	112721817	22	2	15	ff
WGC013094R	PKP4	chr2	158458305	NT5DC4	chr2	112721816	10	2	8	ff
WGC013094R	SLC35B3	chr6	8416883	TNR	chr1	175391437	5	3	5	rr
WGC013094R	TAX1BP1	chr7	27814630	JAZF1	chr7	27833730	3	59	1	rr
WGC013094R	COG8	chr16	69328637	TERF2	chr16	69361488	9	2	0	rr
WGC013104R	PVT1	chr8	127794733	LINC00974	chr17	41552536	7	52	1	fr
WGC013104R	PVT1	chr8	127794733	LINC00974	chr17	41554410	842	52	434	fr
WGC013104R	PVT1	chr8	127796007	LINC00974	chr17	41554410	147	52	63	fr
WGC013104R	PVT1	chr8	127796070	LINC00974	chr17	41554410	159	52	91	fr
WGC013104R	PVT1	chr8	127794733	WASHC5	chr8	125083257	10	9	7	fr
WGC013104R	PVT1	chr8	127794733	WASHC5	chr8	125084021	15	9	19	fr
WGC013104R	PVT1	chr8	127796009	WASHC5	chr8	125084019	4	9	4	fr
WGC013104R	CSNK2A1	chr20	483663	GALNT18	chr11	11352916	4	67	0	rr
WGC013108R	TULP4	chr6	158314267	RP11-732M18.4	chr6	158312050	19	260	5	ff
WGC013108R	SAR1A	chr10	70163848	CALM2	chr2	47162293	7	211	2	rf
WGC013108R	EIF4B	chr12	53039318	LHFPL3	chr7	104669300	3	111	1	ff
WGC013112R	SAR1A	chr10	70163850	CALM2	chr2	47162291	3	68	1	rf
WGC013112R	RPS24	chr10	78037269	GPC3	chrX	133671252	4	187	0	ff
WGC013112R	HNRNPR	chr1	23311280	MLLT10	chr10	21625168	5	2	0	ff
WGC013118R	TULP4	chr6	158314265	RP11-732M18.4	chr6	158312048	14	137	2	ff
WGC013118R	ST7	chr7	116953690	TFEC	chr7	116112037	59	8	42	fr
WGC013118R	ST7	chr7	116955152	TFEC	chr7	116112037	4	8	2	fr
WGC013118R	ZRANB1	chr10	124943306	RP11-298J20.4	chr10	124940373	9	120	5	ff
WGC013138R	TULP4	chr6	158314267	RP11-732M18.4	chr6	158312050	16	141	3	ff
WGC013138R	CTD-2583A14.10	chr19	57819944	ZNF552	chr19	57813419	15	2	11	fr
WGC013138R	ZRANB1	chr10	124943306	RP11-298J20.4	chr10	124940373	3	134	2	ff
WGC013138R	GTF3C6	chr6	110962439	NUP62CL	chrX	107131826	4	6	2	ff
WGC013138R	HNRNPR	chr1	23311280	MLLT10	chr10	21625168	4	5	0	ff
WGC013142R	TULP4	chr6	158314267	RP11-732M18.4	chr6	158312050	21	138	6	ff
WGC013142R	AC024704.2	chr2	113830851	LOC101060091	chr2	113831584	9	9	1	rr
WGC013142R	CHST5	chr16	75531575	TMEM231	chr16	75545953	9	13	10	rr
WGC013144R	EZR	chr6	158789287	STAC2	chr17	39218172	4	2	3	rr
WGC013144R	TULP4	chr6	158314267	RP11-732M18.4	chr6	158312050	17	111	7	ff
WGC013144R	PKD2L2	chr5	137941943	FAM13B	chr5	137943215	3	112	0	rr
WGC013144R	AC024704.2	chr2	113830851	LOC101060091	chr2	113831584	6	9	2	rr
WGC013158R	ZRANB1	chr10	124943306	RP11-298J20.4	chr10	124940373	4	88	5	ff
WGC013158R	CTD-2583A14.10	chr19	57819944	ZNF552	chr19	57813419	5	2	3	fr
WGC013158R	TULP4	chr6	158314267	RP11-732M18.4	chr6	158312050	23	126	4	ff
WGC013160R	HNRNPR	chr1	23311280	MLLT10	chr10	21625168	12	3	0	ff
WGC013160R	CHST5	chr16	75531575	TMEM231	chr16	75545953	25	28	23	rr
WGC013160R	TULP4	chr6	158314267	RP11-732M18.4	chr6	158312050	8	65	0	ff
WGC013166R	ZRANB1	chr10	124943306	RP11-298J20.4	chr10	124940373	4	157	2	ff
WGC013166R	TULP4	chr6	158314267	RP11-732M18.4	chr6	158312050	29	183	2	ff
WGC013166R	RP4-564M11.2	chr1	77068839	ST6GALNAC5	chr1	77044200	7	2	4	ff
WGC013170R	MLXIP	chr12	122079265	TMEM120B	chr12	121743628	39	2	19	ff
WGC013170R	ST14	chr11	130160059	APLP2	chr11	130140397	9	2	1	ff
WGC013170R	FAM90A1	chr12	8226308	FAM86FP	chr12	8235998	5	154	0	rr
WGC013170R	DPY19L3	chr19	32411371	PEPD	chr19	33493336	19	2	10	fr
WGC013170R	MARK4	chr19	45271707	ZC3H4	chr19	47094607	35	3	15	fr
WGC013170R	MARK4	chr19	45278041	ZC3H4	chr19	47094607	11	3	3	fr
WGC013170R	MARK4	chr19	45278614	ZC3H4	chr19	47094607	50	3	28	fr
WGC013170R	SMARCC1	chr3	47693240	MAP4	chr3	47857511	25	2	28	rr
WGC013172R	TULP4	chr6	158314265	RP11-732M18.4	chr6	158312048	7	61	2	ff
WGC013174R	COMMD10	chr5	116134067	CTC-339F2.2	chr5	116303682	3	5	0	rr
WGC013174R	COMMD10	chr5	116291516	CTC-339F2.2	chr5	116303682	110	209	50	rr
WGC013174R	TULP4	chr6	158314267	RP11-732M18.4	chr6	158312050	12	68	2	ff
WGC013174R	LOC100507557	chr6	145864387	SHPRH	chr6	145894976	3	3	0	rr
WGC013174R	STAG3L4	chr7	67309714	LRP2	chr2	169216429	8	2	9	fr
WGC013174R	SNORD14C	chr11	123059346	RPPH1	chr14	20343336	5	2	0	rr
WGC013174R	AKAP3	chr12	4635544	RAB5A	chr3	19976097	3	2	0	rf
WGC013174R	CAP1	chr1	40070472	ROBO2	chr3	76434978	3	21	3	ff
WGC013174R	ZRANB1	chr10	124943306	RP11-298J20.4	chr10	124940373	3	84	4	ff
WGC013174R	HNRNPR	chr1	23311280	MLLT10	chr10	21625168	3	8	1	ff
WGC013174R	PCBP1-AS1	chr2	70102520	MRPL36	chr5	1799791	5	4	0	rf
WGC013188R	CDK5RAP3	chr17	47973625	RP11-6N17.9	chr17	47951887	173	27	78	ff
WGC013188R	BUB1B	chr15	40202693	RP11-325N19.3	chr15	39925270	6	9	2	ff
WGC013188R	BUB1B	chr15	40202693	RP11-325N19.3	chr15	39925565	79	9	15	ff
WGC013188R	BUB1B	chr15	40202703	RP11-325N19.3	chr15	39924681	4	9	1	ff
WGC013188R	NR6A1	chr9	124733307	SCAI	chr9	125003569	11	2	0	rr
WGC013188R	NSD1	chr5	177288922	ZNF346	chr5	177079379	14	6	10	ff
WGC013188R	CBLC	chr19	44784400	IGSF23	chr19	44635400	22	4	10	ff
WGC013188R	CCDC32	chr15	40561980	CBX3	chr7	26201744	5	2	5	rf
WGC013188R	CCDC32	chr15	40562771	CBX3	chr7	26201768	4	2	7	rf
WGC013188R	GLO1	chr6	38682011	DNAH8	chr6	38897775	19	11	13	rr
WGC013188R	ZRANB1	chr10	124943306	RP11-298J20.4	chr10	124940373	4	76	2	ff
WGC013188R	TULP4	chr6	158314267	RP11-732M18.4	chr6	158312050	26	167	6	ff
WGC013188R	HEATR5B	chr2	37075484	CEBPZOS	chr2	37203007	6	4	1	rr
WGC013188R	H3F3B	chr17	75779080	H3F3C	chr12	31792191	4	93	0	rr
WGC013198R	TULP4	chr6	158314265	RP11-732M18.4	chr6	158312048	14	136	4	ff
WGC013198R	ARHGAP26	chr5	142902038	CTC-458G6.4	chr5	92843676	10	3	0	ff
WGC013198R	GOLGA3	chr12	132825938	RPS11	chr19	49497948	3	127	0	ff
WGC013198R	RPL19	chr17	39203026	CATIP-AS2	chr2	218354290	19	5	6	ff
WGC013199R	TULP4	chr6	158314267	RP11-732M18.4	chr6	158312050	16	106	3	ff
WGC013199R	SAR1A	chr10	70163850	CALM2	chr2	47162291	9	421	2	rf
WGC013203R	TULP4	chr6	158314267	RP11-732M18.4	chr6	158312050	88	443	15	ff
WGC013203R	HNRNPLL	chr2	38591529	CD79A	chr19	41878989	160	7	69	rf
WGC013203R	CREBBP	chr16	3810602	HDAC9	chr7	18496261	40	2	21	rf
WGC013203R	SLK	chr10	103993132	NEURL1	chr10	103589513	27	4	9	ff
WGC013203R	DNAH12	chr3	57542039	SLMAP	chr3	57757848	15	8	9	rr
WGC013203R	FZD6	chr8	103300283	ATP6V1C1	chr8	103040797	10	2	2	ff
WGC013203R	DCAKD	chr17	45030091	FMNL1	chr17	45235558	12	3	3	rr
WGC013203R	ZRANB1	chr10	124943306	RP11-298J20.4	chr10	124940373	12	127	2	ff
WGC013203R	KCNE1B	chr21	7818626	SON	chr21	33552585	25	5	1	rr
WGC013203R	ANKRD12	chr18	9136964	AGR2	chr7	16801802	47	12	34	fr
WGC013203R	ANKRD12	chr18	9136974	AGR2	chr7	16801802	3	12	1	fr
WGC013203R	ANKRD12	chr18	9137095	AGR2	chr7	16801802	11	12	7	fr
WGC013203R	ANKRD12	chr18	9137265	AGR2	chr7	16801802	3	12	1	fr
WGC013203R	ANKRD12	chr18	9137872	AGR2	chr7	16801802	5	12	3	fr
WGC013203R	NPLOC4	chr17	81636915	NOTUM	chr17	81953266	16	2	4	rr
WGC013203R	CAP1	chr1	40070472	ROBO2	chr3	76434978	5	18	6	ff
WGC013203R	FUCA1	chr1	23854359	LOC100506985	chr1	24539875	11	3	4	rr
WGC013203R	LRP5	chr11	68416526	CES4A	chr16	67003514	6	2	6	ff
WGC013203R	ELL	chr19	18493045	UPF1	chr19	18856299	11	2	3	rr
WGC013203R	REV3L	chr6	111472012	FYN	chr6	111709228	7	4	3	rr
WGC013203R	RWDD4	chr4	183645594	SRPK2	chr7	105302052	3	20	1	fr
WGC013205R	ZRANB1	chr10	124943306	RP11-298J20.4	chr10	124940373	5	73	3	ff
WGC013205R	SUZ12P1	chr17	30792439	CRLF3	chr17	30804107	4	26	2	rr
WGC013205R	ADNP-AS1	chr20	50942030	DPM1	chr20	50955284	3	34	0	rr
WGC013205R	TULP4	chr6	158314267	RP11-732M18.4	chr6	158312050	17	124	4	ff
WGC013206R	AKR1E2	chr10	4830674	AKR1C2	chr10	4933329	3	3	0	rr
