   SW   perc perc perc  query                     position in query    matching     repeat             position in repeat
score   div. del. ins.  sequence                  begin end   (left)   repeat       class/family     begin  end    (left)  ID

 2469    6.9  1.3  0.3  chr1-9318190-9320823        854  1157 (1477) C AluY         SINE/Alu            (4)    307      1   1  
  711   10.3  0.1 12.8  chr10-18847502-18849499       1  1979   (19) + (GAATG)n     Satellite             1   1728    (0)   2  
  259   21.5  3.3  0.6  chr10-5639915-5640699       126   765   (20) + GA-rich      Low_complexity        1    657    (0)   3  
  302   21.8  1.9  3.9  chr11-43029385-43030491     187   538  (569) + GA-rich      Low_complexity        1    344    (0)   4  
  302   21.8  1.9  3.9  chr11-43029385-43030491     661   870  (237) + GA-rich      Low_complexity      470    670    (0)   5  
  302   21.8  1.9  3.9  chr11-43029385-43030491    1031  1049   (58) + polypurine   Low_complexity      829    846    (0)   6  
 1825    1.5  0.0  0.0  chr12-83629137-83629991      45   269  (586) C AluY         SINE/Alu            (0)    311     86   7  
  222   25.6  3.3  0.0  chr15-27551291-27551927       1   634    (3) + (AT)n        Simple_repeat         1    655    (0)   8  
  384    8.1 14.3  0.5  chr16-32131032-32132000       4   968    (1) + A-rich       Low_complexity        1   1098    (0)   9  
  569    9.6 13.3  0.4  chr16-33075001-33076446       1  1440    (6) + A-rich       Low_complexity        1   1624    (0)  10  
  264   24.5  1.8  2.5  chr16-34176017-34176816      30   766   (34) + GA-rich      Low_complexity        1    732    (0)  11  
 2139    9.8  0.0  0.7  chr16-56841599-56842773      57   341  (834) + AluSc5       SINE/Alu              3    285   (24)  12  
  231    7.8 14.1  0.3  chr17-25292927-25293500      10   570    (4) + A-rich       Low_complexity        1    638    (0)  13  
  690    8.4  0.6  6.1  chr2-131200906-131201498     93   593    (0) + HSAT5        Satellite             1    473    (0)  14  
   17   24.7  0.0  3.9  chr2-59385001-59385580        1    54  (526) + G-rich       Low_complexity        1     52    (0)  15 *
  223   14.6  4.6  3.8  chr2-59385001-59385580       31   576    (4) + GA-rich      Low_complexity        1    550    (0)  16  
  292   11.0  0.0  8.3  chr2-87634859-87635486        3   625    (3) + (CCAG)n      Simple_repeat         1    575    (0)  17  
  126   29.4  3.5  2.7  chr2-92263261-92263814       24   539   (15) + GA-rich      Low_complexity        1    520    (0)  18  
  156   30.1  2.6  3.0  chr5-1562045-1562769          2   695   (30) + (CACA)n      Simple_repeat         1    691    (0)  19  
  269   12.0  2.0  0.0  chr6-1358112-1359033          1    50  (872) + Tigger2b_Pri DNA/TcMar-Tigger    853    903  (165)  20  
  566   17.8  4.0  0.0  chr7-1167190-1168674         32   132 (1353) C AluJb        SINE/Alu            (5)    307    203  21  
  312   19.3  7.0  0.0  chr7-1167190-1168674        168   224 (1261) C AluYk2       SINE/Alu           (49)    262    202  22  
  247   20.4  8.1  3.3  chr7-1167190-1168674        179   264 (1221) + SVA_B        Retroposon/SVA      299    388  (995)  23 *
  318   17.5  7.0  0.0  chr7-1167190-1168674        214   270 (1215) C AluYk2       SINE/Alu           (49)    262    202  24  
  312   19.3  7.0  0.0  chr7-1167190-1168674        260   316 (1169) C AluYk2       SINE/Alu           (49)    262    202  25 *
  327   17.5  7.0  0.0  chr7-1167190-1168674        306   362 (1123) C AluYk2       SINE/Alu           (49)    262    202  26  
  323   20.3  3.4  0.0  chr7-1167190-1168674        352   410 (1075) C AluYk3       SINE/Alu           (49)    262    202  27 *
  314   20.6  5.5  0.0  chr7-1167190-1168674        390   462 (1023) C Alu          SINE/Alu           (29)    273    197  28 *
  327   17.5  7.0  0.0  chr7-1167190-1168674        446   502  (983) C AluYk2       SINE/Alu           (49)    262    202  29 *
  342   15.8  7.0  0.0  chr7-1167190-1168674        492   548  (937) C AluYk2       SINE/Alu           (49)    262    202  30  
  238   20.4  8.1  3.3  chr7-1167190-1168674        503   588  (897) + SVA_B        Retroposon/SVA      299    388  (995)  31 *
  342   15.8  7.0  0.0  chr7-1167190-1168674        538   594  (891) C AluYk2       SINE/Alu           (49)    262    202  32  
  324   17.5  7.0  0.0  chr7-1167190-1168674        584   640  (845) C AluYk3       SINE/Alu           (49)    262    202  33 *
  324   17.5  7.0  0.0  chr7-1167190-1168674        630   686  (799) C AluYk3       SINE/Alu           (49)    262    202  34  
  324   17.5  7.0  0.0  chr7-1167190-1168674        676   732  (753) C AluYk3       SINE/Alu           (49)    262    202  35  
  312   19.3  7.0  0.0  chr7-1167190-1168674        722   778  (707) C AluYk2       SINE/Alu           (49)    262    202  36 *
  324   17.5  7.0  0.0  chr7-1167190-1168674        768   824  (661) C AluYk3       SINE/Alu           (49)    262    202  37  
  324   17.5  7.0  0.0  chr7-1167190-1168674        814   870  (615) C AluYk3       SINE/Alu           (49)    262    202  38  
  324   17.5  7.0  0.0  chr7-1167190-1168674        860   916  (569) C AluYk3       SINE/Alu           (49)    262    202  39  
  312   19.3  7.0  0.0  chr7-1167190-1168674        906   962  (523) C AluYk2       SINE/Alu           (49)    262    202  40 *
  228   21.6  8.1  3.3  chr7-1167190-1168674        917  1002  (483) + SVA_B        Retroposon/SVA      299    388  (995)  41 *
  324   17.5  7.0  0.0  chr7-1167190-1168674        952  1008  (477) C AluYk3       SINE/Alu           (49)    262    202  42 *
  342   15.8  7.0  0.0  chr7-1167190-1168674        998  1054  (431) C AluYk2       SINE/Alu           (49)    262    202  43  
  324   17.5  7.0  0.0  chr7-1167190-1168674       1044  1100  (385) C AluYk3       SINE/Alu           (49)    262    202  44 *
  312   19.3  7.0  0.0  chr7-1167190-1168674       1090  1146  (339) C AluYk2       SINE/Alu           (49)    262    202  45 *
  226   23.8  6.8  4.4  chr7-1167190-1168674       1101  1188  (297) + SVA_B        Retroposon/SVA      299    388  (995)  46 *
  326   20.3  3.4  0.0  chr7-1167190-1168674       1136  1194  (291) C AluYk2       SINE/Alu           (49)    262    202  47 *
  402   18.8  2.9  0.0  chr7-1167190-1168674       1174  1242  (243) C AluYc        SINE/Alu           (39)    260    190  48  
  369   20.3  2.9  0.0  chr7-1167190-1168674       1222  1290  (195) C AluYc        SINE/Alu           (39)    260    190  49 *
  309   21.9  5.5  0.0  chr7-1167190-1168674       1270  1342  (143) C Alu          SINE/Alu           (29)    273    197  50 *
  323   20.3  3.4  0.0  chr7-1167190-1168674       1326  1384  (101) C AluYk3       SINE/Alu           (49)    262    202  51 *
  376   20.3  2.9  0.0  chr7-1167190-1168674       1364  1432   (53) C AluYc        SINE/Alu           (39)    260    190  52  
  314   20.6  5.5  0.0  chr7-1167190-1168674       1412  1484    (1) C Alu          SINE/Alu           (29)    273    197  53 *
  229   22.9  0.0  0.0  chr8-4980334-4980872         96   143  (396) C L1PA11       LINE/L1            (55)   6119   6072  54  
  229   22.9  0.0  0.0  chr8-4980334-4980872        128   175  (364) C L1PA11       LINE/L1            (55)   6119   6072  54 *
  230   21.7  0.0  0.0  chr8-4980334-4980872        162   207  (332) C L1PA11       LINE/L1            (57)   6117   6072  54 *
  234   22.9  0.0  0.0  chr8-4980334-4980872        192   239  (300) C L1PA11       LINE/L1            (55)   6119   6072  54  
  230   21.7  0.0  0.0  chr8-4980334-4980872        226   271  (268) C L1PA11       LINE/L1            (57)   6117   6072  54 *
  234   22.9  0.0  0.0  chr8-4980334-4980872        256   303  (236) C L1PA11       LINE/L1            (55)   6119   6072  54  
  230   21.7  0.0  0.0  chr8-4980334-4980872        290   335  (204) C L1PA11       LINE/L1            (57)   6117   6072  54 *
  234   22.9  0.0  0.0  chr8-4980334-4980872        320   367  (172) C L1PA11       LINE/L1            (55)   6119   6072  54 *
  246   19.6  0.0  0.0  chr8-4980334-4980872        354   399  (140) C L1PA11       LINE/L1            (57)   6117   6072  54  
  230   21.7  0.0  0.0  chr8-4980334-4980872        482   527   (12) C L1PA11       LINE/L1            (57)   6117   6072  55  
 1626   10.6  4.0  0.0  chr8-71352294-71354409       23   248 (1868) + AluSc8       SINE/Alu             77    311    (0)  56  
 1611   10.1 11.8  0.4  chr8-71352294-71354409      268   505 (1611) + AluSx        SINE/Alu              9    273   (39)  57  
  275   33.6  5.7  0.5  chr8-71352294-71354409      508   817 (1299) + GA-rich      Low_complexity        1    323    (0)  58  
  275   33.6  5.7  0.5  chr8-71352294-71354409     1168  1550  (566) + GA-rich      Low_complexity      690   1098    (0)  59  
  275   33.6  5.7  0.5  chr8-71352294-71354409     1883  2111    (5) + GA-rich      Low_complexity     1448   1688    (0)  60  
  932   12.6  1.6  0.0  chr8-96092185-96093061      725   851   (26) C AluJo        SINE/Alu          (183)    129      1  61  
  788   12.2  9.5  1.8  chr9-67351501-67353500        1  1995    (5) + A-rich       Low_complexity        1   2147    (0)  62  
  230   16.4  6.6  2.0  chr9-70354509-70355131        2   620    (3) + (ATGAA)n     Simple_repeat         1    647    (0)  63  
  260   27.9  3.6  1.0  chrY-14409519-14410491        5   939   (34) + GA-rich      Low_complexity        1    959    (0)  64  
