chr10	38875501	38877500 ; chr10	38875443	38876802	Satellite
chr10	38875501	38877500 ; chr10	38876824	38876996	Satellite
chr10	38875501	38877500 ; chr10	38877022	38877329	Satellite
chr10	38875501	38877500 ; chr10	38877337	38877393	LINE
chr10	38875501	38877500 ; chr10	38877393	38878509	Satellite
chr10	38877001	38879000 ; chr10	38877022	38877329	Satellite
chr10	38877001	38879000 ; chr10	38877337	38877393	LINE
chr10	38877001	38879000 ; chr10	38877393	38878509	Satellite
chr10	38877001	38879000 ; chr10	38878475	38878651	Simple_repeat
chr10	38877001	38879000 ; chr10	38878651	38879440	Satellite
chr10	38883002	38885000 ; chr10	38882684	38883055	Satellite
chr10	38883002	38885000 ; chr10	38883093	38884154	Satellite
chr10	38883002	38885000 ; chr10	38884203	38884926	Satellite
chr10	38883002	38885000 ; chr10	38884942	38887406	Satellite
chr10	38886001	38888000 ; chr10	38884942	38887406	Satellite
chr10	38886001	38888000 ; chr10	38887420	38888341	Satellite
chr10	38887501	38888832 ; chr10	38887420	38888341	Satellite
chr10	38887501	38888832 ; chr10	38888355	38888829	Satellite
chr10	38887501	38888832 ; chr10	38888830	38890034	LINE
chr10	42384001	42386000 ; chr10	42383225	42384162	Satellite
chr10	42384001	42386000 ; chr10	42384181	42385776	Satellite
chr10	42384001	42386000 ; chr10	42385801	42386924	Satellite
chr10	42385501	42387500 ; chr10	42384181	42385776	Satellite
chr10	42385501	42387500 ; chr10	42385801	42386924	Satellite
chr10	42385501	42387500 ; chr10	42386941	42388075	Satellite
chr10	42393001	42395000 ; chr10	42390898	42393252	Satellite
chr10	42393001	42395000 ; chr10	42393284	42393435	Satellite
chr10	42393001	42395000 ; chr10	42393447	42394425	Satellite
chr10	42393001	42395000 ; chr10	42394444	42394649	Satellite
chr10	42393001	42395000 ; chr10	42394675	42395169	Satellite
chr10	42394501	42396500 ; chr10	42394444	42394649	Satellite
chr10	42394501	42396500 ; chr10	42394675	42395169	Satellite
chr10	42394501	42396500 ; chr10	42395195	42395352	Satellite
chr10	42394501	42396500 ; chr10	42395369	42395522	Satellite
chr10	42394501	42396500 ; chr10	42395547	42397290	Satellite
chr10	42596688	42597500 ; chr10	42596696	42597046	Satellite
chr10	42596688	42597500 ; chr10	42597077	42598516	Satellite
chr10	42600001	42602000 ; chr10	42598546	42601361	Satellite
chr10	42600001	42602000 ; chr10	42601388	42602082	Satellite
chr16	33880501	33882500 ; chr16	33879861	33880662	Satellite
chr16	33880501	33882500 ; chr16	33880693	33882129	Satellite
chr16	33880501	33882500 ; chr16	33882154	33882320	Satellite
chr16	33880501	33882500 ; chr16	33882337	33883744	Satellite
chr16	33882001	33884000 ; chr16	33880693	33882129	Satellite
chr16	33882001	33884000 ; chr16	33882154	33882320	Satellite
chr16	33882001	33884000 ; chr16	33882337	33883744	Satellite
chr16	33882001	33884000 ; chr16	33883764	33884358	Satellite
chr16	34183501	34185500 ; chr16	34182925	34183574	Satellite
chr16	34183501	34185500 ; chr16	34183571	34183665	Satellite
chr16	34183501	34185500 ; chr16	34183701	34184022	Satellite
chr16	34183501	34185500 ; chr16	34184033	34184344	Satellite
chr16	34183501	34185500 ; chr16	34184362	34184584	Satellite
chr16	34183501	34185500 ; chr16	34184595	34185033	Satellite
chr16	34183501	34185500 ; chr16	34185050	34187438	Satellite
chr16	34188002	34190000 ; chr16	34187471	34188279	Satellite
chr16	34188002	34190000 ; chr16	34188306	34189122	Satellite
chr16	34188002	34190000 ; chr16	34189141	34189373	Satellite
chr16	34188002	34190000 ; chr16	34189392	34189816	Satellite
chr16	34188002	34190000 ; chr16	34189851	34191598	Satellite
chr16	34189501	34191500 ; chr16	34189392	34189816	Satellite
chr16	34189501	34191500 ; chr16	34189851	34191598	Satellite
chr16	34191001	34193000 ; chr16	34189851	34191598	Satellite
chr16	34191001	34193000 ; chr16	34191624	34191778	Satellite
chr16	34191001	34193000 ; chr16	34191819	34191967	Satellite
chr16	34191001	34193000 ; chr16	34191983	34192327	Satellite
chr16	34191001	34193000 ; chr16	34192349	34192920	Satellite
chr16	34191001	34193000 ; chr16	34192932	34193711	Satellite
chr16	34194001	34196000 ; chr16	34193751	34195072	Satellite
chr16	34194001	34196000 ; chr16	34195102	34195272	Satellite
chr16	34194001	34196000 ; chr16	34195291	34197030	Satellite
chr16	34195501	34197056 ; chr16	34195291	34197030	Satellite
chr16	46385804	46386500 ; chr16	46385803	46387773	Satellite
chr16	46386001	46388000 ; chr16	46385803	46387773	Satellite
chr16	46386001	46388000 ; chr16	46387836	46388158	Satellite
chr16	46389001	46391000 ; chr16	46388185	46389860	Satellite
chr16	46389001	46391000 ; chr16	46389886	46391517	Satellite
chr16	46392001	46393999 ; chr16	46391548	46392353	Satellite
chr16	46392001	46393999 ; chr16	46392368	46392508	Satellite
chr16	46392001	46393999 ; chr16	46392538	46392696	Satellite
chr16	46392001	46393999 ; chr16	46392732	46393612	Satellite
chr16	46392001	46393999 ; chr16	46393675	46393997	Satellite
chr16	46395001	46397000 ; chr16	46394532	46398167	Satellite
chr16	46408501	46410500 ; chr16	46408145	46409519	Satellite
chr16	46408501	46410500 ; chr16	46409550	46410632	Satellite
chr16	46410001	46411999 ; chr16	46409550	46410632	Satellite
chr16	46410001	46411999 ; chr16	46410662	46410828	Satellite
chr16	46410001	46411999 ; chr16	46410866	46411337	Satellite
chr16	46410001	46411999 ; chr16	46411355	46412164	Satellite
chr16	46411501	46413500 ; chr16	46411355	46412164	Satellite
chr16	46411501	46413500 ; chr16	46412181	46412219	Satellite
chr16	46411501	46413500 ; chr16	46412256	46412386	Satellite
chr16	46411501	46413500 ; chr16	46412403	46413122	Satellite
chr16	46411501	46413500 ; chr16	46413185	46413507	Satellite
chr16	46413001	46415000 ; chr16	46412403	46413122	Satellite
chr16	46413001	46415000 ; chr16	46413185	46413507	Satellite
chr16	46413001	46415000 ; chr16	46413534	46413703	Satellite
chr16	46413001	46415000 ; chr16	46413729	46414195	Satellite
chr16	46413001	46415000 ; chr16	46414223	46414861	Satellite
chr16	46413001	46415000 ; chr16	46414899	46415370	Satellite
chr16	46414501	46416495 ; chr16	46414223	46414861	Satellite
chr16	46414501	46416495 ; chr16	46414899	46415370	Satellite
chr16	46414501	46416495 ; chr16	46415385	46416197	Satellite
chr16	46414501	46416495 ; chr16	46416214	46417199	Satellite
chr16	46419001	46421000 ; chr16	46417820	46420108	Satellite
chr16	46419001	46421000 ; chr16	46420139	46423240	Satellite
chr16	46423501	46425500 ; chr16	46423266	46423751	Satellite
chr16	46423501	46425500 ; chr16	46423778	46424100	Satellite
chr16	46423501	46425500 ; chr16	46424163	46425823	Satellite
chr16	46428001	46430000 ; chr16	46427141	46429415	Satellite
chr16	46428001	46430000 ; chr16	46429427	46430088	Satellite
chr16	46432501	46434500 ; chr16	46432199	46436475	Satellite
chr16	46438503	46440500 ; chr16	46438514	46440044	Satellite
chr16	46438503	46440500 ; chr16	46440096	46441777	Satellite
chr16	46440001	46442000 ; chr16	46438514	46440044	Satellite
chr16	46440001	46442000 ; chr16	46440096	46441777	Satellite
chr16	46440001	46442000 ; chr16	46441789	46442396	Satellite
chr16	46443001	46445000 ; chr16	46442944	46443640	Satellite
chr16	46443001	46445000 ; chr16	46443658	46443817	Satellite
chr16	46443001	46445000 ; chr16	46443832	46444311	Satellite
chr16	46443001	46445000 ; chr16	46444329	46447349	Satellite
chr16	46444501	46446500 ; chr16	46444329	46447349	Satellite
chr16	46446001	46448000 ; chr16	46444329	46447349	Satellite
chr16	46446001	46448000 ; chr16	46447392	46447533	Satellite
chr16	46446001	46448000 ; chr16	46447546	46448219	Satellite
chr16	46453501	46455500 ; chr16	46452053	46453599	Satellite
chr16	46453501	46455500 ; chr16	46453634	46454276	Satellite
chr16	46453501	46455500 ; chr16	46454305	46454400	Satellite
chr16	46453501	46455500 ; chr16	46454420	46455434	Satellite
chr16	46453501	46455500 ; chr16	46455457	46455655	Satellite
chr16	46455001	46456622 ; chr16	46454420	46455434	Satellite
chr16	46455001	46456622 ; chr16	46455457	46455655	Satellite
chr16	46455001	46456622 ; chr16	46455684	46455948	Satellite
chr16	46455001	46456622 ; chr16	46455975	46456420	Satellite
chr16	46455001	46456622 ; chr16	46456447	46456584	Satellite
chr2	89832001	89834000 ; chr2	89831778	89833159	Satellite
chr2	89832001	89834000 ; chr2	89833189	89834546	Satellite
chr2	89833501	89835500 ; chr2	89833189	89834546	Satellite
chr2	89833501	89835500 ; chr2	89834582	89834749	Satellite
chr2	89833501	89835500 ; chr2	89834772	89835087	Satellite
chr2	89833501	89835500 ; chr2	89835098	89836463	Satellite
chr2	89835001	89837000 ; chr2	89834772	89835087	Satellite
chr2	89835001	89837000 ; chr2	89835098	89836463	Satellite
chr2	89835001	89837000 ; chr2	89836482	89837109	Satellite
chr2	90371528	90372500 ; chr2	90371527	90372054	Satellite
chr2	90371528	90372500 ; chr2	90372077	90372630	Satellite
chr2	90378001	90380000 ; chr2	90377262	90378475	Satellite
chr2	90378001	90380000 ; chr2	90378498	90379709	Satellite
chr2	90378001	90380000 ; chr2	90379734	90380053	Satellite
chr2	90381001	90383000 ; chr2	90380064	90382405	Satellite
chr2	90381001	90383000 ; chr2	90382417	90383229	Satellite
chr2	91599001	91600998 ; chr2	91598750	91599963	Satellite
chr2	91599001	91600998 ; chr2	91599986	91601197	Satellite
chr2	91602001	91604000 ; chr2	91601552	91603893	Satellite
chr2	91602001	91604000 ; chr2	91603905	91604717	Satellite
chr2	91603501	91605500 ; chr2	91601552	91603893	Satellite
chr2	91603501	91605500 ; chr2	91603905	91604717	Satellite
chr2	91603501	91605500 ; chr2	91604743	91605988	Satellite
chr22	16854001	16856000 ; chr22	16853233	16854766	Satellite
chr22	16854001	16856000 ; chr22	16854793	16855008	Satellite
chr22	16854001	16856000 ; chr22	16855045	16855285	Satellite
chr22	16854001	16856000 ; chr22	16855296	16855597	Satellite
chr22	16854001	16856000 ; chr22	16855597	16855643	LINE
chr22	16854001	16856000 ; chr22	16855650	16855851	Satellite
chr22	16854001	16856000 ; chr22	16855883	16857917	Satellite
chr22	16861501	16862478 ; chr22	16861494	16862475	Satellite
chr22	16861501	16862478 ; chr22	16862476	16863680	LINE
chr7	61054332	61055000 ; chr7	61054334	61055136	Satellite
chr7	61749001	61751000 ; chr7	61748909	61750838	Satellite
chr7	61749001	61751000 ; chr7	61750861	61751695	Satellite
chr7	61750501	61752500 ; chr7	61748909	61750838	Satellite
chr7	61750501	61752500 ; chr7	61750861	61751695	Satellite
chr7	61750501	61752500 ; chr7	61751718	61752241	Satellite
chr7	61750501	61752500 ; chr7	61752257	61752891	Satellite
chr7	61756501	61758500 ; chr7	61756217	61758638	Satellite
chr7	61758001	61759428 ; chr7	61756217	61758638	Satellite
chr7	61758001	61759428 ; chr7	61758667	61759037	Satellite
chr7	61758001	61759428 ; chr7	61759048	61759399	Satellite
chr7	61783501	61785500 ; chr7	61783019	61783640	Satellite
chr7	61783501	61785500 ; chr7	61783667	61784675	Satellite
chr7	61783501	61785500 ; chr7	61784704	61785357	Satellite
chr7	61783501	61785500 ; chr7	61785376	61785847	Satellite
chr7	61786501	61788492 ; chr7	61785865	61788882	Satellite
chr7	61791001	61793000 ; chr7	61790543	61791266	Satellite
chr7	61791001	61793000 ; chr7	61791288	61793132	Satellite
chr7	61792501	61794500 ; chr7	61791288	61793132	Satellite
chr7	61792501	61794500 ; chr7	61793163	61793403	Satellite
chr7	61792501	61794500 ; chr7	61793429	61793583	Satellite
chr7	61792501	61794500 ; chr7	61793606	61796592	Satellite
chr7	61795501	61797500 ; chr7	61793606	61796592	Satellite
chr7	61795501	61797500 ; chr7	61796612	61799509	Satellite
chr7	61801501	61803122 ; chr7	61801217	61802201	Satellite
chr7	61801501	61803122 ; chr7	61802228	61803009	Satellite
chr7	61801501	61803122 ; chr7	61803036	61803114	Satellite
